Ex1 (OOP) Simulator log: stage B1.json,  B1a.csv
0.0,OOP_Ex1_Elevator_Simulator
0.0,Simulated Building, Building [-2,10]
0) ex1.Elevator_A, Elev_, id,0,  speed, 0.5, open: 2.0,  start: 3.0, close: 2.0,  stop: 3.0

0.0,Simulated Period starTime,0.0,  endTime,1104.1840186,  dt,1.0
0.0,Simulated  calls,Elevator log, size: 99
0.0,**** Simulation starts!! ****
17.0,Elevator call,16.95788289,-1,0,1,0, got allocated to elevator, 0
17.0, elevID,0,  pos,0,  cmd, goto,-1
23.0,Elevator call,22.0940563,0,-1,1,0, got allocated to elevator, 0
, elevID,0,  pos,0,  cmd, stop,0
27.0,Elev,0,  arrived at src, 0, Elevator call,22.0940563,0,-1,2,0
27.0, elevID,0,  pos,0,  cmd, goto,-1
39.0,Elev,0,  arrived at src, -1, Elevator call,16.95788289,-1,0,2,0
39.0,Elev,0,  arrived at dest, -1, this call is done!, Elevator call,22.0940563,0,-1,3,0, Done, dt, 16.9059437
39.0, elevID,0,  pos,-1,  cmd, goto,0
51.0,Elev,0,  arrived at dest, 0, this call is done!, Elevator call,16.95788289,-1,0,3,0, Done, dt, 34.04211711
86.0,Elevator call,85.52096662,3,2,1,0, got allocated to elevator, 0
86.0, elevID,0,  pos,0,  cmd, goto,3
92.0,Elevator call,91.21019413,-1,-2,1,0, got allocated to elevator, 0
102.0,Elev,0,  arrived at src, 3, Elevator call,85.52096662,3,2,2,0
102.0, elevID,0,  pos,3,  cmd, goto,2
105.0,Elevator call,104.1370124,0,4,1,0, got allocated to elevator, 0
110.0,Elevator call,109.2135291,-1,0,1,0, got allocated to elevator, 0
114.0,Elev,0,  arrived at dest, 2, this call is done!, Elevator call,85.52096662,3,2,3,0, Done, dt, 28.479033380000004
114.0, elevID,0,  pos,2,  cmd, goto,0
115.0,Elevator call,114.392351,3,0,1,0, got allocated to elevator, 0
125.0,Elevator call,124.425571,0,9,1,0, got allocated to elevator, 0
128.0,Elev,0,  arrived at src, 0, Elevator call,104.1370124,0,4,2,0
128.0,Elev,0,  arrived at src, 0, Elevator call,124.425571,0,9,2,0
128.0, elevID,0,  pos,0,  cmd, goto,-1
131.0,Elevator call,130.0249568,8,10,1,0, got allocated to elevator, 0
131.0,Elevator call,130.2249113,-1,1,1,0, got allocated to elevator, 0
138.0,Elevator call,137.9515274,0,4,1,0, got allocated to elevator, 0
140.0,Elev,0,  arrived at src, -1, Elevator call,91.21019413,-1,-2,2,0
140.0,Elev,0,  arrived at src, -1, Elevator call,109.2135291,-1,0,2,0
140.0,Elev,0,  arrived at src, -1, Elevator call,130.2249113,-1,1,2,0
140.0, elevID,0,  pos,-1,  cmd, goto,-2
144.0,Elevator call,143.9133584,0,6,1,0, got allocated to elevator, 0
152.0,Elev,0,  arrived at dest, -2, this call is done!, Elevator call,91.21019413,-1,-2,3,0, Done, dt, 60.789805869999995
152.0, elevID,0,  pos,-2,  cmd, goto,0
166.0,Elev,0,  arrived at dest, 0, this call is done!, Elevator call,109.2135291,-1,0,3,0, Done, dt, 56.7864709
166.0,Elev,0,  arrived at src, 0, Elevator call,137.9515274,0,4,2,0
166.0,Elev,0,  arrived at src, 0, Elevator call,143.9133584,0,6,2,0
166.0, elevID,0,  pos,0,  cmd, goto,1
170.0,Elevator call,169.7845834,-1,0,1,0, got allocated to elevator, 0
171.0,Elevator call,170.0099621,0,6,1,0, got allocated to elevator, 0
171.0, elevID,0,  pos,0,  cmd, stop,0
172.0,Elevator call,171.2117332,-1,8,1,0, got allocated to elevator, 0
175.0,Elevator call,174.8438515,0,-1,1,0, got allocated to elevator, 0
176.0,Elev,0,  arrived at src, 0, Elevator call,170.0099621,0,6,2,0
176.0,Elev,0,  arrived at src, 0, Elevator call,174.8438515,0,-1,2,0
176.0, elevID,0,  pos,0,  cmd, goto,1
188.0,Elevator call,187.1167862,-1,-2,1,0, got allocated to elevator, 0
188.0,Elevator call,187.7299318,-1,-2,1,0, got allocated to elevator, 0
188.0,Elev,0,  arrived at dest, 1, this call is done!, Elevator call,130.2249113,-1,1,3,0, Done, dt, 57.7750887
188.0, elevID,0,  pos,1,  cmd, goto,3
196.0,Elevator call,195.9086965,0,7,1,0, got allocated to elevator, 0
198.0,Elevator call,197.5359191,-1,1,1,0, got allocated to elevator, 0
202.0,Elev,0,  arrived at src, 3, Elevator call,114.392351,3,0,2,0
202.0, elevID,0,  pos,3,  cmd, goto,4
206.0,Elevator call,205.9895199,-1,0,1,0, got allocated to elevator, 0
214.0,Elev,0,  arrived at dest, 4, this call is done!, Elevator call,104.1370124,0,4,3,0, Done, dt, 109.8629876
214.0,Elev,0,  arrived at dest, 4, this call is done!, Elevator call,137.9515274,0,4,3,0, Done, dt, 76.0484726
214.0, elevID,0,  pos,4,  cmd, goto,6
228.0,Elevator call,227.0798305,-1,5,1,0, got allocated to elevator, 0
228.0,Elev,0,  arrived at dest, 6, this call is done!, Elevator call,143.9133584,0,6,3,0, Done, dt, 84.08664160000001
228.0,Elev,0,  arrived at dest, 6, this call is done!, Elevator call,170.0099621,0,6,3,0, Done, dt, 57.990037900000004
228.0, elevID,0,  pos,6,  cmd, goto,8
232.0,Elevator call,231.5157882,-1,0,1,0, got allocated to elevator, 0
233.0,Elevator call,232.9504362,0,-1,1,0, got allocated to elevator, 0
242.0,Elev,0,  arrived at src, 8, Elevator call,130.0249568,8,10,2,0
242.0, elevID,0,  pos,8,  cmd, goto,9
252.0,Elevator call,251.1044469,-1,-2,1,0, got allocated to elevator, 0
252.0,Elevator call,251.2359335,0,9,1,0, got allocated to elevator, 0
254.0,Elev,0,  arrived at dest, 9, this call is done!, Elevator call,124.425571,0,9,3,0, Done, dt, 129.574429
254.0, elevID,0,  pos,9,  cmd, goto,10
255.0,Elevator call,254.6977153,3,4,1,0, got allocated to elevator, 0
258.0,Elevator call,257.7974435,-1,0,1,0, got allocated to elevator, 0
266.0,Elev,0,  arrived at dest, 10, this call is done!, Elevator call,130.0249568,8,10,3,0, Done, dt, 135.9750432
266.0, elevID,0,  pos,10,  cmd, goto,3
290.0,Elev,0,  arrived at src, 3, Elevator call,254.6977153,3,4,2,0
290.0, elevID,0,  pos,3,  cmd, goto,0
296.0,Elevator call,295.7943357,0,1,1,0, got allocated to elevator, 0
305.0,Elevator call,304.9984388,6,0,1,0, got allocated to elevator, 0
306.0,Elev,0,  arrived at dest, 0, this call is done!, Elevator call,114.392351,3,0,3,0, Done, dt, 191.60764899999998
306.0,Elev,0,  arrived at src, 0, Elevator call,195.9086965,0,7,2,0
306.0,Elev,0,  arrived at src, 0, Elevator call,232.9504362,0,-1,2,0
306.0,Elev,0,  arrived at src, 0, Elevator call,251.2359335,0,9,2,0
306.0,Elev,0,  arrived at src, 0, Elevator call,295.7943357,0,1,2,0
306.0, elevID,0,  pos,0,  cmd, goto,-1
310.0,Elevator call,309.3005383,0,-1,1,0, got allocated to elevator, 0
, elevID,0,  pos,0,  cmd, stop,0
313.0,Elevator call,312.3018556,0,-1,1,0, got allocated to elevator, 0
316.0,Elev,0,  arrived at src, 0, Elevator call,309.3005383,0,-1,2,0
316.0,Elev,0,  arrived at src, 0, Elevator call,312.3018556,0,-1,2,0
316.0, elevID,0,  pos,0,  cmd, goto,-1
317.0,Elevator call,316.0323783,0,-1,1,0, got allocated to elevator, 0
, elevID,0,  pos,0,  cmd, stop,0
320.0,Elevator call,319.905202,6,5,1,0, got allocated to elevator, 0
321.0,Elevator call,320.9760749,-1,0,1,0, got allocated to elevator, 0
322.0,Elevator call,321.370409,7,-1,1,0, got allocated to elevator, 0
326.0,Elev,0,  arrived at src, 0, Elevator call,316.0323783,0,-1,2,0
326.0, elevID,0,  pos,0,  cmd, goto,-1
333.0,Elevator call,332.4267319,0,10,1,0, got allocated to elevator, 0
337.0,Elevator call,336.9304305,-1,0,1,0, got allocated to elevator, 0
338.0,Elev,0,  arrived at src, -1, Elevator call,169.7845834,-1,0,2,0
338.0,Elev,0,  arrived at src, -1, Elevator call,171.2117332,-1,8,2,0
338.0,Elev,0,  arrived at dest, -1, this call is done!, Elevator call,174.8438515,0,-1,3,0, Done, dt, 163.1561485
338.0,Elev,0,  arrived at src, -1, Elevator call,187.1167862,-1,-2,2,0
338.0,Elev,0,  arrived at src, -1, Elevator call,187.7299318,-1,-2,2,0
338.0,Elev,0,  arrived at src, -1, Elevator call,197.5359191,-1,1,2,0
338.0,Elev,0,  arrived at src, -1, Elevator call,205.9895199,-1,0,2,0
338.0,Elev,0,  arrived at src, -1, Elevator call,227.0798305,-1,5,2,0
338.0,Elev,0,  arrived at src, -1, Elevator call,231.5157882,-1,0,2,0
338.0,Elev,0,  arrived at dest, -1, this call is done!, Elevator call,232.9504362,0,-1,3,0, Done, dt, 105.04956379999999
338.0,Elev,0,  arrived at src, -1, Elevator call,251.1044469,-1,-2,2,0
338.0,Elev,0,  arrived at src, -1, Elevator call,257.7974435,-1,0,2,0
338.0,Elev,0,  arrived at dest, -1, this call is done!, Elevator call,309.3005383,0,-1,3,0, Done, dt, 28.699461699999972
338.0,Elev,0,  arrived at dest, -1, this call is done!, Elevator call,312.3018556,0,-1,3,0, Done, dt, 25.69814439999999
338.0,Elev,0,  arrived at dest, -1, this call is done!, Elevator call,316.0323783,0,-1,3,0, Done, dt, 21.967621699999995
338.0,Elev,0,  arrived at src, -1, Elevator call,320.9760749,-1,0,2,0
338.0,Elev,0,  arrived at src, -1, Elevator call,336.9304305,-1,0,2,0
338.0, elevID,0,  pos,-1,  cmd, goto,-2
350.0,Elev,0,  arrived at dest, -2, this call is done!, Elevator call,187.1167862,-1,-2,3,0, Done, dt, 162.8832138
350.0,Elev,0,  arrived at dest, -2, this call is done!, Elevator call,187.7299318,-1,-2,3,0, Done, dt, 162.2700682
350.0,Elev,0,  arrived at dest, -2, this call is done!, Elevator call,251.1044469,-1,-2,3,0, Done, dt, 98.8955531
350.0, elevID,0,  pos,-2,  cmd, goto,0
364.0,Elev,0,  arrived at dest, 0, this call is done!, Elevator call,169.7845834,-1,0,3,0, Done, dt, 194.2154166
364.0,Elev,0,  arrived at dest, 0, this call is done!, Elevator call,205.9895199,-1,0,3,0, Done, dt, 158.0104801
364.0,Elev,0,  arrived at dest, 0, this call is done!, Elevator call,231.5157882,-1,0,3,0, Done, dt, 132.4842118
364.0,Elev,0,  arrived at dest, 0, this call is done!, Elevator call,257.7974435,-1,0,3,0, Done, dt, 106.20255650000001
364.0,Elev,0,  arrived at dest, 0, this call is done!, Elevator call,320.9760749,-1,0,3,0, Done, dt, 43.023925099999985
364.0,Elev,0,  arrived at src, 0, Elevator call,332.4267319,0,10,2,0
364.0,Elev,0,  arrived at dest, 0, this call is done!, Elevator call,336.9304305,-1,0,3,0, Done, dt, 27.0695695
364.0, elevID,0,  pos,0,  cmd, goto,1
376.0,Elevator call,375.490481,1,0,1,0, got allocated to elevator, 0
376.0,Elev,0,  arrived at dest, 1, this call is done!, Elevator call,197.5359191,-1,1,3,0, Done, dt, 178.4640809
376.0,Elev,0,  arrived at dest, 1, this call is done!, Elevator call,295.7943357,0,1,3,0, Done, dt, 80.20566430000002
376.0,Elev,0,  arrived at src, 1, Elevator call,375.490481,1,0,2,0
376.0, elevID,0,  pos,1,  cmd, goto,4
392.0,Elev,0,  arrived at dest, 4, this call is done!, Elevator call,254.6977153,3,4,3,0, Done, dt, 137.3022847
392.0, elevID,0,  pos,4,  cmd, goto,5
393.0,Elevator call,392.5160765,0,5,1,0, got allocated to elevator, 0
404.0,Elev,0,  arrived at dest, 5, this call is done!, Elevator call,227.0798305,-1,5,3,0, Done, dt, 176.9201695
404.0, elevID,0,  pos,5,  cmd, goto,6
406.0,Elevator call,405.1821141,-1,10,1,0, got allocated to elevator, 0
416.0,Elev,0,  arrived at src, 6, Elevator call,304.9984388,6,0,2,0
416.0,Elev,0,  arrived at src, 6, Elevator call,319.905202,6,5,2,0
416.0, elevID,0,  pos,6,  cmd, goto,7
427.0,Elevator call,426.8615805,2,0,1,0, got allocated to elevator, 0
428.0,Elev,0,  arrived at dest, 7, this call is done!, Elevator call,195.9086965,0,7,3,0, Done, dt, 232.0913035
428.0,Elev,0,  arrived at src, 7, Elevator call,321.370409,7,-1,2,0
428.0, elevID,0,  pos,7,  cmd, goto,8
438.0,Elevator call,437.1711158,1,0,1,0, got allocated to elevator, 0
440.0,Elev,0,  arrived at dest, 8, this call is done!, Elevator call,171.2117332,-1,8,3,0, Done, dt, 268.7882668
440.0, elevID,0,  pos,8,  cmd, goto,9
452.0,Elev,0,  arrived at dest, 9, this call is done!, Elevator call,251.2359335,0,9,3,0, Done, dt, 200.7640665
452.0, elevID,0,  pos,9,  cmd, goto,10
464.0,Elev,0,  arrived at dest, 10, this call is done!, Elevator call,332.4267319,0,10,3,0, Done, dt, 131.5732681
464.0, elevID,0,  pos,10,  cmd, goto,5
473.0,Elevator call,472.7445474,10,-1,1,0, got allocated to elevator, 0
484.0,Elev,0,  arrived at dest, 5, this call is done!, Elevator call,319.905202,6,5,3,0, Done, dt, 164.09479800000003
484.0, elevID,0,  pos,5,  cmd, goto,2
500.0,Elev,0,  arrived at src, 2, Elevator call,426.8615805,2,0,2,0
500.0, elevID,0,  pos,2,  cmd, goto,1
501.0,Elevator call,500.3712045,8,-1,1,0, got allocated to elevator, 0
504.0,Elevator call,503.1384784,1,-1,1,0, got allocated to elevator, 0
505.0,Elevator call,504.4317942,0,-1,1,0, got allocated to elevator, 0
512.0,Elev,0,  arrived at src, 1, Elevator call,437.1711158,1,0,2,0
512.0,Elev,0,  arrived at src, 1, Elevator call,503.1384784,1,-1,2,0
512.0, elevID,0,  pos,1,  cmd, goto,0
524.0,Elev,0,  arrived at dest, 0, this call is done!, Elevator call,304.9984388,6,0,3,0, Done, dt, 219.00156120000003
524.0,Elev,0,  arrived at dest, 0, this call is done!, Elevator call,375.490481,1,0,3,0, Done, dt, 148.509519
524.0,Elev,0,  arrived at src, 0, Elevator call,392.5160765,0,5,2,0
524.0,Elev,0,  arrived at dest, 0, this call is done!, Elevator call,426.8615805,2,0,3,0, Done, dt, 97.1384195
524.0,Elev,0,  arrived at dest, 0, this call is done!, Elevator call,437.1711158,1,0,3,0, Done, dt, 86.8288842
524.0,Elev,0,  arrived at src, 0, Elevator call,504.4317942,0,-1,2,0
524.0, elevID,0,  pos,0,  cmd, goto,-1
530.0,Elevator call,529.6277472,3,-1,1,0, got allocated to elevator, 0
536.0,Elev,0,  arrived at dest, -1, this call is done!, Elevator call,321.370409,7,-1,3,0, Done, dt, 214.629591
536.0,Elev,0,  arrived at src, -1, Elevator call,405.1821141,-1,10,2,0
536.0,Elev,0,  arrived at dest, -1, this call is done!, Elevator call,503.1384784,1,-1,3,0, Done, dt, 32.8615216
536.0,Elev,0,  arrived at dest, -1, this call is done!, Elevator call,504.4317942,0,-1,3,0, Done, dt, 31.568205799999987
536.0, elevID,0,  pos,-1,  cmd, goto,3
538.0,Elevator call,537.7866884,-1,6,1,0, got allocated to elevator, 0
538.0, elevID,0,  pos,-1,  cmd, stop,-1
545.0,Elevator call,544.7880392,6,-1,1,0, got allocated to elevator, 0
546.0,Elev,0,  arrived at src, -1, Elevator call,537.7866884,-1,6,2,0
546.0, elevID,0,  pos,-1,  cmd, goto,3
555.0,Elevator call,554.0892923,4,0,1,0, got allocated to elevator, 0
558.0,Elevator call,557.244139,10,0,1,0, got allocated to elevator, 0
564.0,Elev,0,  arrived at src, 3, Elevator call,529.6277472,3,-1,2,0
564.0, elevID,0,  pos,3,  cmd, goto,4
566.0,Elevator call,565.0195522,0,-1,1,0, got allocated to elevator, 0
576.0,Elev,0,  arrived at src, 4, Elevator call,554.0892923,4,0,2,0
576.0, elevID,0,  pos,4,  cmd, goto,5
582.0,Elevator call,581.870309,0,3,1,0, got allocated to elevator, 0
588.0,Elev,0,  arrived at dest, 5, this call is done!, Elevator call,392.5160765,0,5,3,0, Done, dt, 195.4839235
588.0, elevID,0,  pos,5,  cmd, goto,6
597.0,Elevator call,596.1232023,8,0,1,0, got allocated to elevator, 0
600.0,Elev,0,  arrived at dest, 6, this call is done!, Elevator call,537.7866884,-1,6,3,0, Done, dt, 62.2133116
600.0,Elev,0,  arrived at src, 6, Elevator call,544.7880392,6,-1,2,0
600.0, elevID,0,  pos,6,  cmd, goto,8
601.0,Elevator call,600.931288,1,0,1,0, got allocated to elevator, 0
604.0,Elevator call,603.9342327,7,0,1,0, got allocated to elevator, 0
604.0, elevID,0,  pos,6,  cmd, stop,7
612.0,Elev,0,  arrived at src, 7, Elevator call,603.9342327,7,0,2,0
612.0, elevID,0,  pos,7,  cmd, goto,8
618.0,Elevator call,617.9628339,0,3,1,0, got allocated to elevator, 0
620.0,Elevator call,619.6454197,9,0,1,0, got allocated to elevator, 0
624.0,Elev,0,  arrived at src, 8, Elevator call,500.3712045,8,-1,2,0
624.0,Elev,0,  arrived at src, 8, Elevator call,596.1232023,8,0,2,0
624.0, elevID,0,  pos,8,  cmd, goto,9
627.0,Elevator call,626.2116172,0,1,1,0, got allocated to elevator, 0
636.0,Elev,0,  arrived at src, 9, Elevator call,619.6454197,9,0,2,0
636.0, elevID,0,  pos,9,  cmd, goto,10
644.0,Elevator call,643.8547515,-1,2,1,0, got allocated to elevator, 0
648.0,Elev,0,  arrived at dest, 10, this call is done!, Elevator call,405.1821141,-1,10,3,0, Done, dt, 242.81788590000002
648.0,Elev,0,  arrived at src, 10, Elevator call,472.7445474,10,-1,2,0
648.0,Elev,0,  arrived at src, 10, Elevator call,557.244139,10,0,2,0
648.0, elevID,0,  pos,10,  cmd, goto,1
661.0,Elevator call,660.0732908,6,10,1,0, got allocated to elevator, 0
, elevID,0,  pos,6,  cmd, stop,6
662.0,Elevator call,661.042082,-1,3,1,0, got allocated to elevator, 0
663.0,Elevator call,662.1730528,-1,5,1,0, got allocated to elevator, 0
666.0,Elevator call,665.1155549,-1,8,1,0, got allocated to elevator, 0
666.0,Elev,0,  arrived at src, 6, Elevator call,660.0732908,6,10,2,0
666.0, elevID,0,  pos,6,  cmd, goto,1
667.0,Elevator call,666.0340295,4,0,1,0, got allocated to elevator, 0
667.0,Elevator call,666.2411587,5,-1,1,0, got allocated to elevator, 0
, elevID,0,  pos,6,  cmd, stop,5
673.0,Elevator call,672.6773142,0,-1,1,0, got allocated to elevator, 0
678.0,Elevator call,677.7341948,0,-1,1,0, got allocated to elevator, 0
678.0,Elev,0,  arrived at src, 5, Elevator call,666.2411587,5,-1,2,0
678.0, elevID,0,  pos,5,  cmd, goto,4
679.0,Elevator call,678.9953585,-1,-2,1,0, got allocated to elevator, 0
690.0,Elev,0,  arrived at src, 4, Elevator call,666.0340295,4,0,2,0
690.0, elevID,0,  pos,4,  cmd, goto,1
696.0,Elevator call,695.2239882,0,10,1,0, got allocated to elevator, 0
706.0,Elev,0,  arrived at src, 1, Elevator call,600.931288,1,0,2,0
706.0, elevID,0,  pos,1,  cmd, goto,0
707.0,Elevator call,706.1583475,-1,-2,1,0, got allocated to elevator, 0
711.0,Elevator call,710.324977,0,1,1,0, got allocated to elevator, 0
714.0,Elevator call,713.0191971,1,0,1,0, got allocated to elevator, 0
714.0,Elevator call,713.2499766,10,-1,1,0, got allocated to elevator, 0
718.0,Elev,0,  arrived at dest, 0, this call is done!, Elevator call,554.0892923,4,0,3,0, Done, dt, 163.9107077
718.0,Elev,0,  arrived at dest, 0, this call is done!, Elevator call,557.244139,10,0,3,0, Done, dt, 160.75586099999998
718.0,Elev,0,  arrived at src, 0, Elevator call,565.0195522,0,-1,2,0
718.0,Elev,0,  arrived at src, 0, Elevator call,581.870309,0,3,2,0
718.0,Elev,0,  arrived at dest, 0, this call is done!, Elevator call,596.1232023,8,0,3,0, Done, dt, 121.8767977
718.0,Elev,0,  arrived at dest, 0, this call is done!, Elevator call,600.931288,1,0,3,0, Done, dt, 117.068712
718.0,Elev,0,  arrived at dest, 0, this call is done!, Elevator call,603.9342327,7,0,3,0, Done, dt, 114.06576729999995
718.0,Elev,0,  arrived at src, 0, Elevator call,617.9628339,0,3,2,0
718.0,Elev,0,  arrived at dest, 0, this call is done!, Elevator call,619.6454197,9,0,3,0, Done, dt, 98.35458029999995
718.0,Elev,0,  arrived at src, 0, Elevator call,626.2116172,0,1,2,0
718.0,Elev,0,  arrived at dest, 0, this call is done!, Elevator call,666.0340295,4,0,3,0, Done, dt, 51.965970500000026
718.0,Elev,0,  arrived at src, 0, Elevator call,672.6773142,0,-1,2,0
718.0,Elev,0,  arrived at src, 0, Elevator call,677.7341948,0,-1,2,0
718.0,Elev,0,  arrived at src, 0, Elevator call,695.2239882,0,10,2,0
718.0,Elev,0,  arrived at src, 0, Elevator call,710.324977,0,1,2,0
718.0, elevID,0,  pos,0,  cmd, goto,-1
723.0,Elevator call,722.6161213,10,0,1,0, got allocated to elevator, 0
728.0,Elevator call,727.5146029,-1,0,1,0, got allocated to elevator, 0
730.0,Elev,0,  arrived at dest, -1, this call is done!, Elevator call,472.7445474,10,-1,3,0, Done, dt, 257.2554526
730.0,Elev,0,  arrived at dest, -1, this call is done!, Elevator call,500.3712045,8,-1,3,0, Done, dt, 229.62879550000002
730.0,Elev,0,  arrived at dest, -1, this call is done!, Elevator call,529.6277472,3,-1,3,0, Done, dt, 200.37225279999996
730.0,Elev,0,  arrived at dest, -1, this call is done!, Elevator call,544.7880392,6,-1,3,0, Done, dt, 185.21196080000004
730.0,Elev,0,  arrived at dest, -1, this call is done!, Elevator call,565.0195522,0,-1,3,0, Done, dt, 164.98044779999998
730.0,Elev,0,  arrived at src, -1, Elevator call,643.8547515,-1,2,2,0
730.0,Elev,0,  arrived at src, -1, Elevator call,661.042082,-1,3,2,0
730.0,Elev,0,  arrived at src, -1, Elevator call,662.1730528,-1,5,2,0
730.0,Elev,0,  arrived at src, -1, Elevator call,665.1155549,-1,8,2,0
730.0,Elev,0,  arrived at dest, -1, this call is done!, Elevator call,666.2411587,5,-1,3,0, Done, dt, 63.75884129999997
730.0,Elev,0,  arrived at dest, -1, this call is done!, Elevator call,672.6773142,0,-1,3,0, Done, dt, 57.322685800000045
730.0,Elev,0,  arrived at dest, -1, this call is done!, Elevator call,677.7341948,0,-1,3,0, Done, dt, 52.265805200000045
730.0,Elev,0,  arrived at src, -1, Elevator call,678.9953585,-1,-2,2,0
730.0,Elev,0,  arrived at src, -1, Elevator call,706.1583475,-1,-2,2,0
730.0,Elev,0,  arrived at src, -1, Elevator call,727.5146029,-1,0,2,0
730.0, elevID,0,  pos,-1,  cmd, goto,-2
733.0,Elevator call,732.9746341,6,-1,1,0, got allocated to elevator, 0
738.0,Elevator call,737.3147202,1,0,1,0, got allocated to elevator, 0
742.0,Elev,0,  arrived at dest, -2, this call is done!, Elevator call,678.9953585,-1,-2,3,0, Done, dt, 63.00464150000005
742.0,Elev,0,  arrived at dest, -2, this call is done!, Elevator call,706.1583475,-1,-2,3,0, Done, dt, 35.84165250000001
742.0, elevID,0,  pos,-2,  cmd, goto,0
756.0,Elev,0,  arrived at dest, 0, this call is done!, Elevator call,727.5146029,-1,0,3,0, Done, dt, 28.4853971
756.0, elevID,0,  pos,0,  cmd, goto,1
768.0,Elev,0,  arrived at dest, 1, this call is done!, Elevator call,626.2116172,0,1,3,0, Done, dt, 141.78838280000002
768.0,Elev,0,  arrived at dest, 1, this call is done!, Elevator call,710.324977,0,1,3,0, Done, dt, 57.67502300000001
768.0,Elev,0,  arrived at src, 1, Elevator call,713.0191971,1,0,2,0
768.0,Elev,0,  arrived at src, 1, Elevator call,737.3147202,1,0,2,0
768.0, elevID,0,  pos,1,  cmd, goto,2
780.0,Elevator call,779.3996914,-1,5,1,0, got allocated to elevator, 0
780.0,Elev,0,  arrived at dest, 2, this call is done!, Elevator call,643.8547515,-1,2,3,0, Done, dt, 136.14524849999998
780.0, elevID,0,  pos,2,  cmd, goto,3
792.0,Elev,0,  arrived at dest, 3, this call is done!, Elevator call,581.870309,0,3,3,0, Done, dt, 210.12969099999998
792.0,Elev,0,  arrived at dest, 3, this call is done!, Elevator call,617.9628339,0,3,3,0, Done, dt, 174.03716610000004
792.0,Elev,0,  arrived at dest, 3, this call is done!, Elevator call,661.042082,-1,3,3,0, Done, dt, 130.95791799999995
792.0, elevID,0,  pos,3,  cmd, goto,5
806.0,Elevator call,805.6754743,-1,-2,1,0, got allocated to elevator, 0
806.0,Elev,0,  arrived at dest, 5, this call is done!, Elevator call,662.1730528,-1,5,3,0, Done, dt, 143.82694719999995
806.0, elevID,0,  pos,5,  cmd, goto,6
811.0,Elevator call,810.4469089,2,0,1,0, got allocated to elevator, 0
817.0,Elevator call,816.1516998,7,-1,1,0, got allocated to elevator, 0
818.0,Elev,0,  arrived at src, 6, Elevator call,732.9746341,6,-1,2,0
818.0, elevID,0,  pos,6,  cmd, goto,7
826.0,Elevator call,825.4575185,7,0,1,0, got allocated to elevator, 0
830.0,Elev,0,  arrived at src, 7, Elevator call,816.1516998,7,-1,2,0
830.0,Elev,0,  arrived at src, 7, Elevator call,825.4575185,7,0,2,0
830.0, elevID,0,  pos,7,  cmd, goto,8
840.0,Elevator call,839.8525653,0,1,1,0, got allocated to elevator, 0
842.0,Elev,0,  arrived at dest, 8, this call is done!, Elevator call,665.1155549,-1,8,3,0, Done, dt, 176.8844451
842.0, elevID,0,  pos,8,  cmd, goto,10
855.0,Elevator call,854.2002278,6,-1,1,0, got allocated to elevator, 0
856.0,Elev,0,  arrived at dest, 10, this call is done!, Elevator call,660.0732908,6,10,3,0, Done, dt, 195.9267092
856.0,Elev,0,  arrived at dest, 10, this call is done!, Elevator call,695.2239882,0,10,3,0, Done, dt, 160.7760118
856.0,Elev,0,  arrived at src, 10, Elevator call,713.2499766,10,-1,2,0
856.0,Elev,0,  arrived at src, 10, Elevator call,722.6161213,10,0,2,0
856.0, elevID,0,  pos,10,  cmd, goto,6
864.0,Elevator call,863.8932913,0,-1,1,0, got allocated to elevator, 0
871.0,Elevator call,870.5053024,0,7,1,0, got allocated to elevator, 0
874.0,Elev,0,  arrived at src, 6, Elevator call,854.2002278,6,-1,2,0
874.0, elevID,0,  pos,6,  cmd, goto,2
887.0,Elevator call,886.5649993,-1,-2,1,0, got allocated to elevator, 0
892.0,Elev,0,  arrived at src, 2, Elevator call,810.4469089,2,0,2,0
892.0, elevID,0,  pos,2,  cmd, goto,0
893.0,Elevator call,892.5212151,9,-1,1,0, got allocated to elevator, 0
906.0,Elev,0,  arrived at dest, 0, this call is done!, Elevator call,713.0191971,1,0,3,0, Done, dt, 192.98080289999996
906.0,Elev,0,  arrived at dest, 0, this call is done!, Elevator call,722.6161213,10,0,3,0, Done, dt, 183.38387869999997
906.0,Elev,0,  arrived at dest, 0, this call is done!, Elevator call,737.3147202,1,0,3,0, Done, dt, 168.6852798
906.0,Elev,0,  arrived at dest, 0, this call is done!, Elevator call,810.4469089,2,0,3,0, Done, dt, 95.55309109999996
906.0,Elev,0,  arrived at dest, 0, this call is done!, Elevator call,825.4575185,7,0,3,0, Done, dt, 80.54248150000001
906.0,Elev,0,  arrived at src, 0, Elevator call,839.8525653,0,1,2,0
906.0,Elev,0,  arrived at src, 0, Elevator call,863.8932913,0,-1,2,0
906.0,Elev,0,  arrived at src, 0, Elevator call,870.5053024,0,7,2,0
906.0, elevID,0,  pos,0,  cmd, goto,-1
911.0,Elevator call,910.5388559,6,5,1,0, got allocated to elevator, 0
916.0,Elevator call,915.9490575,4,-1,1,0, got allocated to elevator, 0
918.0,Elev,0,  arrived at dest, -1, this call is done!, Elevator call,713.2499766,10,-1,3,0, Done, dt, 204.75002340000003
918.0,Elev,0,  arrived at dest, -1, this call is done!, Elevator call,732.9746341,6,-1,3,0, Done, dt, 185.0253659
918.0,Elev,0,  arrived at src, -1, Elevator call,779.3996914,-1,5,2,0
918.0,Elev,0,  arrived at src, -1, Elevator call,805.6754743,-1,-2,2,0
918.0,Elev,0,  arrived at dest, -1, this call is done!, Elevator call,816.1516998,7,-1,3,0, Done, dt, 101.84830020000004
918.0,Elev,0,  arrived at dest, -1, this call is done!, Elevator call,854.2002278,6,-1,3,0, Done, dt, 63.79977220000001
918.0,Elev,0,  arrived at dest, -1, this call is done!, Elevator call,863.8932913,0,-1,3,0, Done, dt, 54.10670870000001
918.0,Elev,0,  arrived at src, -1, Elevator call,886.5649993,-1,-2,2,0
918.0, elevID,0,  pos,-1,  cmd, goto,-2
930.0,Elev,0,  arrived at dest, -2, this call is done!, Elevator call,805.6754743,-1,-2,3,0, Done, dt, 124.32452569999998
930.0,Elev,0,  arrived at dest, -2, this call is done!, Elevator call,886.5649993,-1,-2,3,0, Done, dt, 43.435000700000046
930.0, elevID,0,  pos,-2,  cmd, goto,1
934.0,Elevator call,933.8580452,7,5,1,0, got allocated to elevator, 0
946.0,Elev,0,  arrived at dest, 1, this call is done!, Elevator call,839.8525653,0,1,3,0, Done, dt, 106.14743469999996
946.0, elevID,0,  pos,1,  cmd, goto,4
962.0,Elevator call,961.6862856,6,-1,1,0, got allocated to elevator, 0
962.0,Elev,0,  arrived at src, 4, Elevator call,915.9490575,4,-1,2,0
962.0, elevID,0,  pos,4,  cmd, goto,5
973.0,Elevator call,972.8032126,1,0,1,0, got allocated to elevator, 0
974.0,Elev,0,  arrived at dest, 5, this call is done!, Elevator call,779.3996914,-1,5,3,0, Done, dt, 194.60030859999995
974.0, elevID,0,  pos,5,  cmd, goto,6
976.0,Elevator call,975.8361203,0,-1,1,0, got allocated to elevator, 0
979.0,Elevator call,978.5925149,10,0,1,0, got allocated to elevator, 0
979.0,Elevator call,978.6210501,10,-1,1,0, got allocated to elevator, 0
985.0,Elevator call,984.1840186,7,0,1,0, got allocated to elevator, 0
986.0,Elev,0,  arrived at src, 6, Elevator call,910.5388559,6,5,2,0
986.0,Elev,0,  arrived at src, 6, Elevator call,961.6862856,6,-1,2,0
986.0, elevID,0,  pos,6,  cmd, goto,7
998.0,Elev,0,  arrived at dest, 7, this call is done!, Elevator call,870.5053024,0,7,3,0, Done, dt, 127.4946976
998.0,Elev,0,  arrived at src, 7, Elevator call,933.8580452,7,5,2,0
998.0,Elev,0,  arrived at src, 7, Elevator call,984.1840186,7,0,2,0
998.0, elevID,0,  pos,7,  cmd, goto,9
1012.0,Elev,0,  arrived at src, 9, Elevator call,892.5212151,9,-1,2,0
1012.0, elevID,0,  pos,9,  cmd, goto,10
1024.0,Elev,0,  arrived at src, 10, Elevator call,978.5925149,10,0,2,0
1024.0,Elev,0,  arrived at src, 10, Elevator call,978.6210501,10,-1,2,0
1024.0, elevID,0,  pos,10,  cmd, goto,5
1044.0,Elev,0,  arrived at dest, 5, this call is done!, Elevator call,910.5388559,6,5,3,0, Done, dt, 133.46114409999996
1044.0,Elev,0,  arrived at dest, 5, this call is done!, Elevator call,933.8580452,7,5,3,0, Done, dt, 110.14195480000001
1044.0, elevID,0,  pos,5,  cmd, goto,1
1062.0,Elev,0,  arrived at src, 1, Elevator call,972.8032126,1,0,2,0
1062.0, elevID,0,  pos,1,  cmd, goto,0
1074.0,Elev,0,  arrived at dest, 0, this call is done!, Elevator call,972.8032126,1,0,3,0, Done, dt, 101.19678739999995
1074.0,Elev,0,  arrived at src, 0, Elevator call,975.8361203,0,-1,2,0
1074.0,Elev,0,  arrived at dest, 0, this call is done!, Elevator call,978.5925149,10,0,3,0, Done, dt, 95.40748510000003
1074.0,Elev,0,  arrived at dest, 0, this call is done!, Elevator call,984.1840186,7,0,3,0, Done, dt, 89.81598140000006
1074.0, elevID,0,  pos,0,  cmd, goto,-1
1086.0,Elev,0,  arrived at dest, -1, this call is done!, Elevator call,892.5212151,9,-1,3,0, Done, dt, 193.47878490000005
1086.0,Elev,0,  arrived at dest, -1, this call is done!, Elevator call,915.9490575,4,-1,3,0, Done, dt, 170.05094250000002
1086.0,Elev,0,  arrived at dest, -1, this call is done!, Elevator call,961.6862856,6,-1,3,0, Done, dt, 124.31371439999998
1086.0,Elev,0,  arrived at dest, -1, this call is done!, Elevator call,975.8361203,0,-1,3,0, Done, dt, 110.16387970000005
1086.0,Elev,0,  arrived at dest, -1, this call is done!, Elevator call,978.6210501,10,-1,3,0, Done, dt, 107.37894989999995
1087.0,************* Simulation Ended ************
Code Owners,342615648,207029786,  Building_file,B1.json,  Calls,B1a.csv
Total waiting time: 12178.0,  average waiting time per call: 123.01010101010101,  unCompleted calls,0,  certificate, -102195539
