Ex1 (OOP) Simulator log: stage B2.json,  B2a.csv
0.0,OOP_Ex1_Elevator_Simulator
0.0,Simulated Building, Building [-2,10]
0) ex1.Elevator_A, Elev_, id,0,  speed, 1.0, open: 2.0,  start: 3.0, close: 2.0,  stop: 3.0
1) ex1.Elevator_A, Elev_, id,1,  speed, 2.0, open: 2.0,  start: 3.0, close: 2.0,  stop: 3.0

0.0,Simulated Period starTime,0.0,  endTime,1104.1840186,  dt,1.0
0.0,Simulated  calls,Elevator log, size: 99
0.0,**** Simulation starts!! ****
17.0,Elevator call,16.95788289,-1,0,1,1, got allocated to elevator, 1
17.0, elevID,1,  pos,0,  cmd, goto,-1
23.0,Elevator call,22.0940563,0,-1,1,0, got allocated to elevator, 0
23.0,Elev,0,  arrived at src, 0, Elevator call,22.0940563,0,-1,2,0
23.0, elevID,0,  pos,0,  cmd, goto,-1
28.0,Elev,1,  arrived at src, -1, Elevator call,16.95788289,-1,0,2,1
28.0, elevID,1,  pos,-1,  cmd, goto,0
34.0,Elev,0,  arrived at dest, -1, this call is done!, Elevator call,22.0940563,0,-1,3,0, Done, dt, 11.905943700000002
39.0,Elev,1,  arrived at dest, 0, this call is done!, Elevator call,16.95788289,-1,0,3,1, Done, dt, 22.04211711
86.0,Elevator call,85.52096662,3,2,1,1, got allocated to elevator, 1
86.0, elevID,1,  pos,0,  cmd, goto,3
92.0,Elevator call,91.21019413,-1,-2,1,0, got allocated to elevator, 0
92.0,Elev,0,  arrived at src, -1, Elevator call,91.21019413,-1,-2,2,0
92.0, elevID,0,  pos,-1,  cmd, goto,-2
98.0,Elev,1,  arrived at src, 3, Elevator call,85.52096662,3,2,2,1
98.0, elevID,1,  pos,3,  cmd, goto,2
103.0,Elev,0,  arrived at dest, -2, this call is done!, Elevator call,91.21019413,-1,-2,3,0, Done, dt, 11.789805869999995
105.0,Elevator call,104.1370124,0,4,1,1, got allocated to elevator, 1
109.0,Elev,1,  arrived at dest, 2, this call is done!, Elevator call,85.52096662,3,2,3,1, Done, dt, 23.479033380000004
109.0, elevID,1,  pos,2,  cmd, goto,0
110.0,Elevator call,109.2135291,-1,0,1,0, got allocated to elevator, 0
110.0, elevID,0,  pos,-2,  cmd, goto,-1
115.0,Elevator call,114.392351,3,0,1,1, got allocated to elevator, 1
120.0,Elev,1,  arrived at src, 0, Elevator call,104.1370124,0,4,2,1
120.0, elevID,1,  pos,0,  cmd, goto,3
121.0,Elev,0,  arrived at src, -1, Elevator call,109.2135291,-1,0,2,0
121.0, elevID,0,  pos,-1,  cmd, goto,0
125.0,Elevator call,124.425571,0,9,1,0, got allocated to elevator, 0
131.0,Elevator call,130.0249568,8,10,1,1, got allocated to elevator, 1
131.0,Elevator call,130.2249113,-1,1,1,0, got allocated to elevator, 0
132.0,Elev,0,  arrived at dest, 0, this call is done!, Elevator call,109.2135291,-1,0,3,0, Done, dt, 22.786470899999998
132.0,Elev,0,  arrived at src, 0, Elevator call,124.425571,0,9,2,0
132.0, elevID,0,  pos,0,  cmd, goto,9
132.0,Elev,1,  arrived at src, 3, Elevator call,114.392351,3,0,2,1
132.0, elevID,1,  pos,3,  cmd, goto,4
138.0,Elevator call,137.9515274,0,4,1,1, got allocated to elevator, 1
143.0,Elev,1,  arrived at dest, 4, this call is done!, Elevator call,104.1370124,0,4,3,1, Done, dt, 38.8629876
143.0, elevID,1,  pos,4,  cmd, goto,8
144.0,Elevator call,143.9133584,0,6,1,0, got allocated to elevator, 0
151.0,Elev,0,  arrived at dest, 9, this call is done!, Elevator call,124.425571,0,9,3,0, Done, dt, 26.574428999999995
151.0, elevID,0,  pos,9,  cmd, goto,0
155.0,Elev,1,  arrived at src, 8, Elevator call,130.0249568,8,10,2,1
155.0, elevID,1,  pos,8,  cmd, goto,10
166.0,Elev,1,  arrived at dest, 10, this call is done!, Elevator call,130.0249568,8,10,3,1, Done, dt, 35.97504319999999
166.0, elevID,1,  pos,10,  cmd, goto,0
170.0,Elevator call,169.7845834,-1,0,1,1, got allocated to elevator, 1
170.0,Elev,0,  arrived at src, 0, Elevator call,143.9133584,0,6,2,0
170.0, elevID,0,  pos,0,  cmd, goto,-1
171.0,Elevator call,170.0099621,0,6,1,0, got allocated to elevator, 0
, elevID,0,  pos,0,  cmd, stop,0
172.0,Elevator call,171.2117332,-1,8,1,1, got allocated to elevator, 1
175.0,Elevator call,174.8438515,0,-1,1,0, got allocated to elevator, 0
180.0,Elev,0,  arrived at src, 0, Elevator call,170.0099621,0,6,2,0
180.0,Elev,0,  arrived at src, 0, Elevator call,174.8438515,0,-1,2,0
180.0, elevID,0,  pos,0,  cmd, goto,-1
181.0,Elev,1,  arrived at dest, 0, this call is done!, Elevator call,114.392351,3,0,3,1, Done, dt, 66.607649
181.0,Elev,1,  arrived at src, 0, Elevator call,137.9515274,0,4,2,1
181.0, elevID,1,  pos,0,  cmd, goto,-1
188.0,Elevator call,187.1167862,-1,-2,1,1, got allocated to elevator, 1
188.0,Elevator call,187.7299318,-1,-2,1,0, got allocated to elevator, 0
191.0,Elev,0,  arrived at src, -1, Elevator call,130.2249113,-1,1,2,0
191.0,Elev,0,  arrived at dest, -1, this call is done!, Elevator call,174.8438515,0,-1,3,0, Done, dt, 16.1561485
191.0,Elev,0,  arrived at src, -1, Elevator call,187.7299318,-1,-2,2,0
191.0, elevID,0,  pos,-1,  cmd, goto,-2
192.0,Elev,1,  arrived at src, -1, Elevator call,169.7845834,-1,0,2,1
192.0,Elev,1,  arrived at src, -1, Elevator call,171.2117332,-1,8,2,1
192.0,Elev,1,  arrived at src, -1, Elevator call,187.1167862,-1,-2,2,1
192.0, elevID,1,  pos,-1,  cmd, goto,-2
196.0,Elevator call,195.9086965,0,7,1,1, got allocated to elevator, 1
198.0,Elevator call,197.5359191,-1,1,1,0, got allocated to elevator, 0
202.0,Elev,0,  arrived at dest, -2, this call is done!, Elevator call,187.7299318,-1,-2,3,0, Done, dt, 14.270068199999997
202.0, elevID,0,  pos,-2,  cmd, goto,-1
203.0,Elev,1,  arrived at dest, -2, this call is done!, Elevator call,187.1167862,-1,-2,3,1, Done, dt, 15.883213799999993
203.0, elevID,1,  pos,-2,  cmd, goto,0
206.0,Elevator call,205.9895199,-1,0,1,1, got allocated to elevator, 1
206.0, elevID,1,  pos,-2,  cmd, stop,-1
213.0,Elev,0,  arrived at src, -1, Elevator call,197.5359191,-1,1,2,0
213.0, elevID,0,  pos,-1,  cmd, goto,1
214.0,Elev,1,  arrived at src, -1, Elevator call,205.9895199,-1,0,2,1
214.0, elevID,1,  pos,-1,  cmd, goto,0
225.0,Elev,0,  arrived at dest, 1, this call is done!, Elevator call,130.2249113,-1,1,3,0, Done, dt, 94.7750887
225.0,Elev,0,  arrived at dest, 1, this call is done!, Elevator call,197.5359191,-1,1,3,0, Done, dt, 27.4640809
225.0, elevID,0,  pos,1,  cmd, goto,6
225.0,Elev,1,  arrived at dest, 0, this call is done!, Elevator call,169.7845834,-1,0,3,1, Done, dt, 55.2154166
225.0,Elev,1,  arrived at src, 0, Elevator call,195.9086965,0,7,2,1
225.0,Elev,1,  arrived at dest, 0, this call is done!, Elevator call,205.9895199,-1,0,3,1, Done, dt, 19.010480099999995
225.0, elevID,1,  pos,0,  cmd, goto,4
228.0,Elevator call,227.0798305,-1,5,1,0, got allocated to elevator, 0
232.0,Elevator call,231.5157882,-1,0,1,1, got allocated to elevator, 1
233.0,Elevator call,232.9504362,0,-1,1,0, got allocated to elevator, 0
237.0,Elev,1,  arrived at dest, 4, this call is done!, Elevator call,137.9515274,0,4,3,1, Done, dt, 99.0484726
237.0, elevID,1,  pos,4,  cmd, goto,7
240.0,Elev,0,  arrived at dest, 6, this call is done!, Elevator call,143.9133584,0,6,3,0, Done, dt, 96.08664160000001
240.0,Elev,0,  arrived at dest, 6, this call is done!, Elevator call,170.0099621,0,6,3,0, Done, dt, 69.9900379
240.0, elevID,0,  pos,6,  cmd, goto,0
249.0,Elev,1,  arrived at dest, 7, this call is done!, Elevator call,195.9086965,0,7,3,1, Done, dt, 53.09130350000001
249.0, elevID,1,  pos,7,  cmd, goto,8
252.0,Elevator call,251.1044469,-1,-2,1,1, got allocated to elevator, 1
252.0,Elevator call,251.2359335,0,9,1,0, got allocated to elevator, 0
255.0,Elevator call,254.6977153,3,4,1,1, got allocated to elevator, 1
256.0,Elev,0,  arrived at src, 0, Elevator call,232.9504362,0,-1,2,0
256.0,Elev,0,  arrived at src, 0, Elevator call,251.2359335,0,9,2,0
256.0, elevID,0,  pos,0,  cmd, goto,-1
258.0,Elevator call,257.7974435,-1,0,1,0, got allocated to elevator, 0
260.0,Elev,1,  arrived at dest, 8, this call is done!, Elevator call,171.2117332,-1,8,3,1, Done, dt, 88.7882668
260.0, elevID,1,  pos,8,  cmd, goto,3
267.0,Elev,0,  arrived at src, -1, Elevator call,227.0798305,-1,5,2,0
267.0,Elev,0,  arrived at dest, -1, this call is done!, Elevator call,232.9504362,0,-1,3,0, Done, dt, 34.04956379999999
267.0,Elev,0,  arrived at src, -1, Elevator call,257.7974435,-1,0,2,0
267.0, elevID,0,  pos,-1,  cmd, goto,0
273.0,Elev,1,  arrived at src, 3, Elevator call,254.6977153,3,4,2,1
273.0, elevID,1,  pos,3,  cmd, goto,-1
278.0,Elev,0,  arrived at dest, 0, this call is done!, Elevator call,257.7974435,-1,0,3,0, Done, dt, 20.202556500000014
278.0, elevID,0,  pos,0,  cmd, goto,5
285.0,Elev,1,  arrived at src, -1, Elevator call,231.5157882,-1,0,2,1
285.0,Elev,1,  arrived at src, -1, Elevator call,251.1044469,-1,-2,2,1
285.0, elevID,1,  pos,-1,  cmd, goto,-2
293.0,Elev,0,  arrived at dest, 5, this call is done!, Elevator call,227.0798305,-1,5,3,0, Done, dt, 65.92016949999999
293.0, elevID,0,  pos,5,  cmd, goto,9
296.0,Elevator call,295.7943357,0,1,1,1, got allocated to elevator, 1
296.0,Elev,1,  arrived at dest, -2, this call is done!, Elevator call,251.1044469,-1,-2,3,1, Done, dt, 44.8955531
296.0, elevID,1,  pos,-2,  cmd, goto,0
305.0,Elevator call,304.9984388,6,0,1,0, got allocated to elevator, 0
307.0,Elev,0,  arrived at dest, 9, this call is done!, Elevator call,251.2359335,0,9,3,0, Done, dt, 55.76406650000001
307.0, elevID,0,  pos,9,  cmd, goto,6
307.0,Elev,1,  arrived at dest, 0, this call is done!, Elevator call,231.5157882,-1,0,3,1, Done, dt, 75.4842118
307.0,Elev,1,  arrived at src, 0, Elevator call,295.7943357,0,1,2,1
307.0, elevID,1,  pos,0,  cmd, goto,1
310.0,Elevator call,309.3005383,0,-1,1,1, got allocated to elevator, 1
310.0, elevID,1,  pos,0,  cmd, stop,0
313.0,Elevator call,312.3018556,0,-1,1,0, got allocated to elevator, 0
317.0,Elevator call,316.0323783,0,-1,1,1, got allocated to elevator, 1
317.0,Elev,1,  arrived at src, 0, Elevator call,309.3005383,0,-1,2,1
317.0,Elev,1,  arrived at src, 0, Elevator call,316.0323783,0,-1,2,1
317.0, elevID,1,  pos,0,  cmd, goto,1
320.0,Elevator call,319.905202,6,5,1,0, got allocated to elevator, 0
320.0,Elev,0,  arrived at src, 6, Elevator call,304.9984388,6,0,2,0
320.0,Elev,0,  arrived at src, 6, Elevator call,319.905202,6,5,2,0
320.0, elevID,0,  pos,6,  cmd, goto,5
321.0,Elevator call,320.9760749,-1,0,1,1, got allocated to elevator, 1
322.0,Elevator call,321.370409,7,-1,1,0, got allocated to elevator, 0
328.0,Elev,1,  arrived at dest, 1, this call is done!, Elevator call,295.7943357,0,1,3,1, Done, dt, 32.205664300000024
328.0, elevID,1,  pos,1,  cmd, goto,4
331.0,Elev,0,  arrived at dest, 5, this call is done!, Elevator call,319.905202,6,5,3,0, Done, dt, 11.094798000000026
331.0, elevID,0,  pos,5,  cmd, goto,0
333.0,Elevator call,332.4267319,0,10,1,1, got allocated to elevator, 1
337.0,Elevator call,336.9304305,-1,0,1,0, got allocated to elevator, 0
340.0,Elev,1,  arrived at dest, 4, this call is done!, Elevator call,254.6977153,3,4,3,1, Done, dt, 85.3022847
340.0, elevID,1,  pos,4,  cmd, goto,0
346.0,Elev,0,  arrived at dest, 0, this call is done!, Elevator call,304.9984388,6,0,3,0, Done, dt, 41.001561200000026
346.0,Elev,0,  arrived at src, 0, Elevator call,312.3018556,0,-1,2,0
346.0, elevID,0,  pos,0,  cmd, goto,-1
352.0,Elev,1,  arrived at src, 0, Elevator call,332.4267319,0,10,2,1
352.0, elevID,1,  pos,0,  cmd, goto,-1
357.0,Elev,0,  arrived at dest, -1, this call is done!, Elevator call,312.3018556,0,-1,3,0, Done, dt, 44.69814439999999
357.0,Elev,0,  arrived at src, -1, Elevator call,336.9304305,-1,0,2,0
357.0, elevID,0,  pos,-1,  cmd, goto,0
363.0,Elev,1,  arrived at dest, -1, this call is done!, Elevator call,309.3005383,0,-1,3,1, Done, dt, 53.69946169999997
363.0,Elev,1,  arrived at dest, -1, this call is done!, Elevator call,316.0323783,0,-1,3,1, Done, dt, 46.967621699999995
363.0,Elev,1,  arrived at src, -1, Elevator call,320.9760749,-1,0,2,1
363.0, elevID,1,  pos,-1,  cmd, goto,0
368.0,Elev,0,  arrived at dest, 0, this call is done!, Elevator call,336.9304305,-1,0,3,0, Done, dt, 31.0695695
368.0, elevID,0,  pos,0,  cmd, goto,7
374.0,Elev,1,  arrived at dest, 0, this call is done!, Elevator call,320.9760749,-1,0,3,1, Done, dt, 53.023925099999985
374.0, elevID,1,  pos,0,  cmd, goto,10
376.0,Elevator call,375.490481,1,0,1,1, got allocated to elevator, 1
376.0, elevID,1,  pos,0,  cmd, stop,1
385.0,Elev,0,  arrived at src, 7, Elevator call,321.370409,7,-1,2,0
385.0, elevID,0,  pos,7,  cmd, goto,-1
385.0,Elev,1,  arrived at src, 1, Elevator call,375.490481,1,0,2,1
385.0, elevID,1,  pos,1,  cmd, goto,10
393.0,Elevator call,392.5160765,0,5,1,0, got allocated to elevator, 0
, elevID,0,  pos,4,  cmd, stop,0
400.0,Elev,1,  arrived at dest, 10, this call is done!, Elevator call,332.4267319,0,10,3,1, Done, dt, 67.5732681
400.0, elevID,1,  pos,10,  cmd, goto,0
402.0,Elev,0,  arrived at src, 0, Elevator call,392.5160765,0,5,2,0
402.0, elevID,0,  pos,0,  cmd, goto,-1
406.0,Elevator call,405.1821141,-1,10,1,1, got allocated to elevator, 1
413.0,Elev,0,  arrived at dest, -1, this call is done!, Elevator call,321.370409,7,-1,3,0, Done, dt, 91.629591
413.0, elevID,0,  pos,-1,  cmd, goto,5
415.0,Elev,1,  arrived at dest, 0, this call is done!, Elevator call,375.490481,1,0,3,1, Done, dt, 39.50951900000001
415.0, elevID,1,  pos,0,  cmd, goto,-1
426.0,Elev,1,  arrived at src, -1, Elevator call,405.1821141,-1,10,2,1
426.0, elevID,1,  pos,-1,  cmd, goto,10
427.0,Elevator call,426.8615805,2,0,1,0, got allocated to elevator, 0
429.0,Elev,0,  arrived at dest, 5, this call is done!, Elevator call,392.5160765,0,5,3,0, Done, dt, 36.4839235
429.0, elevID,0,  pos,5,  cmd, goto,2
438.0,Elevator call,437.1711158,1,0,1,1, got allocated to elevator, 1
442.0,Elev,0,  arrived at src, 2, Elevator call,426.8615805,2,0,2,0
442.0, elevID,0,  pos,2,  cmd, goto,0
442.0,Elev,1,  arrived at dest, 10, this call is done!, Elevator call,405.1821141,-1,10,3,1, Done, dt, 36.81788590000002
442.0, elevID,1,  pos,10,  cmd, goto,1
454.0,Elev,0,  arrived at dest, 0, this call is done!, Elevator call,426.8615805,2,0,3,0, Done, dt, 27.138419499999998
457.0,Elev,1,  arrived at src, 1, Elevator call,437.1711158,1,0,2,1
457.0, elevID,1,  pos,1,  cmd, goto,0
468.0,Elev,1,  arrived at dest, 0, this call is done!, Elevator call,437.1711158,1,0,3,1, Done, dt, 30.828884200000005
473.0,Elevator call,472.7445474,10,-1,1,0, got allocated to elevator, 0
473.0, elevID,0,  pos,0,  cmd, goto,10
493.0,Elev,0,  arrived at src, 10, Elevator call,472.7445474,10,-1,2,0
493.0, elevID,0,  pos,10,  cmd, goto,-1
501.0,Elevator call,500.3712045,8,-1,1,1, got allocated to elevator, 1
501.0, elevID,1,  pos,0,  cmd, goto,8
504.0,Elevator call,503.1384784,1,-1,1,0, got allocated to elevator, 0
, elevID,0,  pos,4,  cmd, stop,1
505.0,Elevator call,504.4317942,0,-1,1,1, got allocated to elevator, 1
505.0, elevID,1,  pos,0,  cmd, stop,0
511.0,Elev,1,  arrived at src, 0, Elevator call,504.4317942,0,-1,2,1
511.0, elevID,1,  pos,0,  cmd, goto,8
512.0,Elev,0,  arrived at src, 1, Elevator call,503.1384784,1,-1,2,0
512.0, elevID,0,  pos,1,  cmd, goto,-1
524.0,Elev,0,  arrived at dest, -1, this call is done!, Elevator call,472.7445474,10,-1,3,0, Done, dt, 51.25545260000001
524.0,Elev,0,  arrived at dest, -1, this call is done!, Elevator call,503.1384784,1,-1,3,0, Done, dt, 20.861521600000003
525.0,Elev,1,  arrived at src, 8, Elevator call,500.3712045,8,-1,2,1
525.0, elevID,1,  pos,8,  cmd, goto,-1
530.0,Elevator call,529.6277472,3,-1,1,0, got allocated to elevator, 0
530.0, elevID,0,  pos,-1,  cmd, goto,3
538.0,Elevator call,537.7866884,-1,6,1,1, got allocated to elevator, 1
540.0,Elev,1,  arrived at dest, -1, this call is done!, Elevator call,500.3712045,8,-1,3,1, Done, dt, 39.628795500000024
540.0,Elev,1,  arrived at dest, -1, this call is done!, Elevator call,504.4317942,0,-1,3,1, Done, dt, 35.56820579999999
540.0,Elev,1,  arrived at src, -1, Elevator call,537.7866884,-1,6,2,1
540.0, elevID,1,  pos,-1,  cmd, goto,6
544.0,Elev,0,  arrived at src, 3, Elevator call,529.6277472,3,-1,2,0
544.0, elevID,0,  pos,3,  cmd, goto,-1
545.0,Elevator call,544.7880392,6,-1,1,0, got allocated to elevator, 0
554.0,Elev,1,  arrived at dest, 6, this call is done!, Elevator call,537.7866884,-1,6,3,1, Done, dt, 16.213311599999997
555.0,Elevator call,554.0892923,4,0,1,1, got allocated to elevator, 1
555.0, elevID,1,  pos,6,  cmd, goto,4
558.0,Elevator call,557.244139,10,0,1,0, got allocated to elevator, 0
558.0,Elev,0,  arrived at dest, -1, this call is done!, Elevator call,529.6277472,3,-1,3,0, Done, dt, 28.372252799999956
558.0, elevID,0,  pos,-1,  cmd, goto,6
566.0,Elevator call,565.0195522,0,-1,1,1, got allocated to elevator, 1
566.0,Elev,1,  arrived at src, 4, Elevator call,554.0892923,4,0,2,1
566.0, elevID,1,  pos,4,  cmd, goto,0
575.0,Elev,0,  arrived at src, 6, Elevator call,544.7880392,6,-1,2,0
575.0, elevID,0,  pos,6,  cmd, goto,10
578.0,Elev,1,  arrived at dest, 0, this call is done!, Elevator call,554.0892923,4,0,3,1, Done, dt, 23.91070769999999
578.0,Elev,1,  arrived at src, 0, Elevator call,565.0195522,0,-1,2,1
578.0, elevID,1,  pos,0,  cmd, goto,-1
582.0,Elevator call,581.870309,0,3,1,0, got allocated to elevator, 0
589.0,Elev,0,  arrived at src, 10, Elevator call,557.244139,10,0,2,0
589.0, elevID,0,  pos,10,  cmd, goto,0
589.0,Elev,1,  arrived at dest, -1, this call is done!, Elevator call,565.0195522,0,-1,3,1, Done, dt, 23.98044779999998
597.0,Elevator call,596.1232023,8,0,1,1, got allocated to elevator, 1
597.0, elevID,1,  pos,-1,  cmd, goto,8
601.0,Elevator call,600.931288,1,0,1,0, got allocated to elevator, 0
, elevID,0,  pos,3,  cmd, stop,1
604.0,Elevator call,603.9342327,7,0,1,1, got allocated to elevator, 1
604.0, elevID,1,  pos,3,  cmd, stop,7
608.0,Elev,0,  arrived at src, 1, Elevator call,600.931288,1,0,2,0
608.0, elevID,0,  pos,1,  cmd, goto,0
611.0,Elev,1,  arrived at src, 7, Elevator call,603.9342327,7,0,2,1
611.0, elevID,1,  pos,7,  cmd, goto,8
618.0,Elevator call,617.9628339,0,3,1,0, got allocated to elevator, 0
619.0,Elev,0,  arrived at dest, 0, this call is done!, Elevator call,557.244139,10,0,3,0, Done, dt, 61.75586099999998
619.0,Elev,0,  arrived at src, 0, Elevator call,581.870309,0,3,2,0
619.0,Elev,0,  arrived at dest, 0, this call is done!, Elevator call,600.931288,1,0,3,0, Done, dt, 18.068712000000005
619.0,Elev,0,  arrived at src, 0, Elevator call,617.9628339,0,3,2,0
619.0, elevID,0,  pos,0,  cmd, goto,-1
620.0,Elevator call,619.6454197,9,0,1,1, got allocated to elevator, 1
622.0,Elev,1,  arrived at src, 8, Elevator call,596.1232023,8,0,2,1
622.0, elevID,1,  pos,8,  cmd, goto,9
627.0,Elevator call,626.2116172,0,1,1,0, got allocated to elevator, 0
630.0,Elev,0,  arrived at dest, -1, this call is done!, Elevator call,544.7880392,6,-1,3,0, Done, dt, 85.21196080000004
630.0, elevID,0,  pos,-1,  cmd, goto,0
633.0,Elev,1,  arrived at src, 9, Elevator call,619.6454197,9,0,2,1
633.0, elevID,1,  pos,9,  cmd, goto,0
641.0,Elev,0,  arrived at src, 0, Elevator call,626.2116172,0,1,2,0
641.0, elevID,0,  pos,0,  cmd, goto,1
644.0,Elevator call,643.8547515,-1,2,1,1, got allocated to elevator, 1
648.0,Elev,1,  arrived at dest, 0, this call is done!, Elevator call,596.1232023,8,0,3,1, Done, dt, 51.8767977
648.0,Elev,1,  arrived at dest, 0, this call is done!, Elevator call,603.9342327,7,0,3,1, Done, dt, 44.06576729999995
648.0,Elev,1,  arrived at dest, 0, this call is done!, Elevator call,619.6454197,9,0,3,1, Done, dt, 28.354580299999952
648.0, elevID,1,  pos,0,  cmd, goto,-1
652.0,Elev,0,  arrived at dest, 1, this call is done!, Elevator call,626.2116172,0,1,3,0, Done, dt, 25.788382800000022
652.0, elevID,0,  pos,1,  cmd, goto,3
659.0,Elev,1,  arrived at src, -1, Elevator call,643.8547515,-1,2,2,1
659.0, elevID,1,  pos,-1,  cmd, goto,2
661.0,Elevator call,660.0732908,6,10,1,0, got allocated to elevator, 0
662.0,Elevator call,661.042082,-1,3,1,1, got allocated to elevator, 1
662.0, elevID,1,  pos,-1,  cmd, stop,-1
663.0,Elevator call,662.1730528,-1,5,1,0, got allocated to elevator, 0
664.0,Elev,0,  arrived at dest, 3, this call is done!, Elevator call,581.870309,0,3,3,0, Done, dt, 82.12969099999998
664.0,Elev,0,  arrived at dest, 3, this call is done!, Elevator call,617.9628339,0,3,3,0, Done, dt, 46.037166100000036
664.0, elevID,0,  pos,3,  cmd, goto,6
666.0,Elevator call,665.1155549,-1,8,1,1, got allocated to elevator, 1
667.0,Elevator call,666.0340295,4,0,1,0, got allocated to elevator, 0
667.0,Elevator call,666.2411587,5,-1,1,1, got allocated to elevator, 1
667.0, elevID,0,  pos,3,  cmd, stop,4
669.0,Elev,1,  arrived at src, -1, Elevator call,661.042082,-1,3,2,1
669.0,Elev,1,  arrived at src, -1, Elevator call,665.1155549,-1,8,2,1
669.0, elevID,1,  pos,-1,  cmd, goto,2
673.0,Elevator call,672.6773142,0,-1,1,0, got allocated to elevator, 0
675.0,Elev,0,  arrived at src, 4, Elevator call,666.0340295,4,0,2,0
675.0, elevID,0,  pos,4,  cmd, goto,6
678.0,Elevator call,677.7341948,0,-1,1,1, got allocated to elevator, 1
679.0,Elevator call,678.9953585,-1,-2,1,0, got allocated to elevator, 0
681.0,Elev,1,  arrived at dest, 2, this call is done!, Elevator call,643.8547515,-1,2,3,1, Done, dt, 37.14524849999998
681.0, elevID,1,  pos,2,  cmd, goto,3
687.0,Elev,0,  arrived at src, 6, Elevator call,660.0732908,6,10,2,0
687.0, elevID,0,  pos,6,  cmd, goto,10
692.0,Elev,1,  arrived at dest, 3, this call is done!, Elevator call,661.042082,-1,3,3,1, Done, dt, 30.95791799999995
692.0, elevID,1,  pos,3,  cmd, goto,5
696.0,Elevator call,695.2239882,0,10,1,1, got allocated to elevator, 1
701.0,Elev,0,  arrived at dest, 10, this call is done!, Elevator call,660.0732908,6,10,3,0, Done, dt, 40.926709200000005
701.0, elevID,0,  pos,10,  cmd, goto,0
703.0,Elev,1,  arrived at src, 5, Elevator call,666.2411587,5,-1,2,1
703.0, elevID,1,  pos,5,  cmd, goto,8
707.0,Elevator call,706.1583475,-1,-2,1,0, got allocated to elevator, 0
711.0,Elevator call,710.324977,0,1,1,1, got allocated to elevator, 1
714.0,Elevator call,713.0191971,1,0,1,0, got allocated to elevator, 0
714.0,Elevator call,713.2499766,10,-1,1,1, got allocated to elevator, 1
, elevID,0,  pos,2,  cmd, stop,1
715.0,Elev,1,  arrived at dest, 8, this call is done!, Elevator call,665.1155549,-1,8,3,1, Done, dt, 49.88444509999999
715.0, elevID,1,  pos,8,  cmd, goto,10
720.0,Elev,0,  arrived at src, 1, Elevator call,713.0191971,1,0,2,0
720.0, elevID,0,  pos,1,  cmd, goto,0
723.0,Elevator call,722.6161213,10,0,1,0, got allocated to elevator, 0
726.0,Elev,1,  arrived at src, 10, Elevator call,713.2499766,10,-1,2,1
726.0, elevID,1,  pos,10,  cmd, goto,0
728.0,Elevator call,727.5146029,-1,0,1,1, got allocated to elevator, 1
731.0,Elev,0,  arrived at dest, 0, this call is done!, Elevator call,666.0340295,4,0,3,0, Done, dt, 64.96597050000003
731.0,Elev,0,  arrived at src, 0, Elevator call,672.6773142,0,-1,2,0
731.0,Elev,0,  arrived at dest, 0, this call is done!, Elevator call,713.0191971,1,0,3,0, Done, dt, 17.980802899999958
731.0, elevID,0,  pos,0,  cmd, goto,-1
733.0,Elevator call,732.9746341,6,-1,1,0, got allocated to elevator, 0
738.0,Elevator call,737.3147202,1,0,1,1, got allocated to elevator, 1
741.0,Elev,1,  arrived at src, 0, Elevator call,677.7341948,0,-1,2,1
741.0,Elev,1,  arrived at src, 0, Elevator call,695.2239882,0,10,2,1
741.0,Elev,1,  arrived at src, 0, Elevator call,710.324977,0,1,2,1
741.0, elevID,1,  pos,0,  cmd, goto,-1
742.0,Elev,0,  arrived at src, -1, Elevator call,662.1730528,-1,5,2,0
742.0,Elev,0,  arrived at dest, -1, this call is done!, Elevator call,672.6773142,0,-1,3,0, Done, dt, 69.32268580000004
742.0,Elev,0,  arrived at src, -1, Elevator call,678.9953585,-1,-2,2,0
742.0,Elev,0,  arrived at src, -1, Elevator call,706.1583475,-1,-2,2,0
742.0, elevID,0,  pos,-1,  cmd, goto,-2
752.0,Elev,1,  arrived at dest, -1, this call is done!, Elevator call,666.2411587,5,-1,3,1, Done, dt, 85.75884129999997
752.0,Elev,1,  arrived at dest, -1, this call is done!, Elevator call,677.7341948,0,-1,3,1, Done, dt, 74.26580520000005
752.0,Elev,1,  arrived at dest, -1, this call is done!, Elevator call,713.2499766,10,-1,3,1, Done, dt, 38.75002340000003
752.0,Elev,1,  arrived at src, -1, Elevator call,727.5146029,-1,0,2,1
752.0, elevID,1,  pos,-1,  cmd, goto,0
753.0,Elev,0,  arrived at dest, -2, this call is done!, Elevator call,678.9953585,-1,-2,3,0, Done, dt, 74.00464150000005
753.0,Elev,0,  arrived at dest, -2, this call is done!, Elevator call,706.1583475,-1,-2,3,0, Done, dt, 46.84165250000001
753.0, elevID,0,  pos,-2,  cmd, goto,5
763.0,Elev,1,  arrived at dest, 0, this call is done!, Elevator call,727.5146029,-1,0,3,1, Done, dt, 35.4853971
763.0, elevID,1,  pos,0,  cmd, goto,1
770.0,Elev,0,  arrived at dest, 5, this call is done!, Elevator call,662.1730528,-1,5,3,0, Done, dt, 107.82694719999995
770.0, elevID,0,  pos,5,  cmd, goto,6
774.0,Elev,1,  arrived at dest, 1, this call is done!, Elevator call,710.324977,0,1,3,1, Done, dt, 63.67502300000001
774.0,Elev,1,  arrived at src, 1, Elevator call,737.3147202,1,0,2,1
774.0, elevID,1,  pos,1,  cmd, goto,10
780.0,Elevator call,779.3996914,-1,5,1,0, got allocated to elevator, 0
781.0,Elev,0,  arrived at src, 6, Elevator call,732.9746341,6,-1,2,0
781.0, elevID,0,  pos,6,  cmd, goto,10
789.0,Elev,1,  arrived at dest, 10, this call is done!, Elevator call,695.2239882,0,10,3,1, Done, dt, 93.77601179999999
789.0, elevID,1,  pos,10,  cmd, goto,0
795.0,Elev,0,  arrived at src, 10, Elevator call,722.6161213,10,0,2,0
795.0, elevID,0,  pos,10,  cmd, goto,0
804.0,Elev,1,  arrived at dest, 0, this call is done!, Elevator call,737.3147202,1,0,3,1, Done, dt, 66.68527979999999
806.0,Elevator call,805.6754743,-1,-2,1,1, got allocated to elevator, 1
806.0, elevID,1,  pos,0,  cmd, goto,-1
811.0,Elevator call,810.4469089,2,0,1,0, got allocated to elevator, 0
815.0,Elev,0,  arrived at dest, 0, this call is done!, Elevator call,722.6161213,10,0,3,0, Done, dt, 92.38387869999997
815.0, elevID,0,  pos,0,  cmd, goto,-1
817.0,Elevator call,816.1516998,7,-1,1,1, got allocated to elevator, 1
817.0,Elev,1,  arrived at src, -1, Elevator call,805.6754743,-1,-2,2,1
817.0, elevID,1,  pos,-1,  cmd, goto,-2
826.0,Elevator call,825.4575185,7,0,1,0, got allocated to elevator, 0
826.0,Elev,0,  arrived at dest, -1, this call is done!, Elevator call,732.9746341,6,-1,3,0, Done, dt, 93.0253659
826.0,Elev,0,  arrived at src, -1, Elevator call,779.3996914,-1,5,2,0
826.0, elevID,0,  pos,-1,  cmd, goto,2
828.0,Elev,1,  arrived at dest, -2, this call is done!, Elevator call,805.6754743,-1,-2,3,1, Done, dt, 22.32452569999998
828.0, elevID,1,  pos,-2,  cmd, goto,7
839.0,Elev,0,  arrived at src, 2, Elevator call,810.4469089,2,0,2,0
839.0, elevID,0,  pos,2,  cmd, goto,5
840.0,Elevator call,839.8525653,0,1,1,1, got allocated to elevator, 1
843.0,Elev,1,  arrived at src, 7, Elevator call,816.1516998,7,-1,2,1
843.0, elevID,1,  pos,7,  cmd, goto,0
852.0,Elev,0,  arrived at dest, 5, this call is done!, Elevator call,779.3996914,-1,5,3,0, Done, dt, 72.60030859999995
852.0, elevID,0,  pos,5,  cmd, goto,7
855.0,Elevator call,854.2002278,6,-1,1,0, got allocated to elevator, 0
855.0, elevID,0,  pos,5,  cmd, stop,6
857.0,Elev,1,  arrived at src, 0, Elevator call,839.8525653,0,1,2,1
857.0, elevID,1,  pos,0,  cmd, goto,-1
863.0,Elev,0,  arrived at src, 6, Elevator call,854.2002278,6,-1,2,0
863.0, elevID,0,  pos,6,  cmd, goto,7
864.0,Elevator call,863.8932913,0,-1,1,1, got allocated to elevator, 1
868.0,Elev,1,  arrived at dest, -1, this call is done!, Elevator call,816.1516998,7,-1,3,1, Done, dt, 51.84830020000004
868.0, elevID,1,  pos,-1,  cmd, goto,0
871.0,Elevator call,870.5053024,0,7,1,0, got allocated to elevator, 0
874.0,Elev,0,  arrived at src, 7, Elevator call,825.4575185,7,0,2,0
874.0, elevID,0,  pos,7,  cmd, goto,0
879.0,Elev,1,  arrived at src, 0, Elevator call,863.8932913,0,-1,2,1
879.0, elevID,1,  pos,0,  cmd, goto,1
887.0,Elevator call,886.5649993,-1,-2,1,1, got allocated to elevator, 1
890.0,Elev,1,  arrived at dest, 1, this call is done!, Elevator call,839.8525653,0,1,3,1, Done, dt, 50.14743469999996
890.0, elevID,1,  pos,1,  cmd, goto,-1
891.0,Elev,0,  arrived at dest, 0, this call is done!, Elevator call,810.4469089,2,0,3,0, Done, dt, 80.55309109999996
891.0,Elev,0,  arrived at dest, 0, this call is done!, Elevator call,825.4575185,7,0,3,0, Done, dt, 65.54248150000001
891.0,Elev,0,  arrived at src, 0, Elevator call,870.5053024,0,7,2,0
891.0, elevID,0,  pos,0,  cmd, goto,-1
893.0,Elevator call,892.5212151,9,-1,1,0, got allocated to elevator, 0
901.0,Elev,1,  arrived at dest, -1, this call is done!, Elevator call,863.8932913,0,-1,3,1, Done, dt, 37.10670870000001
901.0,Elev,1,  arrived at src, -1, Elevator call,886.5649993,-1,-2,2,1
901.0, elevID,1,  pos,-1,  cmd, goto,-2
902.0,Elev,0,  arrived at dest, -1, this call is done!, Elevator call,854.2002278,6,-1,3,0, Done, dt, 47.79977220000001
902.0, elevID,0,  pos,-1,  cmd, goto,7
911.0,Elevator call,910.5388559,6,5,1,1, got allocated to elevator, 1
912.0,Elev,1,  arrived at dest, -2, this call is done!, Elevator call,886.5649993,-1,-2,3,1, Done, dt, 25.435000700000046
912.0, elevID,1,  pos,-2,  cmd, goto,6
916.0,Elevator call,915.9490575,4,-1,1,0, got allocated to elevator, 0
920.0,Elev,0,  arrived at dest, 7, this call is done!, Elevator call,870.5053024,0,7,3,0, Done, dt, 49.494697599999995
920.0, elevID,0,  pos,7,  cmd, goto,9
926.0,Elev,1,  arrived at src, 6, Elevator call,910.5388559,6,5,2,1
926.0, elevID,1,  pos,6,  cmd, goto,5
932.0,Elev,0,  arrived at src, 9, Elevator call,892.5212151,9,-1,2,0
932.0, elevID,0,  pos,9,  cmd, goto,4
934.0,Elevator call,933.8580452,7,5,1,1, got allocated to elevator, 1
937.0,Elev,1,  arrived at dest, 5, this call is done!, Elevator call,910.5388559,6,5,3,1, Done, dt, 26.461144099999956
937.0, elevID,1,  pos,5,  cmd, goto,7
947.0,Elev,0,  arrived at src, 4, Elevator call,915.9490575,4,-1,2,0
947.0, elevID,0,  pos,4,  cmd, goto,-1
948.0,Elev,1,  arrived at src, 7, Elevator call,933.8580452,7,5,2,1
948.0, elevID,1,  pos,7,  cmd, goto,5
959.0,Elev,1,  arrived at dest, 5, this call is done!, Elevator call,933.8580452,7,5,3,1, Done, dt, 25.141954800000008
962.0,Elevator call,961.6862856,6,-1,1,0, got allocated to elevator, 0
962.0,Elev,0,  arrived at dest, -1, this call is done!, Elevator call,892.5212151,9,-1,3,0, Done, dt, 69.47878490000005
962.0,Elev,0,  arrived at dest, -1, this call is done!, Elevator call,915.9490575,4,-1,3,0, Done, dt, 46.05094250000002
962.0, elevID,0,  pos,-1,  cmd, goto,6
973.0,Elevator call,972.8032126,1,0,1,1, got allocated to elevator, 1
973.0, elevID,1,  pos,5,  cmd, goto,1
976.0,Elevator call,975.8361203,0,-1,1,0, got allocated to elevator, 0
979.0,Elevator call,978.5925149,10,0,1,1, got allocated to elevator, 1
979.0,Elevator call,978.6210501,10,-1,1,0, got allocated to elevator, 0
979.0,Elev,0,  arrived at src, 6, Elevator call,961.6862856,6,-1,2,0
979.0, elevID,0,  pos,6,  cmd, goto,10
985.0,Elevator call,984.1840186,7,0,1,1, got allocated to elevator, 1
985.0,Elev,1,  arrived at src, 1, Elevator call,972.8032126,1,0,2,1
985.0, elevID,1,  pos,1,  cmd, goto,0
993.0,Elev,0,  arrived at src, 10, Elevator call,978.6210501,10,-1,2,0
993.0, elevID,0,  pos,10,  cmd, goto,0
996.0,Elev,1,  arrived at dest, 0, this call is done!, Elevator call,972.8032126,1,0,3,1, Done, dt, 23.19678739999995
996.0, elevID,1,  pos,0,  cmd, goto,7
1010.0,Elev,1,  arrived at src, 7, Elevator call,984.1840186,7,0,2,1
1010.0, elevID,1,  pos,7,  cmd, goto,10
1013.0,Elev,0,  arrived at src, 0, Elevator call,975.8361203,0,-1,2,0
1013.0, elevID,0,  pos,0,  cmd, goto,-1
1022.0,Elev,1,  arrived at src, 10, Elevator call,978.5925149,10,0,2,1
1022.0, elevID,1,  pos,10,  cmd, goto,0
1024.0,Elev,0,  arrived at dest, -1, this call is done!, Elevator call,961.6862856,6,-1,3,0, Done, dt, 62.31371439999998
1024.0,Elev,0,  arrived at dest, -1, this call is done!, Elevator call,975.8361203,0,-1,3,0, Done, dt, 48.16387970000005
1024.0,Elev,0,  arrived at dest, -1, this call is done!, Elevator call,978.6210501,10,-1,3,0, Done, dt, 45.37894989999995
1037.0,Elev,1,  arrived at dest, 0, this call is done!, Elevator call,978.5925149,10,0,3,1, Done, dt, 58.40748510000003
1037.0,Elev,1,  arrived at dest, 0, this call is done!, Elevator call,984.1840186,7,0,3,1, Done, dt, 52.815981400000055
1038.0,************* Simulation Ended ************
Code Owners,342615648,207029786,  Building_file,B2.json,  Calls,B2a.csv
Total waiting time: 4713.0,  average waiting time per call: 47.60606060606061,  unCompleted calls,0,  certificate, -384477455
