Ex1 (OOP) Simulator log: stage B5.json,  B5a.csv
0.0,OOP_Ex1_Elevator_Simulator
0.0,Simulated Building, Building [-10,100]
0) ex1.Elevator_A, Elev_, id,0,  speed, 9.0, open: 1.1111111111111112,  start: 1.6666666666666667, close: 1.1111111111111112,  stop: 1.6666666666666667
1) ex1.Elevator_A, Elev_, id,1,  speed, 7.0, open: 1.4285714285714286,  start: 2.142857142857143, close: 1.4285714285714286,  stop: 2.142857142857143
2) ex1.Elevator_A, Elev_, id,2,  speed, 5.0, open: 2.0,  start: 3.0, close: 2.0,  stop: 3.0
3) ex1.Elevator_A, Elev_, id,3,  speed, 5.0, open: 2.0,  start: 3.0, close: 2.0,  stop: 3.0
4) ex1.Elevator_A, Elev_, id,4,  speed, 3.0, open: 2.0,  start: 3.0, close: 2.0,  stop: 3.0
5) ex1.Elevator_A, Elev_, id,5,  speed, 3.0, open: 2.0,  start: 3.0, close: 2.0,  stop: 3.0
6) ex1.Elevator_A, Elev_, id,6,  speed, 1.5, open: 2.0,  start: 3.0, close: 2.0,  stop: 3.0
7) ex1.Elevator_A, Elev_, id,7,  speed, 9.0, open: 1.1111111111111112,  start: 1.6666666666666667, close: 1.1111111111111112,  stop: 1.6666666666666667
8) ex1.Elevator_A, Elev_, id,8,  speed, 9.0, open: 1.1111111111111112,  start: 1.6666666666666667, close: 1.1111111111111112,  stop: 1.6666666666666667
9) ex1.Elevator_A, Elev_, id,9,  speed, 2.0, open: 2.0,  start: 3.0, close: 2.0,  stop: 3.0

0.0,Simulated Period starTime,0.0,  endTime,1104.1840186,  dt,1.0
0.0,Simulated  calls,Elevator log, size: 99
0.0,**** Simulation starts!! ****
17.0,Elevator call,16.95788289,-1,0,1,9, got allocated to elevator, 9
17.0, elevID,9,  pos,0,  cmd, goto,-1
23.0,Elevator call,22.0940563,0,-1,1,0, got allocated to elevator, 0
23.0,Elev,0,  arrived at src, 0, Elevator call,22.0940563,0,-1,2,0
23.0, elevID,0,  pos,0,  cmd, goto,-1
28.0,Elev,9,  arrived at src, -1, Elevator call,16.95788289,-1,0,2,9
28.0, elevID,9,  pos,-1,  cmd, goto,0
29.0,Elev,0,  arrived at dest, -1, this call is done!, Elevator call,22.0940563,0,-1,3,0, Done, dt, 6.905943700000002
39.0,Elev,9,  arrived at dest, 0, this call is done!, Elevator call,16.95788289,-1,0,3,9, Done, dt, 22.04211711
86.0,Elevator call,85.52096662,3,2,1,1, got allocated to elevator, 1
86.0, elevID,1,  pos,0,  cmd, goto,3
92.0,Elevator call,91.21019413,-1,-2,1,2, got allocated to elevator, 2
92.0, elevID,2,  pos,0,  cmd, goto,-1
94.0,Elev,1,  arrived at src, 3, Elevator call,85.52096662,3,2,2,1
94.0, elevID,1,  pos,3,  cmd, goto,2
102.0,Elev,1,  arrived at dest, 2, this call is done!, Elevator call,85.52096662,3,2,3,1, Done, dt, 16.479033380000004
103.0,Elev,2,  arrived at src, -1, Elevator call,91.21019413,-1,-2,2,2
103.0, elevID,2,  pos,-1,  cmd, goto,-2
105.0,Elevator call,104.1370124,0,4,1,3, got allocated to elevator, 3
105.0,Elev,3,  arrived at src, 0, Elevator call,104.1370124,0,4,2,3
105.0, elevID,3,  pos,0,  cmd, goto,4
110.0,Elevator call,109.2135291,-1,0,1,4, got allocated to elevator, 4
110.0, elevID,4,  pos,0,  cmd, goto,-1
114.0,Elev,2,  arrived at dest, -2, this call is done!, Elevator call,91.21019413,-1,-2,3,2, Done, dt, 22.789805869999995
115.0,Elevator call,114.392351,3,0,1,5, got allocated to elevator, 5
115.0, elevID,5,  pos,0,  cmd, goto,3
116.0,Elev,3,  arrived at dest, 4, this call is done!, Elevator call,104.1370124,0,4,3,3, Done, dt, 11.862987599999997
121.0,Elev,4,  arrived at src, -1, Elevator call,109.2135291,-1,0,2,4
121.0, elevID,4,  pos,-1,  cmd, goto,0
125.0,Elevator call,124.425571,0,9,1,6, got allocated to elevator, 6
125.0,Elev,6,  arrived at src, 0, Elevator call,124.425571,0,9,2,6
125.0, elevID,6,  pos,0,  cmd, goto,9
126.0,Elev,5,  arrived at src, 3, Elevator call,114.392351,3,0,2,5
126.0, elevID,5,  pos,3,  cmd, goto,0
131.0,Elevator call,130.0249568,8,10,1,7, got allocated to elevator, 7
131.0,Elevator call,130.2249113,-1,1,1,8, got allocated to elevator, 8
131.0, elevID,7,  pos,0,  cmd, goto,8
131.0, elevID,8,  pos,0,  cmd, goto,-1
132.0,Elev,4,  arrived at dest, 0, this call is done!, Elevator call,109.2135291,-1,0,3,4, Done, dt, 22.786470899999998
137.0,Elev,5,  arrived at dest, 0, this call is done!, Elevator call,114.392351,3,0,3,5, Done, dt, 22.607648999999995
137.0,Elev,8,  arrived at src, -1, Elevator call,130.2249113,-1,1,2,8
137.0, elevID,8,  pos,-1,  cmd, goto,1
138.0,Elevator call,137.9515274,0,4,1,9, got allocated to elevator, 9
138.0,Elev,7,  arrived at src, 8, Elevator call,130.0249568,8,10,2,7
138.0, elevID,7,  pos,8,  cmd, goto,10
138.0,Elev,9,  arrived at src, 0, Elevator call,137.9515274,0,4,2,9
138.0, elevID,9,  pos,0,  cmd, goto,4
141.0,Elev,6,  arrived at dest, 9, this call is done!, Elevator call,124.425571,0,9,3,6, Done, dt, 16.574428999999995
143.0,Elev,8,  arrived at dest, 1, this call is done!, Elevator call,130.2249113,-1,1,3,8, Done, dt, 12.775088699999998
144.0,Elevator call,143.9133584,0,6,1,0, got allocated to elevator, 0
144.0, elevID,0,  pos,-1,  cmd, goto,0
144.0,Elev,7,  arrived at dest, 10, this call is done!, Elevator call,130.0249568,8,10,3,7, Done, dt, 13.975043199999988
150.0,Elev,0,  arrived at src, 0, Elevator call,143.9133584,0,6,2,0
150.0, elevID,0,  pos,0,  cmd, goto,6
150.0,Elev,9,  arrived at dest, 4, this call is done!, Elevator call,137.9515274,0,4,3,9, Done, dt, 12.048472599999997
157.0,Elev,0,  arrived at dest, 6, this call is done!, Elevator call,143.9133584,0,6,3,0, Done, dt, 13.086641600000007
170.0,Elevator call,169.7845834,-1,0,1,1, got allocated to elevator, 1
170.0, elevID,1,  pos,2,  cmd, goto,-1
171.0,Elevator call,170.0099621,0,6,1,2, got allocated to elevator, 2
171.0, elevID,2,  pos,-2,  cmd, goto,0
172.0,Elevator call,171.2117332,-1,8,1,3, got allocated to elevator, 3
172.0, elevID,3,  pos,4,  cmd, goto,-1
175.0,Elevator call,174.8438515,0,-1,1,4, got allocated to elevator, 4
175.0,Elev,4,  arrived at src, 0, Elevator call,174.8438515,0,-1,2,4
175.0, elevID,4,  pos,0,  cmd, goto,-1
178.0,Elev,1,  arrived at src, -1, Elevator call,169.7845834,-1,0,2,1
178.0, elevID,1,  pos,-1,  cmd, goto,0
182.0,Elev,2,  arrived at src, 0, Elevator call,170.0099621,0,6,2,2
182.0, elevID,2,  pos,0,  cmd, goto,6
183.0,Elev,3,  arrived at src, -1, Elevator call,171.2117332,-1,8,2,3
183.0, elevID,3,  pos,-1,  cmd, goto,8
186.0,Elev,1,  arrived at dest, 0, this call is done!, Elevator call,169.7845834,-1,0,3,1, Done, dt, 16.215416599999998
186.0,Elev,4,  arrived at dest, -1, this call is done!, Elevator call,174.8438515,0,-1,3,4, Done, dt, 11.1561485
188.0,Elevator call,187.1167862,-1,-2,1,5, got allocated to elevator, 5
188.0,Elevator call,187.7299318,-1,-2,1,6, got allocated to elevator, 6
188.0, elevID,5,  pos,0,  cmd, goto,-1
188.0, elevID,6,  pos,9,  cmd, goto,-1
194.0,Elev,2,  arrived at dest, 6, this call is done!, Elevator call,170.0099621,0,6,3,2, Done, dt, 23.990037900000004
195.0,Elev,3,  arrived at dest, 8, this call is done!, Elevator call,171.2117332,-1,8,3,3, Done, dt, 23.788266800000002
196.0,Elevator call,195.9086965,0,7,1,7, got allocated to elevator, 7
196.0, elevID,7,  pos,10,  cmd, goto,0
198.0,Elevator call,197.5359191,-1,1,1,8, got allocated to elevator, 8
198.0, elevID,8,  pos,1,  cmd, goto,-1
199.0,Elev,5,  arrived at src, -1, Elevator call,187.1167862,-1,-2,2,5
199.0, elevID,5,  pos,-1,  cmd, goto,-2
203.0,Elev,7,  arrived at src, 0, Elevator call,195.9086965,0,7,2,7
203.0, elevID,7,  pos,0,  cmd, goto,7
204.0,Elev,8,  arrived at src, -1, Elevator call,197.5359191,-1,1,2,8
204.0, elevID,8,  pos,-1,  cmd, goto,1
205.0,Elev,6,  arrived at src, -1, Elevator call,187.7299318,-1,-2,2,6
205.0, elevID,6,  pos,-1,  cmd, goto,-2
206.0,Elevator call,205.9895199,-1,0,1,9, got allocated to elevator, 9
206.0, elevID,9,  pos,4,  cmd, goto,-1
210.0,Elev,5,  arrived at dest, -2, this call is done!, Elevator call,187.1167862,-1,-2,3,5, Done, dt, 22.883213799999993
210.0,Elev,7,  arrived at dest, 7, this call is done!, Elevator call,195.9086965,0,7,3,7, Done, dt, 14.09130350000001
210.0,Elev,8,  arrived at dest, 1, this call is done!, Elevator call,197.5359191,-1,1,3,8, Done, dt, 12.464080899999999
216.0,Elev,6,  arrived at dest, -2, this call is done!, Elevator call,187.7299318,-1,-2,3,6, Done, dt, 28.270068199999997
219.0,Elev,9,  arrived at src, -1, Elevator call,205.9895199,-1,0,2,9
219.0, elevID,9,  pos,-1,  cmd, goto,0
228.0,Elevator call,227.0798305,-1,5,1,0, got allocated to elevator, 0
228.0, elevID,0,  pos,6,  cmd, goto,-1
230.0,Elev,9,  arrived at dest, 0, this call is done!, Elevator call,205.9895199,-1,0,3,9, Done, dt, 24.010480099999995
232.0,Elevator call,231.5157882,-1,0,1,1, got allocated to elevator, 1
232.0, elevID,1,  pos,0,  cmd, goto,-1
233.0,Elevator call,232.9504362,0,-1,1,2, got allocated to elevator, 2
233.0, elevID,2,  pos,6,  cmd, goto,0
235.0,Elev,0,  arrived at src, -1, Elevator call,227.0798305,-1,5,2,0
235.0, elevID,0,  pos,-1,  cmd, goto,5
240.0,Elev,1,  arrived at src, -1, Elevator call,231.5157882,-1,0,2,1
240.0, elevID,1,  pos,-1,  cmd, goto,0
242.0,Elev,0,  arrived at dest, 5, this call is done!, Elevator call,227.0798305,-1,5,3,0, Done, dt, 14.920169499999986
245.0,Elev,2,  arrived at src, 0, Elevator call,232.9504362,0,-1,2,2
245.0, elevID,2,  pos,0,  cmd, goto,-1
248.0,Elev,1,  arrived at dest, 0, this call is done!, Elevator call,231.5157882,-1,0,3,1, Done, dt, 16.484211799999997
252.0,Elevator call,251.1044469,-1,-2,1,3, got allocated to elevator, 3
252.0,Elevator call,251.2359335,0,9,1,4, got allocated to elevator, 4
252.0, elevID,3,  pos,8,  cmd, goto,-1
252.0, elevID,4,  pos,-1,  cmd, goto,0
255.0,Elevator call,254.6977153,3,4,1,5, got allocated to elevator, 5
255.0, elevID,5,  pos,-2,  cmd, goto,3
256.0,Elev,2,  arrived at dest, -1, this call is done!, Elevator call,232.9504362,0,-1,3,2, Done, dt, 23.049563799999987
258.0,Elevator call,257.7974435,-1,0,1,6, got allocated to elevator, 6
258.0, elevID,6,  pos,-2,  cmd, goto,-1
263.0,Elev,4,  arrived at src, 0, Elevator call,251.2359335,0,9,2,4
263.0, elevID,4,  pos,0,  cmd, goto,9
264.0,Elev,3,  arrived at src, -1, Elevator call,251.1044469,-1,-2,2,3
264.0, elevID,3,  pos,-1,  cmd, goto,-2
267.0,Elev,5,  arrived at src, 3, Elevator call,254.6977153,3,4,2,5
267.0, elevID,5,  pos,3,  cmd, goto,4
269.0,Elev,6,  arrived at src, -1, Elevator call,257.7974435,-1,0,2,6
269.0, elevID,6,  pos,-1,  cmd, goto,0
275.0,Elev,3,  arrived at dest, -2, this call is done!, Elevator call,251.1044469,-1,-2,3,3, Done, dt, 23.8955531
276.0,Elev,4,  arrived at dest, 9, this call is done!, Elevator call,251.2359335,0,9,3,4, Done, dt, 24.764066500000013
278.0,Elev,5,  arrived at dest, 4, this call is done!, Elevator call,254.6977153,3,4,3,5, Done, dt, 23.3022847
280.0,Elev,6,  arrived at dest, 0, this call is done!, Elevator call,257.7974435,-1,0,3,6, Done, dt, 22.202556500000014
296.0,Elevator call,295.7943357,0,1,1,7, got allocated to elevator, 7
296.0, elevID,7,  pos,7,  cmd, goto,0
303.0,Elev,7,  arrived at src, 0, Elevator call,295.7943357,0,1,2,7
303.0, elevID,7,  pos,0,  cmd, goto,1
305.0,Elevator call,304.9984388,6,0,1,8, got allocated to elevator, 8
305.0, elevID,8,  pos,1,  cmd, goto,6
309.0,Elev,7,  arrived at dest, 1, this call is done!, Elevator call,295.7943357,0,1,3,7, Done, dt, 13.205664300000024
310.0,Elevator call,309.3005383,0,-1,1,9, got allocated to elevator, 9
310.0,Elev,9,  arrived at src, 0, Elevator call,309.3005383,0,-1,2,9
310.0, elevID,9,  pos,0,  cmd, goto,-1
312.0,Elev,8,  arrived at src, 6, Elevator call,304.9984388,6,0,2,8
312.0, elevID,8,  pos,6,  cmd, goto,0
313.0,Elevator call,312.3018556,0,-1,1,0, got allocated to elevator, 0
313.0, elevID,0,  pos,5,  cmd, goto,0
317.0,Elevator call,316.0323783,0,-1,1,1, got allocated to elevator, 1
317.0,Elev,1,  arrived at src, 0, Elevator call,316.0323783,0,-1,2,1
317.0, elevID,1,  pos,0,  cmd, goto,-1
319.0,Elev,8,  arrived at dest, 0, this call is done!, Elevator call,304.9984388,6,0,3,8, Done, dt, 14.001561200000026
320.0,Elevator call,319.905202,6,5,1,2, got allocated to elevator, 2
320.0,Elev,0,  arrived at src, 0, Elevator call,312.3018556,0,-1,2,0
320.0, elevID,0,  pos,0,  cmd, goto,-1
320.0, elevID,2,  pos,-1,  cmd, goto,6
321.0,Elevator call,320.9760749,-1,0,1,3, got allocated to elevator, 3
321.0, elevID,3,  pos,-2,  cmd, goto,-1
321.0,Elev,9,  arrived at dest, -1, this call is done!, Elevator call,309.3005383,0,-1,3,9, Done, dt, 11.699461699999972
322.0,Elevator call,321.370409,7,-1,1,4, got allocated to elevator, 4
322.0, elevID,4,  pos,9,  cmd, goto,7
325.0,Elev,1,  arrived at dest, -1, this call is done!, Elevator call,316.0323783,0,-1,3,1, Done, dt, 8.967621699999995
326.0,Elev,0,  arrived at dest, -1, this call is done!, Elevator call,312.3018556,0,-1,3,0, Done, dt, 13.69814439999999
332.0,Elev,2,  arrived at src, 6, Elevator call,319.905202,6,5,2,2
332.0, elevID,2,  pos,6,  cmd, goto,5
332.0,Elev,3,  arrived at src, -1, Elevator call,320.9760749,-1,0,2,3
332.0, elevID,3,  pos,-1,  cmd, goto,0
333.0,Elevator call,332.4267319,0,10,1,5, got allocated to elevator, 5
333.0,Elev,4,  arrived at src, 7, Elevator call,321.370409,7,-1,2,4
333.0, elevID,4,  pos,7,  cmd, goto,-1
333.0, elevID,5,  pos,4,  cmd, goto,0
337.0,Elevator call,336.9304305,-1,0,1,6, got allocated to elevator, 6
337.0, elevID,6,  pos,0,  cmd, goto,-1
343.0,Elev,2,  arrived at dest, 5, this call is done!, Elevator call,319.905202,6,5,3,2, Done, dt, 23.094798000000026
343.0,Elev,3,  arrived at dest, 0, this call is done!, Elevator call,320.9760749,-1,0,3,3, Done, dt, 22.023925099999985
345.0,Elev,5,  arrived at src, 0, Elevator call,332.4267319,0,10,2,5
345.0, elevID,5,  pos,0,  cmd, goto,10
346.0,Elev,4,  arrived at dest, -1, this call is done!, Elevator call,321.370409,7,-1,3,4, Done, dt, 24.629591000000005
348.0,Elev,6,  arrived at src, -1, Elevator call,336.9304305,-1,0,2,6
348.0, elevID,6,  pos,-1,  cmd, goto,0
359.0,Elev,5,  arrived at dest, 10, this call is done!, Elevator call,332.4267319,0,10,3,5, Done, dt, 26.573268100000007
359.0,Elev,6,  arrived at dest, 0, this call is done!, Elevator call,336.9304305,-1,0,3,6, Done, dt, 22.0695695
376.0,Elevator call,375.490481,1,0,1,7, got allocated to elevator, 7
376.0,Elev,7,  arrived at src, 1, Elevator call,375.490481,1,0,2,7
376.0, elevID,7,  pos,1,  cmd, goto,0
382.0,Elev,7,  arrived at dest, 0, this call is done!, Elevator call,375.490481,1,0,3,7, Done, dt, 6.509519000000012
393.0,Elevator call,392.5160765,0,5,1,8, got allocated to elevator, 8
393.0,Elev,8,  arrived at src, 0, Elevator call,392.5160765,0,5,2,8
393.0, elevID,8,  pos,0,  cmd, goto,5
400.0,Elev,8,  arrived at dest, 5, this call is done!, Elevator call,392.5160765,0,5,3,8, Done, dt, 7.483923500000003
406.0,Elevator call,405.1821141,-1,10,1,9, got allocated to elevator, 9
406.0,Elev,9,  arrived at src, -1, Elevator call,405.1821141,-1,10,2,9
406.0, elevID,9,  pos,-1,  cmd, goto,10
422.0,Elev,9,  arrived at dest, 10, this call is done!, Elevator call,405.1821141,-1,10,3,9, Done, dt, 16.81788590000002
427.0,Elevator call,426.8615805,2,0,1,0, got allocated to elevator, 0
427.0, elevID,0,  pos,-1,  cmd, goto,2
433.0,Elev,0,  arrived at src, 2, Elevator call,426.8615805,2,0,2,0
433.0, elevID,0,  pos,2,  cmd, goto,0
438.0,Elevator call,437.1711158,1,0,1,1, got allocated to elevator, 1
438.0, elevID,1,  pos,-1,  cmd, goto,1
439.0,Elev,0,  arrived at dest, 0, this call is done!, Elevator call,426.8615805,2,0,3,0, Done, dt, 12.138419499999998
446.0,Elev,1,  arrived at src, 1, Elevator call,437.1711158,1,0,2,1
446.0, elevID,1,  pos,1,  cmd, goto,0
454.0,Elev,1,  arrived at dest, 0, this call is done!, Elevator call,437.1711158,1,0,3,1, Done, dt, 16.828884200000005
473.0,Elevator call,472.7445474,10,-1,1,2, got allocated to elevator, 2
473.0, elevID,2,  pos,5,  cmd, goto,10
484.0,Elev,2,  arrived at src, 10, Elevator call,472.7445474,10,-1,2,2
484.0, elevID,2,  pos,10,  cmd, goto,-1
497.0,Elev,2,  arrived at dest, -1, this call is done!, Elevator call,472.7445474,10,-1,3,2, Done, dt, 24.255452600000012
501.0,Elevator call,500.3712045,8,-1,1,3, got allocated to elevator, 3
501.0, elevID,3,  pos,0,  cmd, goto,8
504.0,Elevator call,503.1384784,1,-1,1,4, got allocated to elevator, 4
504.0, elevID,4,  pos,-1,  cmd, goto,1
505.0,Elevator call,504.4317942,0,-1,1,5, got allocated to elevator, 5
505.0, elevID,5,  pos,10,  cmd, goto,0
513.0,Elev,3,  arrived at src, 8, Elevator call,500.3712045,8,-1,2,3
513.0, elevID,3,  pos,8,  cmd, goto,-1
515.0,Elev,4,  arrived at src, 1, Elevator call,503.1384784,1,-1,2,4
515.0, elevID,4,  pos,1,  cmd, goto,-1
519.0,Elev,5,  arrived at src, 0, Elevator call,504.4317942,0,-1,2,5
519.0, elevID,5,  pos,0,  cmd, goto,-1
525.0,Elev,3,  arrived at dest, -1, this call is done!, Elevator call,500.3712045,8,-1,3,3, Done, dt, 24.628795500000024
526.0,Elev,4,  arrived at dest, -1, this call is done!, Elevator call,503.1384784,1,-1,3,4, Done, dt, 22.861521600000003
530.0,Elevator call,529.6277472,3,-1,1,6, got allocated to elevator, 6
530.0,Elev,5,  arrived at dest, -1, this call is done!, Elevator call,504.4317942,0,-1,3,5, Done, dt, 25.568205799999987
530.0, elevID,6,  pos,0,  cmd, goto,3
538.0,Elevator call,537.7866884,-1,6,1,7, got allocated to elevator, 7
538.0, elevID,7,  pos,0,  cmd, goto,-1
542.0,Elev,6,  arrived at src, 3, Elevator call,529.6277472,3,-1,2,6
542.0, elevID,6,  pos,3,  cmd, goto,-1
544.0,Elev,7,  arrived at src, -1, Elevator call,537.7866884,-1,6,2,7
544.0, elevID,7,  pos,-1,  cmd, goto,6
545.0,Elevator call,544.7880392,6,-1,1,8, got allocated to elevator, 8
545.0, elevID,8,  pos,5,  cmd, goto,6
551.0,Elev,7,  arrived at dest, 6, this call is done!, Elevator call,537.7866884,-1,6,3,7, Done, dt, 13.213311599999997
551.0,Elev,8,  arrived at src, 6, Elevator call,544.7880392,6,-1,2,8
551.0, elevID,8,  pos,6,  cmd, goto,-1
555.0,Elevator call,554.0892923,4,0,1,9, got allocated to elevator, 9
555.0,Elev,6,  arrived at dest, -1, this call is done!, Elevator call,529.6277472,3,-1,3,6, Done, dt, 25.372252799999956
555.0, elevID,9,  pos,10,  cmd, goto,4
558.0,Elevator call,557.244139,10,0,1,0, got allocated to elevator, 0
558.0, elevID,0,  pos,0,  cmd, goto,10
558.0,Elev,8,  arrived at dest, -1, this call is done!, Elevator call,544.7880392,6,-1,3,8, Done, dt, 13.211960800000043
565.0,Elev,0,  arrived at src, 10, Elevator call,557.244139,10,0,2,0
565.0, elevID,0,  pos,10,  cmd, goto,0
566.0,Elevator call,565.0195522,0,-1,1,1, got allocated to elevator, 1
566.0,Elev,1,  arrived at src, 0, Elevator call,565.0195522,0,-1,2,1
566.0, elevID,1,  pos,0,  cmd, goto,-1
568.0,Elev,9,  arrived at src, 4, Elevator call,554.0892923,4,0,2,9
568.0, elevID,9,  pos,4,  cmd, goto,0
572.0,Elev,0,  arrived at dest, 0, this call is done!, Elevator call,557.244139,10,0,3,0, Done, dt, 14.755860999999982
574.0,Elev,1,  arrived at dest, -1, this call is done!, Elevator call,565.0195522,0,-1,3,1, Done, dt, 8.980447799999979
580.0,Elev,9,  arrived at dest, 0, this call is done!, Elevator call,554.0892923,4,0,3,9, Done, dt, 25.91070769999999
582.0,Elevator call,581.870309,0,3,1,2, got allocated to elevator, 2
582.0, elevID,2,  pos,-1,  cmd, goto,0
593.0,Elev,2,  arrived at src, 0, Elevator call,581.870309,0,3,2,2
593.0, elevID,2,  pos,0,  cmd, goto,3
597.0,Elevator call,596.1232023,8,0,1,3, got allocated to elevator, 3
597.0, elevID,3,  pos,-1,  cmd, goto,8
601.0,Elevator call,600.931288,1,0,1,4, got allocated to elevator, 4
601.0, elevID,4,  pos,-1,  cmd, goto,1
604.0,Elevator call,603.9342327,7,0,1,5, got allocated to elevator, 5
604.0,Elev,2,  arrived at dest, 3, this call is done!, Elevator call,581.870309,0,3,3,2, Done, dt, 22.12969099999998
604.0, elevID,5,  pos,-1,  cmd, goto,7
609.0,Elev,3,  arrived at src, 8, Elevator call,596.1232023,8,0,2,3
609.0, elevID,3,  pos,8,  cmd, goto,0
612.0,Elev,4,  arrived at src, 1, Elevator call,600.931288,1,0,2,4
612.0, elevID,4,  pos,1,  cmd, goto,0
617.0,Elev,5,  arrived at src, 7, Elevator call,603.9342327,7,0,2,5
617.0, elevID,5,  pos,7,  cmd, goto,0
618.0,Elevator call,617.9628339,0,3,1,6, got allocated to elevator, 6
618.0, elevID,6,  pos,-1,  cmd, goto,0
620.0,Elevator call,619.6454197,9,0,1,7, got allocated to elevator, 7
620.0, elevID,7,  pos,6,  cmd, goto,9
621.0,Elev,3,  arrived at dest, 0, this call is done!, Elevator call,596.1232023,8,0,3,3, Done, dt, 24.876797699999997
623.0,Elev,4,  arrived at dest, 0, this call is done!, Elevator call,600.931288,1,0,3,4, Done, dt, 22.068712000000005
626.0,Elev,7,  arrived at src, 9, Elevator call,619.6454197,9,0,2,7
626.0, elevID,7,  pos,9,  cmd, goto,0
627.0,Elevator call,626.2116172,0,1,1,8, got allocated to elevator, 8
627.0, elevID,8,  pos,-1,  cmd, goto,0
629.0,Elev,6,  arrived at src, 0, Elevator call,617.9628339,0,3,2,6
629.0, elevID,6,  pos,0,  cmd, goto,3
630.0,Elev,5,  arrived at dest, 0, this call is done!, Elevator call,603.9342327,7,0,3,5, Done, dt, 26.065767299999948
633.0,Elev,7,  arrived at dest, 0, this call is done!, Elevator call,619.6454197,9,0,3,7, Done, dt, 13.354580299999952
633.0,Elev,8,  arrived at src, 0, Elevator call,626.2116172,0,1,2,8
633.0, elevID,8,  pos,0,  cmd, goto,1
639.0,Elev,8,  arrived at dest, 1, this call is done!, Elevator call,626.2116172,0,1,3,8, Done, dt, 12.788382800000022
641.0,Elev,6,  arrived at dest, 3, this call is done!, Elevator call,617.9628339,0,3,3,6, Done, dt, 23.037166100000036
644.0,Elevator call,643.8547515,-1,2,1,9, got allocated to elevator, 9
644.0, elevID,9,  pos,0,  cmd, goto,-1
655.0,Elev,9,  arrived at src, -1, Elevator call,643.8547515,-1,2,2,9
655.0, elevID,9,  pos,-1,  cmd, goto,2
661.0,Elevator call,660.0732908,6,10,1,0, got allocated to elevator, 0
661.0, elevID,0,  pos,0,  cmd, goto,6
662.0,Elevator call,661.042082,-1,3,1,1, got allocated to elevator, 1
662.0,Elev,1,  arrived at src, -1, Elevator call,661.042082,-1,3,2,1
662.0, elevID,1,  pos,-1,  cmd, goto,3
663.0,Elevator call,662.1730528,-1,5,1,2, got allocated to elevator, 2
663.0, elevID,2,  pos,3,  cmd, goto,-1
666.0,Elevator call,665.1155549,-1,8,1,3, got allocated to elevator, 3
666.0, elevID,3,  pos,0,  cmd, goto,-1
667.0,Elevator call,666.0340295,4,0,1,4, got allocated to elevator, 4
667.0,Elevator call,666.2411587,5,-1,1,5, got allocated to elevator, 5
667.0, elevID,4,  pos,0,  cmd, goto,4
667.0, elevID,5,  pos,0,  cmd, goto,5
667.0,Elev,9,  arrived at dest, 2, this call is done!, Elevator call,643.8547515,-1,2,3,9, Done, dt, 23.14524849999998
668.0,Elev,0,  arrived at src, 6, Elevator call,660.0732908,6,10,2,0
668.0, elevID,0,  pos,6,  cmd, goto,10
670.0,Elev,1,  arrived at dest, 3, this call is done!, Elevator call,661.042082,-1,3,3,1, Done, dt, 8.95791799999995
673.0,Elevator call,672.6773142,0,-1,1,6, got allocated to elevator, 6
673.0, elevID,6,  pos,3,  cmd, goto,0
674.0,Elev,0,  arrived at dest, 10, this call is done!, Elevator call,660.0732908,6,10,3,0, Done, dt, 13.926709200000005
674.0,Elev,2,  arrived at src, -1, Elevator call,662.1730528,-1,5,2,2
674.0, elevID,2,  pos,-1,  cmd, goto,5
677.0,Elev,3,  arrived at src, -1, Elevator call,665.1155549,-1,8,2,3
677.0, elevID,3,  pos,-1,  cmd, goto,8
678.0,Elevator call,677.7341948,0,-1,1,7, got allocated to elevator, 7
678.0,Elev,7,  arrived at src, 0, Elevator call,677.7341948,0,-1,2,7
678.0, elevID,7,  pos,0,  cmd, goto,-1
679.0,Elevator call,678.9953585,-1,-2,1,8, got allocated to elevator, 8
679.0,Elev,4,  arrived at src, 4, Elevator call,666.0340295,4,0,2,4
679.0, elevID,4,  pos,4,  cmd, goto,0
679.0,Elev,5,  arrived at src, 5, Elevator call,666.2411587,5,-1,2,5
679.0, elevID,5,  pos,5,  cmd, goto,-1
679.0, elevID,8,  pos,1,  cmd, goto,-1
684.0,Elev,7,  arrived at dest, -1, this call is done!, Elevator call,677.7341948,0,-1,3,7, Done, dt, 6.265805200000045
685.0,Elev,6,  arrived at src, 0, Elevator call,672.6773142,0,-1,2,6
685.0, elevID,6,  pos,0,  cmd, goto,-1
685.0,Elev,8,  arrived at src, -1, Elevator call,678.9953585,-1,-2,2,8
685.0, elevID,8,  pos,-1,  cmd, goto,-2
686.0,Elev,2,  arrived at dest, 5, this call is done!, Elevator call,662.1730528,-1,5,3,2, Done, dt, 23.82694719999995
689.0,Elev,3,  arrived at dest, 8, this call is done!, Elevator call,665.1155549,-1,8,3,3, Done, dt, 23.884445099999994
691.0,Elev,4,  arrived at dest, 0, this call is done!, Elevator call,666.0340295,4,0,3,4, Done, dt, 24.965970500000026
691.0,Elev,5,  arrived at dest, -1, this call is done!, Elevator call,666.2411587,5,-1,3,5, Done, dt, 24.758841299999972
691.0,Elev,8,  arrived at dest, -2, this call is done!, Elevator call,678.9953585,-1,-2,3,8, Done, dt, 12.004641500000048
696.0,Elevator call,695.2239882,0,10,1,9, got allocated to elevator, 9
696.0,Elev,6,  arrived at dest, -1, this call is done!, Elevator call,672.6773142,0,-1,3,6, Done, dt, 23.322685800000045
696.0, elevID,9,  pos,2,  cmd, goto,0
707.0,Elevator call,706.1583475,-1,-2,1,0, got allocated to elevator, 0
707.0, elevID,0,  pos,10,  cmd, goto,-1
707.0,Elev,9,  arrived at src, 0, Elevator call,695.2239882,0,10,2,9
707.0, elevID,9,  pos,0,  cmd, goto,10
711.0,Elevator call,710.324977,0,1,1,1, got allocated to elevator, 1
711.0, elevID,1,  pos,3,  cmd, goto,0
714.0,Elevator call,713.0191971,1,0,1,2, got allocated to elevator, 2
714.0,Elevator call,713.2499766,10,-1,1,3, got allocated to elevator, 3
714.0,Elev,0,  arrived at src, -1, Elevator call,706.1583475,-1,-2,2,0
714.0, elevID,0,  pos,-1,  cmd, goto,-2
714.0, elevID,2,  pos,5,  cmd, goto,1
714.0, elevID,3,  pos,8,  cmd, goto,10
719.0,Elev,1,  arrived at src, 0, Elevator call,710.324977,0,1,2,1
719.0, elevID,1,  pos,0,  cmd, goto,1
720.0,Elev,0,  arrived at dest, -2, this call is done!, Elevator call,706.1583475,-1,-2,3,0, Done, dt, 13.84165250000001
722.0,Elev,9,  arrived at dest, 10, this call is done!, Elevator call,695.2239882,0,10,3,9, Done, dt, 26.776011799999992
723.0,Elevator call,722.6161213,10,0,1,4, got allocated to elevator, 4
723.0, elevID,4,  pos,0,  cmd, goto,10
725.0,Elev,2,  arrived at src, 1, Elevator call,713.0191971,1,0,2,2
725.0, elevID,2,  pos,1,  cmd, goto,0
725.0,Elev,3,  arrived at src, 10, Elevator call,713.2499766,10,-1,2,3
725.0, elevID,3,  pos,10,  cmd, goto,-1
727.0,Elev,1,  arrived at dest, 1, this call is done!, Elevator call,710.324977,0,1,3,1, Done, dt, 16.67502300000001
728.0,Elevator call,727.5146029,-1,0,1,5, got allocated to elevator, 5
728.0,Elev,5,  arrived at src, -1, Elevator call,727.5146029,-1,0,2,5
728.0, elevID,5,  pos,-1,  cmd, goto,0
733.0,Elevator call,732.9746341,6,-1,1,6, got allocated to elevator, 6
733.0, elevID,6,  pos,-1,  cmd, goto,6
736.0,Elev,2,  arrived at dest, 0, this call is done!, Elevator call,713.0191971,1,0,3,2, Done, dt, 22.980802899999958
737.0,Elev,4,  arrived at src, 10, Elevator call,722.6161213,10,0,2,4
737.0, elevID,4,  pos,10,  cmd, goto,0
738.0,Elevator call,737.3147202,1,0,1,7, got allocated to elevator, 7
738.0,Elev,3,  arrived at dest, -1, this call is done!, Elevator call,713.2499766,10,-1,3,3, Done, dt, 24.750023400000032
738.0, elevID,7,  pos,-1,  cmd, goto,1
739.0,Elev,5,  arrived at dest, 0, this call is done!, Elevator call,727.5146029,-1,0,3,5, Done, dt, 11.4853971
744.0,Elev,7,  arrived at src, 1, Elevator call,737.3147202,1,0,2,7
744.0, elevID,7,  pos,1,  cmd, goto,0
748.0,Elev,6,  arrived at src, 6, Elevator call,732.9746341,6,-1,2,6
748.0, elevID,6,  pos,6,  cmd, goto,-1
750.0,Elev,7,  arrived at dest, 0, this call is done!, Elevator call,737.3147202,1,0,3,7, Done, dt, 12.68527979999999
751.0,Elev,4,  arrived at dest, 0, this call is done!, Elevator call,722.6161213,10,0,3,4, Done, dt, 28.38387869999997
763.0,Elev,6,  arrived at dest, -1, this call is done!, Elevator call,732.9746341,6,-1,3,6, Done, dt, 30.025365899999997
780.0,Elevator call,779.3996914,-1,5,1,8, got allocated to elevator, 8
780.0, elevID,8,  pos,-2,  cmd, goto,-1
786.0,Elev,8,  arrived at src, -1, Elevator call,779.3996914,-1,5,2,8
786.0, elevID,8,  pos,-1,  cmd, goto,5
793.0,Elev,8,  arrived at dest, 5, this call is done!, Elevator call,779.3996914,-1,5,3,8, Done, dt, 13.600308599999948
806.0,Elevator call,805.6754743,-1,-2,1,9, got allocated to elevator, 9
806.0, elevID,9,  pos,10,  cmd, goto,-1
811.0,Elevator call,810.4469089,2,0,1,0, got allocated to elevator, 0
811.0, elevID,0,  pos,-2,  cmd, goto,2
817.0,Elevator call,816.1516998,7,-1,1,1, got allocated to elevator, 1
817.0,Elev,0,  arrived at src, 2, Elevator call,810.4469089,2,0,2,0
817.0, elevID,0,  pos,2,  cmd, goto,0
817.0, elevID,1,  pos,1,  cmd, goto,7
822.0,Elev,9,  arrived at src, -1, Elevator call,805.6754743,-1,-2,2,9
822.0, elevID,9,  pos,-1,  cmd, goto,-2
823.0,Elev,0,  arrived at dest, 0, this call is done!, Elevator call,810.4469089,2,0,3,0, Done, dt, 12.55309109999996
825.0,Elev,1,  arrived at src, 7, Elevator call,816.1516998,7,-1,2,1
825.0, elevID,1,  pos,7,  cmd, goto,-1
826.0,Elevator call,825.4575185,7,0,1,2, got allocated to elevator, 2
826.0, elevID,2,  pos,0,  cmd, goto,7
833.0,Elev,9,  arrived at dest, -2, this call is done!, Elevator call,805.6754743,-1,-2,3,9, Done, dt, 27.32452569999998
834.0,Elev,1,  arrived at dest, -1, this call is done!, Elevator call,816.1516998,7,-1,3,1, Done, dt, 17.84830020000004
838.0,Elev,2,  arrived at src, 7, Elevator call,825.4575185,7,0,2,2
838.0, elevID,2,  pos,7,  cmd, goto,0
840.0,Elevator call,839.8525653,0,1,1,3, got allocated to elevator, 3
840.0, elevID,3,  pos,-1,  cmd, goto,0
850.0,Elev,2,  arrived at dest, 0, this call is done!, Elevator call,825.4575185,7,0,3,2, Done, dt, 24.542481500000008
851.0,Elev,3,  arrived at src, 0, Elevator call,839.8525653,0,1,2,3
851.0, elevID,3,  pos,0,  cmd, goto,1
855.0,Elevator call,854.2002278,6,-1,1,4, got allocated to elevator, 4
855.0, elevID,4,  pos,0,  cmd, goto,6
862.0,Elev,3,  arrived at dest, 1, this call is done!, Elevator call,839.8525653,0,1,3,3, Done, dt, 22.147434699999963
864.0,Elevator call,863.8932913,0,-1,1,5, got allocated to elevator, 5
864.0,Elev,5,  arrived at src, 0, Elevator call,863.8932913,0,-1,2,5
864.0, elevID,5,  pos,0,  cmd, goto,-1
867.0,Elev,4,  arrived at src, 6, Elevator call,854.2002278,6,-1,2,4
867.0, elevID,4,  pos,6,  cmd, goto,-1
871.0,Elevator call,870.5053024,0,7,1,6, got allocated to elevator, 6
871.0, elevID,6,  pos,-1,  cmd, goto,0
875.0,Elev,5,  arrived at dest, -1, this call is done!, Elevator call,863.8932913,0,-1,3,5, Done, dt, 11.106708700000013
880.0,Elev,4,  arrived at dest, -1, this call is done!, Elevator call,854.2002278,6,-1,3,4, Done, dt, 25.799772200000007
882.0,Elev,6,  arrived at src, 0, Elevator call,870.5053024,0,7,2,6
882.0, elevID,6,  pos,0,  cmd, goto,7
887.0,Elevator call,886.5649993,-1,-2,1,7, got allocated to elevator, 7
887.0, elevID,7,  pos,0,  cmd, goto,-1
893.0,Elevator call,892.5212151,9,-1,1,8, got allocated to elevator, 8
893.0,Elev,7,  arrived at src, -1, Elevator call,886.5649993,-1,-2,2,7
893.0, elevID,7,  pos,-1,  cmd, goto,-2
893.0, elevID,8,  pos,5,  cmd, goto,9
897.0,Elev,6,  arrived at dest, 7, this call is done!, Elevator call,870.5053024,0,7,3,6, Done, dt, 26.494697599999995
899.0,Elev,7,  arrived at dest, -2, this call is done!, Elevator call,886.5649993,-1,-2,3,7, Done, dt, 12.435000700000046
899.0,Elev,8,  arrived at src, 9, Elevator call,892.5212151,9,-1,2,8
899.0, elevID,8,  pos,9,  cmd, goto,-1
906.0,Elev,8,  arrived at dest, -1, this call is done!, Elevator call,892.5212151,9,-1,3,8, Done, dt, 13.47878490000005
911.0,Elevator call,910.5388559,6,5,1,9, got allocated to elevator, 9
911.0, elevID,9,  pos,-2,  cmd, goto,6
916.0,Elevator call,915.9490575,4,-1,1,0, got allocated to elevator, 0
916.0, elevID,0,  pos,0,  cmd, goto,4
922.0,Elev,0,  arrived at src, 4, Elevator call,915.9490575,4,-1,2,0
922.0, elevID,0,  pos,4,  cmd, goto,-1
925.0,Elev,9,  arrived at src, 6, Elevator call,910.5388559,6,5,2,9
925.0, elevID,9,  pos,6,  cmd, goto,5
929.0,Elev,0,  arrived at dest, -1, this call is done!, Elevator call,915.9490575,4,-1,3,0, Done, dt, 13.05094250000002
934.0,Elevator call,933.8580452,7,5,1,1, got allocated to elevator, 1
934.0, elevID,1,  pos,-1,  cmd, goto,7
936.0,Elev,9,  arrived at dest, 5, this call is done!, Elevator call,910.5388559,6,5,3,9, Done, dt, 25.461144099999956
943.0,Elev,1,  arrived at src, 7, Elevator call,933.8580452,7,5,2,1
943.0, elevID,1,  pos,7,  cmd, goto,5
951.0,Elev,1,  arrived at dest, 5, this call is done!, Elevator call,933.8580452,7,5,3,1, Done, dt, 17.141954800000008
962.0,Elevator call,961.6862856,6,-1,1,2, got allocated to elevator, 2
962.0, elevID,2,  pos,0,  cmd, goto,6
973.0,Elevator call,972.8032126,1,0,1,3, got allocated to elevator, 3
973.0,Elev,3,  arrived at src, 1, Elevator call,972.8032126,1,0,2,3
973.0, elevID,3,  pos,1,  cmd, goto,0
974.0,Elev,2,  arrived at src, 6, Elevator call,961.6862856,6,-1,2,2
974.0, elevID,2,  pos,6,  cmd, goto,-1
976.0,Elevator call,975.8361203,0,-1,1,4, got allocated to elevator, 4
976.0, elevID,4,  pos,-1,  cmd, goto,0
979.0,Elevator call,978.5925149,10,0,1,5, got allocated to elevator, 5
979.0,Elevator call,978.6210501,10,-1,1,6, got allocated to elevator, 6
979.0, elevID,5,  pos,-1,  cmd, goto,10
979.0, elevID,6,  pos,7,  cmd, goto,10
984.0,Elev,3,  arrived at dest, 0, this call is done!, Elevator call,972.8032126,1,0,3,3, Done, dt, 11.196787399999948
985.0,Elevator call,984.1840186,7,0,1,7, got allocated to elevator, 7
985.0, elevID,7,  pos,-2,  cmd, goto,7
986.0,Elev,2,  arrived at dest, -1, this call is done!, Elevator call,961.6862856,6,-1,3,2, Done, dt, 24.31371439999998
987.0,Elev,4,  arrived at src, 0, Elevator call,975.8361203,0,-1,2,4
987.0, elevID,4,  pos,0,  cmd, goto,-1
991.0,Elev,6,  arrived at src, 10, Elevator call,978.6210501,10,-1,2,6
991.0, elevID,6,  pos,10,  cmd, goto,-1
992.0,Elev,7,  arrived at src, 7, Elevator call,984.1840186,7,0,2,7
992.0, elevID,7,  pos,7,  cmd, goto,0
993.0,Elev,5,  arrived at src, 10, Elevator call,978.5925149,10,0,2,5
993.0, elevID,5,  pos,10,  cmd, goto,0
998.0,Elev,4,  arrived at dest, -1, this call is done!, Elevator call,975.8361203,0,-1,3,4, Done, dt, 22.163879700000052
999.0,Elev,7,  arrived at dest, 0, this call is done!, Elevator call,984.1840186,7,0,3,7, Done, dt, 14.815981400000055
1007.0,Elev,5,  arrived at dest, 0, this call is done!, Elevator call,978.5925149,10,0,3,5, Done, dt, 28.40748510000003
1009.0,Elev,6,  arrived at dest, -1, this call is done!, Elevator call,978.6210501,10,-1,3,6, Done, dt, 30.378949899999952
1010.0,************* Simulation Ended ************
Code Owners,342615648,207029786,  Building_file,B5.json,  Calls,B5a.csv
Total waiting time: 1820.0,  average waiting time per call: 18.383838383838384,  unCompleted calls,0,  certificate, -485641382
