Ex1 (OOP) Simulator log: stage B3.json,  B3a.csv
0.0,OOP_Ex1_Elevator_Simulator
0.0,Simulated Building, Building [-10,100]
0) ex1.Elevator_A, Elev_, id,0,  speed, 3.0, open: 2.0,  start: 3.0, close: 2.0,  stop: 3.0
1) ex1.Elevator_A, Elev_, id,1,  speed, 7.0, open: 1.4285714285714286,  start: 2.142857142857143, close: 1.4285714285714286,  stop: 2.142857142857143

0.0,Simulated Period starTime,0.0,  endTime,1104.1840186,  dt,1.0
0.0,Simulated  calls,Elevator log, size: 99
0.0,**** Simulation starts!! ****
17.0,Elevator call,16.95788289,-1,0,1,1, got allocated to elevator, 1
17.0, elevID,1,  pos,0,  cmd, goto,-1
23.0,Elevator call,22.0940563,0,-1,1,0, got allocated to elevator, 0
23.0,Elev,0,  arrived at src, 0, Elevator call,22.0940563,0,-1,2,0
23.0, elevID,0,  pos,0,  cmd, goto,-1
25.0,Elev,1,  arrived at src, -1, Elevator call,16.95788289,-1,0,2,1
25.0, elevID,1,  pos,-1,  cmd, goto,0
33.0,Elev,1,  arrived at dest, 0, this call is done!, Elevator call,16.95788289,-1,0,3,1, Done, dt, 16.04211711
34.0,Elev,0,  arrived at dest, -1, this call is done!, Elevator call,22.0940563,0,-1,3,0, Done, dt, 11.905943700000002
86.0,Elevator call,85.52096662,3,2,1,1, got allocated to elevator, 1
86.0, elevID,1,  pos,0,  cmd, goto,3
92.0,Elevator call,91.21019413,-1,-2,1,0, got allocated to elevator, 0
92.0,Elev,0,  arrived at src, -1, Elevator call,91.21019413,-1,-2,2,0
92.0, elevID,0,  pos,-1,  cmd, goto,-2
94.0,Elev,1,  arrived at src, 3, Elevator call,85.52096662,3,2,2,1
94.0, elevID,1,  pos,3,  cmd, goto,2
102.0,Elev,1,  arrived at dest, 2, this call is done!, Elevator call,85.52096662,3,2,3,1, Done, dt, 16.479033380000004
103.0,Elev,0,  arrived at dest, -2, this call is done!, Elevator call,91.21019413,-1,-2,3,0, Done, dt, 11.789805869999995
105.0,Elevator call,104.1370124,0,4,1,1, got allocated to elevator, 1
105.0, elevID,1,  pos,2,  cmd, goto,0
110.0,Elevator call,109.2135291,-1,0,1,0, got allocated to elevator, 0
110.0, elevID,0,  pos,-2,  cmd, goto,-1
113.0,Elev,1,  arrived at src, 0, Elevator call,104.1370124,0,4,2,1
113.0, elevID,1,  pos,0,  cmd, goto,4
115.0,Elevator call,114.392351,3,0,1,1, got allocated to elevator, 1
115.0, elevID,1,  pos,0,  cmd, stop,3
121.0,Elev,0,  arrived at src, -1, Elevator call,109.2135291,-1,0,2,0
121.0, elevID,0,  pos,-1,  cmd, goto,0
121.0,Elev,1,  arrived at src, 3, Elevator call,114.392351,3,0,2,1
121.0, elevID,1,  pos,3,  cmd, goto,4
125.0,Elevator call,124.425571,0,9,1,0, got allocated to elevator, 0
129.0,Elev,1,  arrived at dest, 4, this call is done!, Elevator call,104.1370124,0,4,3,1, Done, dt, 24.862987599999997
129.0, elevID,1,  pos,4,  cmd, goto,0
131.0,Elevator call,130.0249568,8,10,1,1, got allocated to elevator, 1
131.0,Elevator call,130.2249113,-1,1,1,0, got allocated to elevator, 0
132.0,Elev,0,  arrived at dest, 0, this call is done!, Elevator call,109.2135291,-1,0,3,0, Done, dt, 22.786470899999998
132.0,Elev,0,  arrived at src, 0, Elevator call,124.425571,0,9,2,0
132.0, elevID,0,  pos,0,  cmd, goto,9
137.0,Elev,1,  arrived at dest, 0, this call is done!, Elevator call,114.392351,3,0,3,1, Done, dt, 22.607648999999995
137.0, elevID,1,  pos,0,  cmd, goto,8
138.0,Elevator call,137.9515274,0,4,1,1, got allocated to elevator, 1
138.0, elevID,1,  pos,0,  cmd, stop,0
144.0,Elevator call,143.9133584,0,6,1,0, got allocated to elevator, 0
145.0,Elev,0,  arrived at dest, 9, this call is done!, Elevator call,124.425571,0,9,3,0, Done, dt, 20.574428999999995
145.0, elevID,0,  pos,9,  cmd, goto,0
145.0,Elev,1,  arrived at src, 0, Elevator call,137.9515274,0,4,2,1
145.0, elevID,1,  pos,0,  cmd, goto,4
153.0,Elev,1,  arrived at dest, 4, this call is done!, Elevator call,137.9515274,0,4,3,1, Done, dt, 15.048472599999997
153.0, elevID,1,  pos,4,  cmd, goto,8
158.0,Elev,0,  arrived at src, 0, Elevator call,143.9133584,0,6,2,0
158.0, elevID,0,  pos,0,  cmd, goto,-1
161.0,Elev,1,  arrived at src, 8, Elevator call,130.0249568,8,10,2,1
161.0, elevID,1,  pos,8,  cmd, goto,10
169.0,Elev,0,  arrived at src, -1, Elevator call,130.2249113,-1,1,2,0
169.0, elevID,0,  pos,-1,  cmd, goto,1
169.0,Elev,1,  arrived at dest, 10, this call is done!, Elevator call,130.0249568,8,10,3,1, Done, dt, 38.97504319999999
170.0,Elevator call,169.7845834,-1,0,1,1, got allocated to elevator, 1
170.0, elevID,1,  pos,10,  cmd, goto,-1
171.0,Elevator call,170.0099621,0,6,1,0, got allocated to elevator, 0
171.0, elevID,0,  pos,-1,  cmd, stop,0
172.0,Elevator call,171.2117332,-1,8,1,1, got allocated to elevator, 1
175.0,Elevator call,174.8438515,0,-1,1,0, got allocated to elevator, 0
179.0,Elev,1,  arrived at src, -1, Elevator call,169.7845834,-1,0,2,1
179.0,Elev,1,  arrived at src, -1, Elevator call,171.2117332,-1,8,2,1
179.0, elevID,1,  pos,-1,  cmd, goto,0
180.0,Elev,0,  arrived at src, 0, Elevator call,170.0099621,0,6,2,0
180.0,Elev,0,  arrived at src, 0, Elevator call,174.8438515,0,-1,2,0
180.0, elevID,0,  pos,0,  cmd, goto,1
187.0,Elev,1,  arrived at dest, 0, this call is done!, Elevator call,169.7845834,-1,0,3,1, Done, dt, 17.215416599999998
187.0, elevID,1,  pos,0,  cmd, goto,8
188.0,Elevator call,187.1167862,-1,-2,1,1, got allocated to elevator, 1
188.0,Elevator call,187.7299318,-1,-2,1,0, got allocated to elevator, 0
191.0,Elev,0,  arrived at dest, 1, this call is done!, Elevator call,130.2249113,-1,1,3,0, Done, dt, 60.7750887
191.0, elevID,0,  pos,1,  cmd, goto,6
196.0,Elevator call,195.9086965,0,7,1,1, got allocated to elevator, 1
196.0,Elev,1,  arrived at dest, 8, this call is done!, Elevator call,171.2117332,-1,8,3,1, Done, dt, 24.788266800000002
196.0, elevID,1,  pos,8,  cmd, goto,0
198.0,Elevator call,197.5359191,-1,1,1,0, got allocated to elevator, 0
203.0,Elev,0,  arrived at dest, 6, this call is done!, Elevator call,143.9133584,0,6,3,0, Done, dt, 59.08664160000001
203.0,Elev,0,  arrived at dest, 6, this call is done!, Elevator call,170.0099621,0,6,3,0, Done, dt, 32.990037900000004
203.0, elevID,0,  pos,6,  cmd, goto,-1
205.0,Elev,1,  arrived at src, 0, Elevator call,195.9086965,0,7,2,1
205.0, elevID,1,  pos,0,  cmd, goto,-1
206.0,Elevator call,205.9895199,-1,0,1,1, got allocated to elevator, 1
213.0,Elev,1,  arrived at src, -1, Elevator call,187.1167862,-1,-2,2,1
213.0,Elev,1,  arrived at src, -1, Elevator call,205.9895199,-1,0,2,1
213.0, elevID,1,  pos,-1,  cmd, goto,-2
216.0,Elev,0,  arrived at dest, -1, this call is done!, Elevator call,174.8438515,0,-1,3,0, Done, dt, 41.1561485
216.0,Elev,0,  arrived at src, -1, Elevator call,187.7299318,-1,-2,2,0
216.0,Elev,0,  arrived at src, -1, Elevator call,197.5359191,-1,1,2,0
216.0, elevID,0,  pos,-1,  cmd, goto,-2
221.0,Elev,1,  arrived at dest, -2, this call is done!, Elevator call,187.1167862,-1,-2,3,1, Done, dt, 33.88321379999999
221.0, elevID,1,  pos,-2,  cmd, goto,0
227.0,Elev,0,  arrived at dest, -2, this call is done!, Elevator call,187.7299318,-1,-2,3,0, Done, dt, 39.2700682
227.0, elevID,0,  pos,-2,  cmd, goto,1
228.0,Elevator call,227.0798305,-1,5,1,0, got allocated to elevator, 0
228.0, elevID,0,  pos,-2,  cmd, stop,-1
229.0,Elev,1,  arrived at dest, 0, this call is done!, Elevator call,205.9895199,-1,0,3,1, Done, dt, 23.010480099999995
229.0, elevID,1,  pos,0,  cmd, goto,7
232.0,Elevator call,231.5157882,-1,0,1,1, got allocated to elevator, 1
233.0,Elevator call,232.9504362,0,-1,1,0, got allocated to elevator, 0
238.0,Elev,0,  arrived at src, -1, Elevator call,227.0798305,-1,5,2,0
238.0, elevID,0,  pos,-1,  cmd, goto,0
238.0,Elev,1,  arrived at dest, 7, this call is done!, Elevator call,195.9086965,0,7,3,1, Done, dt, 42.09130350000001
238.0, elevID,1,  pos,7,  cmd, goto,-1
247.0,Elev,1,  arrived at src, -1, Elevator call,231.5157882,-1,0,2,1
247.0, elevID,1,  pos,-1,  cmd, goto,0
249.0,Elev,0,  arrived at src, 0, Elevator call,232.9504362,0,-1,2,0
249.0, elevID,0,  pos,0,  cmd, goto,1
252.0,Elevator call,251.1044469,-1,-2,1,1, got allocated to elevator, 1
252.0,Elevator call,251.2359335,0,9,1,0, got allocated to elevator, 0
252.0, elevID,0,  pos,0,  cmd, stop,0
255.0,Elevator call,254.6977153,3,4,1,1, got allocated to elevator, 1
255.0,Elev,1,  arrived at dest, 0, this call is done!, Elevator call,231.5157882,-1,0,3,1, Done, dt, 23.484211799999997
255.0, elevID,1,  pos,0,  cmd, goto,3
258.0,Elevator call,257.7974435,-1,0,1,0, got allocated to elevator, 0
259.0,Elev,0,  arrived at src, 0, Elevator call,251.2359335,0,9,2,0
259.0, elevID,0,  pos,0,  cmd, goto,1
263.0,Elev,1,  arrived at src, 3, Elevator call,254.6977153,3,4,2,1
263.0, elevID,1,  pos,3,  cmd, goto,4
270.0,Elev,0,  arrived at dest, 1, this call is done!, Elevator call,197.5359191,-1,1,3,0, Done, dt, 72.4640809
270.0, elevID,0,  pos,1,  cmd, goto,5
271.0,Elev,1,  arrived at dest, 4, this call is done!, Elevator call,254.6977153,3,4,3,1, Done, dt, 16.3022847
271.0, elevID,1,  pos,4,  cmd, goto,-1
279.0,Elev,1,  arrived at src, -1, Elevator call,251.1044469,-1,-2,2,1
279.0, elevID,1,  pos,-1,  cmd, goto,-2
282.0,Elev,0,  arrived at dest, 5, this call is done!, Elevator call,227.0798305,-1,5,3,0, Done, dt, 54.920169499999986
282.0, elevID,0,  pos,5,  cmd, goto,9
287.0,Elev,1,  arrived at dest, -2, this call is done!, Elevator call,251.1044469,-1,-2,3,1, Done, dt, 35.8955531
294.0,Elev,0,  arrived at dest, 9, this call is done!, Elevator call,251.2359335,0,9,3,0, Done, dt, 42.76406650000001
294.0, elevID,0,  pos,9,  cmd, goto,-1
296.0,Elevator call,295.7943357,0,1,1,1, got allocated to elevator, 1
296.0, elevID,1,  pos,-2,  cmd, goto,0
304.0,Elev,1,  arrived at src, 0, Elevator call,295.7943357,0,1,2,1
304.0, elevID,1,  pos,0,  cmd, goto,1
305.0,Elevator call,304.9984388,6,0,1,0, got allocated to elevator, 0
308.0,Elev,0,  arrived at dest, -1, this call is done!, Elevator call,232.9504362,0,-1,3,0, Done, dt, 75.04956379999999
308.0,Elev,0,  arrived at src, -1, Elevator call,257.7974435,-1,0,2,0
308.0, elevID,0,  pos,-1,  cmd, goto,0
310.0,Elevator call,309.3005383,0,-1,1,1, got allocated to elevator, 1
312.0,Elev,1,  arrived at dest, 1, this call is done!, Elevator call,295.7943357,0,1,3,1, Done, dt, 16.205664300000024
312.0, elevID,1,  pos,1,  cmd, goto,0
313.0,Elevator call,312.3018556,0,-1,1,0, got allocated to elevator, 0
317.0,Elevator call,316.0323783,0,-1,1,1, got allocated to elevator, 1
319.0,Elev,0,  arrived at dest, 0, this call is done!, Elevator call,257.7974435,-1,0,3,0, Done, dt, 61.202556500000014
319.0,Elev,0,  arrived at src, 0, Elevator call,312.3018556,0,-1,2,0
319.0, elevID,0,  pos,0,  cmd, goto,6
320.0,Elevator call,319.905202,6,5,1,0, got allocated to elevator, 0
320.0,Elev,1,  arrived at src, 0, Elevator call,309.3005383,0,-1,2,1
320.0,Elev,1,  arrived at src, 0, Elevator call,316.0323783,0,-1,2,1
320.0, elevID,1,  pos,0,  cmd, goto,-1
321.0,Elevator call,320.9760749,-1,0,1,1, got allocated to elevator, 1
322.0,Elevator call,321.370409,7,-1,1,0, got allocated to elevator, 0
328.0,Elev,1,  arrived at dest, -1, this call is done!, Elevator call,309.3005383,0,-1,3,1, Done, dt, 18.699461699999972
328.0,Elev,1,  arrived at dest, -1, this call is done!, Elevator call,316.0323783,0,-1,3,1, Done, dt, 11.967621699999995
328.0,Elev,1,  arrived at src, -1, Elevator call,320.9760749,-1,0,2,1
328.0, elevID,1,  pos,-1,  cmd, goto,0
331.0,Elev,0,  arrived at src, 6, Elevator call,304.9984388,6,0,2,0
331.0,Elev,0,  arrived at src, 6, Elevator call,319.905202,6,5,2,0
331.0, elevID,0,  pos,6,  cmd, goto,7
333.0,Elevator call,332.4267319,0,10,1,1, got allocated to elevator, 1
336.0,Elev,1,  arrived at dest, 0, this call is done!, Elevator call,320.9760749,-1,0,3,1, Done, dt, 15.023925099999985
336.0,Elev,1,  arrived at src, 0, Elevator call,332.4267319,0,10,2,1
336.0, elevID,1,  pos,0,  cmd, goto,10
337.0,Elevator call,336.9304305,-1,0,1,0, got allocated to elevator, 0
342.0,Elev,0,  arrived at src, 7, Elevator call,321.370409,7,-1,2,0
342.0, elevID,0,  pos,7,  cmd, goto,5
345.0,Elev,1,  arrived at dest, 10, this call is done!, Elevator call,332.4267319,0,10,3,1, Done, dt, 12.573268100000007
353.0,Elev,0,  arrived at dest, 5, this call is done!, Elevator call,319.905202,6,5,3,0, Done, dt, 33.094798000000026
353.0, elevID,0,  pos,5,  cmd, goto,0
365.0,Elev,0,  arrived at dest, 0, this call is done!, Elevator call,304.9984388,6,0,3,0, Done, dt, 60.001561200000026
365.0, elevID,0,  pos,0,  cmd, goto,-1
376.0,Elevator call,375.490481,1,0,1,1, got allocated to elevator, 1
376.0,Elev,0,  arrived at dest, -1, this call is done!, Elevator call,312.3018556,0,-1,3,0, Done, dt, 63.69814439999999
376.0,Elev,0,  arrived at dest, -1, this call is done!, Elevator call,321.370409,7,-1,3,0, Done, dt, 54.629591000000005
376.0,Elev,0,  arrived at src, -1, Elevator call,336.9304305,-1,0,2,0
376.0, elevID,0,  pos,-1,  cmd, goto,0
376.0, elevID,1,  pos,10,  cmd, goto,1
385.0,Elev,1,  arrived at src, 1, Elevator call,375.490481,1,0,2,1
385.0, elevID,1,  pos,1,  cmd, goto,0
387.0,Elev,0,  arrived at dest, 0, this call is done!, Elevator call,336.9304305,-1,0,3,0, Done, dt, 50.0695695
393.0,Elevator call,392.5160765,0,5,1,0, got allocated to elevator, 0
393.0,Elev,0,  arrived at src, 0, Elevator call,392.5160765,0,5,2,0
393.0, elevID,0,  pos,0,  cmd, goto,5
393.0,Elev,1,  arrived at dest, 0, this call is done!, Elevator call,375.490481,1,0,3,1, Done, dt, 17.50951900000001
405.0,Elev,0,  arrived at dest, 5, this call is done!, Elevator call,392.5160765,0,5,3,0, Done, dt, 12.483923500000003
406.0,Elevator call,405.1821141,-1,10,1,1, got allocated to elevator, 1
406.0, elevID,1,  pos,0,  cmd, goto,-1
414.0,Elev,1,  arrived at src, -1, Elevator call,405.1821141,-1,10,2,1
414.0, elevID,1,  pos,-1,  cmd, goto,10
423.0,Elev,1,  arrived at dest, 10, this call is done!, Elevator call,405.1821141,-1,10,3,1, Done, dt, 17.81788590000002
427.0,Elevator call,426.8615805,2,0,1,0, got allocated to elevator, 0
427.0, elevID,0,  pos,5,  cmd, goto,2
438.0,Elevator call,437.1711158,1,0,1,1, got allocated to elevator, 1
438.0,Elev,0,  arrived at src, 2, Elevator call,426.8615805,2,0,2,0
438.0, elevID,0,  pos,2,  cmd, goto,0
438.0, elevID,1,  pos,10,  cmd, goto,1
447.0,Elev,1,  arrived at src, 1, Elevator call,437.1711158,1,0,2,1
447.0, elevID,1,  pos,1,  cmd, goto,0
449.0,Elev,0,  arrived at dest, 0, this call is done!, Elevator call,426.8615805,2,0,3,0, Done, dt, 22.138419499999998
455.0,Elev,1,  arrived at dest, 0, this call is done!, Elevator call,437.1711158,1,0,3,1, Done, dt, 17.828884200000005
473.0,Elevator call,472.7445474,10,-1,1,0, got allocated to elevator, 0
473.0, elevID,0,  pos,0,  cmd, goto,10
487.0,Elev,0,  arrived at src, 10, Elevator call,472.7445474,10,-1,2,0
487.0, elevID,0,  pos,10,  cmd, goto,-1
501.0,Elevator call,500.3712045,8,-1,1,1, got allocated to elevator, 1
501.0,Elev,0,  arrived at dest, -1, this call is done!, Elevator call,472.7445474,10,-1,3,0, Done, dt, 28.255452600000012
501.0, elevID,1,  pos,0,  cmd, goto,8
504.0,Elevator call,503.1384784,1,-1,1,0, got allocated to elevator, 0
504.0, elevID,0,  pos,-1,  cmd, goto,1
505.0,Elevator call,504.4317942,0,-1,1,1, got allocated to elevator, 1
510.0,Elev,1,  arrived at src, 8, Elevator call,500.3712045,8,-1,2,1
510.0, elevID,1,  pos,8,  cmd, goto,0
515.0,Elev,0,  arrived at src, 1, Elevator call,503.1384784,1,-1,2,0
515.0, elevID,0,  pos,1,  cmd, goto,-1
519.0,Elev,1,  arrived at src, 0, Elevator call,504.4317942,0,-1,2,1
519.0, elevID,1,  pos,0,  cmd, goto,-1
526.0,Elev,0,  arrived at dest, -1, this call is done!, Elevator call,503.1384784,1,-1,3,0, Done, dt, 22.861521600000003
527.0,Elev,1,  arrived at dest, -1, this call is done!, Elevator call,500.3712045,8,-1,3,1, Done, dt, 26.628795500000024
527.0,Elev,1,  arrived at dest, -1, this call is done!, Elevator call,504.4317942,0,-1,3,1, Done, dt, 22.568205799999987
530.0,Elevator call,529.6277472,3,-1,1,0, got allocated to elevator, 0
530.0, elevID,0,  pos,-1,  cmd, goto,3
538.0,Elevator call,537.7866884,-1,6,1,1, got allocated to elevator, 1
538.0,Elev,1,  arrived at src, -1, Elevator call,537.7866884,-1,6,2,1
538.0, elevID,1,  pos,-1,  cmd, goto,6
542.0,Elev,0,  arrived at src, 3, Elevator call,529.6277472,3,-1,2,0
542.0, elevID,0,  pos,3,  cmd, goto,-1
545.0,Elevator call,544.7880392,6,-1,1,0, got allocated to elevator, 0
547.0,Elev,1,  arrived at dest, 6, this call is done!, Elevator call,537.7866884,-1,6,3,1, Done, dt, 9.213311599999997
554.0,Elev,0,  arrived at dest, -1, this call is done!, Elevator call,529.6277472,3,-1,3,0, Done, dt, 24.372252799999956
554.0, elevID,0,  pos,-1,  cmd, goto,6
555.0,Elevator call,554.0892923,4,0,1,1, got allocated to elevator, 1
555.0, elevID,1,  pos,6,  cmd, goto,4
558.0,Elevator call,557.244139,10,0,1,0, got allocated to elevator, 0
563.0,Elev,1,  arrived at src, 4, Elevator call,554.0892923,4,0,2,1
563.0, elevID,1,  pos,4,  cmd, goto,0
566.0,Elevator call,565.0195522,0,-1,1,1, got allocated to elevator, 1
567.0,Elev,0,  arrived at src, 6, Elevator call,544.7880392,6,-1,2,0
567.0, elevID,0,  pos,6,  cmd, goto,10
571.0,Elev,1,  arrived at dest, 0, this call is done!, Elevator call,554.0892923,4,0,3,1, Done, dt, 16.91070769999999
571.0,Elev,1,  arrived at src, 0, Elevator call,565.0195522,0,-1,2,1
571.0, elevID,1,  pos,0,  cmd, goto,-1
579.0,Elev,0,  arrived at src, 10, Elevator call,557.244139,10,0,2,0
579.0, elevID,0,  pos,10,  cmd, goto,0
579.0,Elev,1,  arrived at dest, -1, this call is done!, Elevator call,565.0195522,0,-1,3,1, Done, dt, 13.980447799999979
582.0,Elevator call,581.870309,0,3,1,0, got allocated to elevator, 0
593.0,Elev,0,  arrived at dest, 0, this call is done!, Elevator call,557.244139,10,0,3,0, Done, dt, 35.75586099999998
593.0,Elev,0,  arrived at src, 0, Elevator call,581.870309,0,3,2,0
593.0, elevID,0,  pos,0,  cmd, goto,-1
597.0,Elevator call,596.1232023,8,0,1,1, got allocated to elevator, 1
597.0, elevID,1,  pos,-1,  cmd, goto,8
601.0,Elevator call,600.931288,1,0,1,0, got allocated to elevator, 0
604.0,Elevator call,603.9342327,7,0,1,1, got allocated to elevator, 1
604.0,Elev,0,  arrived at dest, -1, this call is done!, Elevator call,544.7880392,6,-1,3,0, Done, dt, 59.21196080000004
604.0, elevID,0,  pos,-1,  cmd, goto,1
606.0,Elev,1,  arrived at src, 8, Elevator call,596.1232023,8,0,2,1
606.0, elevID,1,  pos,8,  cmd, goto,7
614.0,Elev,1,  arrived at src, 7, Elevator call,603.9342327,7,0,2,1
614.0, elevID,1,  pos,7,  cmd, goto,0
615.0,Elev,0,  arrived at src, 1, Elevator call,600.931288,1,0,2,0
615.0, elevID,0,  pos,1,  cmd, goto,3
618.0,Elevator call,617.9628339,0,3,1,0, got allocated to elevator, 0
620.0,Elevator call,619.6454197,9,0,1,1, got allocated to elevator, 1
623.0,Elev,1,  arrived at dest, 0, this call is done!, Elevator call,596.1232023,8,0,3,1, Done, dt, 26.876797699999997
623.0,Elev,1,  arrived at dest, 0, this call is done!, Elevator call,603.9342327,7,0,3,1, Done, dt, 19.065767299999948
623.0, elevID,1,  pos,0,  cmd, goto,9
626.0,Elev,0,  arrived at dest, 3, this call is done!, Elevator call,581.870309,0,3,3,0, Done, dt, 44.12969099999998
626.0, elevID,0,  pos,3,  cmd, goto,0
627.0,Elevator call,626.2116172,0,1,1,0, got allocated to elevator, 0
632.0,Elev,1,  arrived at src, 9, Elevator call,619.6454197,9,0,2,1
632.0, elevID,1,  pos,9,  cmd, goto,0
637.0,Elev,0,  arrived at dest, 0, this call is done!, Elevator call,600.931288,1,0,3,0, Done, dt, 36.068712000000005
637.0,Elev,0,  arrived at src, 0, Elevator call,617.9628339,0,3,2,0
637.0,Elev,0,  arrived at src, 0, Elevator call,626.2116172,0,1,2,0
637.0, elevID,0,  pos,0,  cmd, goto,1
641.0,Elev,1,  arrived at dest, 0, this call is done!, Elevator call,619.6454197,9,0,3,1, Done, dt, 21.354580299999952
644.0,Elevator call,643.8547515,-1,2,1,1, got allocated to elevator, 1
644.0, elevID,1,  pos,0,  cmd, goto,-1
648.0,Elev,0,  arrived at dest, 1, this call is done!, Elevator call,626.2116172,0,1,3,0, Done, dt, 21.788382800000022
648.0, elevID,0,  pos,1,  cmd, goto,3
652.0,Elev,1,  arrived at src, -1, Elevator call,643.8547515,-1,2,2,1
652.0, elevID,1,  pos,-1,  cmd, goto,2
659.0,Elev,0,  arrived at dest, 3, this call is done!, Elevator call,617.9628339,0,3,3,0, Done, dt, 41.037166100000036
660.0,Elev,1,  arrived at dest, 2, this call is done!, Elevator call,643.8547515,-1,2,3,1, Done, dt, 16.14524849999998
661.0,Elevator call,660.0732908,6,10,1,0, got allocated to elevator, 0
661.0, elevID,0,  pos,3,  cmd, goto,6
662.0,Elevator call,661.042082,-1,3,1,1, got allocated to elevator, 1
662.0, elevID,1,  pos,2,  cmd, goto,-1
663.0,Elevator call,662.1730528,-1,5,1,0, got allocated to elevator, 0
666.0,Elevator call,665.1155549,-1,8,1,1, got allocated to elevator, 1
667.0,Elevator call,666.0340295,4,0,1,0, got allocated to elevator, 0
667.0,Elevator call,666.2411587,5,-1,1,1, got allocated to elevator, 1
670.0,Elev,1,  arrived at src, -1, Elevator call,661.042082,-1,3,2,1
670.0,Elev,1,  arrived at src, -1, Elevator call,665.1155549,-1,8,2,1
670.0, elevID,1,  pos,-1,  cmd, goto,3
672.0,Elev,0,  arrived at src, 6, Elevator call,660.0732908,6,10,2,0
672.0, elevID,0,  pos,6,  cmd, goto,10
673.0,Elevator call,672.6773142,0,-1,1,0, got allocated to elevator, 0
678.0,Elevator call,677.7341948,0,-1,1,1, got allocated to elevator, 1
678.0,Elev,1,  arrived at dest, 3, this call is done!, Elevator call,661.042082,-1,3,3,1, Done, dt, 16.95791799999995
678.0, elevID,1,  pos,3,  cmd, goto,5
679.0,Elevator call,678.9953585,-1,-2,1,0, got allocated to elevator, 0
684.0,Elev,0,  arrived at dest, 10, this call is done!, Elevator call,660.0732908,6,10,3,0, Done, dt, 23.926709200000005
684.0, elevID,0,  pos,10,  cmd, goto,4
686.0,Elev,1,  arrived at src, 5, Elevator call,666.2411587,5,-1,2,1
686.0, elevID,1,  pos,5,  cmd, goto,8
694.0,Elev,1,  arrived at dest, 8, this call is done!, Elevator call,665.1155549,-1,8,3,1, Done, dt, 28.884445099999994
694.0, elevID,1,  pos,8,  cmd, goto,0
696.0,Elevator call,695.2239882,0,10,1,1, got allocated to elevator, 1
696.0,Elev,0,  arrived at src, 4, Elevator call,666.0340295,4,0,2,0
696.0, elevID,0,  pos,4,  cmd, goto,0
703.0,Elev,1,  arrived at src, 0, Elevator call,677.7341948,0,-1,2,1
703.0,Elev,1,  arrived at src, 0, Elevator call,695.2239882,0,10,2,1
703.0, elevID,1,  pos,0,  cmd, goto,-1
707.0,Elevator call,706.1583475,-1,-2,1,0, got allocated to elevator, 0
708.0,Elev,0,  arrived at dest, 0, this call is done!, Elevator call,666.0340295,4,0,3,0, Done, dt, 41.965970500000026
708.0,Elev,0,  arrived at src, 0, Elevator call,672.6773142,0,-1,2,0
708.0, elevID,0,  pos,0,  cmd, goto,-1
711.0,Elevator call,710.324977,0,1,1,1, got allocated to elevator, 1
711.0,Elev,1,  arrived at dest, -1, this call is done!, Elevator call,666.2411587,5,-1,3,1, Done, dt, 44.75884129999997
711.0,Elev,1,  arrived at dest, -1, this call is done!, Elevator call,677.7341948,0,-1,3,1, Done, dt, 33.265805200000045
711.0, elevID,1,  pos,-1,  cmd, goto,0
714.0,Elevator call,713.0191971,1,0,1,0, got allocated to elevator, 0
714.0,Elevator call,713.2499766,10,-1,1,1, got allocated to elevator, 1
719.0,Elev,0,  arrived at src, -1, Elevator call,662.1730528,-1,5,2,0
719.0,Elev,0,  arrived at dest, -1, this call is done!, Elevator call,672.6773142,0,-1,3,0, Done, dt, 46.322685800000045
719.0,Elev,0,  arrived at src, -1, Elevator call,678.9953585,-1,-2,2,0
719.0,Elev,0,  arrived at src, -1, Elevator call,706.1583475,-1,-2,2,0
719.0, elevID,0,  pos,-1,  cmd, goto,-2
719.0,Elev,1,  arrived at src, 0, Elevator call,710.324977,0,1,2,1
719.0, elevID,1,  pos,0,  cmd, goto,1
723.0,Elevator call,722.6161213,10,0,1,0, got allocated to elevator, 0
727.0,Elev,1,  arrived at dest, 1, this call is done!, Elevator call,710.324977,0,1,3,1, Done, dt, 16.67502300000001
727.0, elevID,1,  pos,1,  cmd, goto,10
728.0,Elevator call,727.5146029,-1,0,1,1, got allocated to elevator, 1
730.0,Elev,0,  arrived at dest, -2, this call is done!, Elevator call,678.9953585,-1,-2,3,0, Done, dt, 51.00464150000005
730.0,Elev,0,  arrived at dest, -2, this call is done!, Elevator call,706.1583475,-1,-2,3,0, Done, dt, 23.84165250000001
730.0, elevID,0,  pos,-2,  cmd, goto,1
733.0,Elevator call,732.9746341,6,-1,1,0, got allocated to elevator, 0
736.0,Elev,1,  arrived at dest, 10, this call is done!, Elevator call,695.2239882,0,10,3,1, Done, dt, 40.77601179999999
736.0,Elev,1,  arrived at src, 10, Elevator call,713.2499766,10,-1,2,1
736.0, elevID,1,  pos,10,  cmd, goto,-1
738.0,Elevator call,737.3147202,1,0,1,1, got allocated to elevator, 1
, elevID,1,  pos,10,  cmd, stop,1
741.0,Elev,0,  arrived at src, 1, Elevator call,713.0191971,1,0,2,0
741.0, elevID,0,  pos,1,  cmd, goto,5
745.0,Elev,1,  arrived at src, 1, Elevator call,737.3147202,1,0,2,1
745.0, elevID,1,  pos,1,  cmd, goto,0
753.0,Elev,0,  arrived at dest, 5, this call is done!, Elevator call,662.1730528,-1,5,3,0, Done, dt, 90.82694719999995
753.0, elevID,0,  pos,5,  cmd, goto,6
753.0,Elev,1,  arrived at dest, 0, this call is done!, Elevator call,737.3147202,1,0,3,1, Done, dt, 15.68527979999999
753.0, elevID,1,  pos,0,  cmd, goto,-1
761.0,Elev,1,  arrived at dest, -1, this call is done!, Elevator call,713.2499766,10,-1,3,1, Done, dt, 47.75002340000003
761.0,Elev,1,  arrived at src, -1, Elevator call,727.5146029,-1,0,2,1
761.0, elevID,1,  pos,-1,  cmd, goto,0
764.0,Elev,0,  arrived at src, 6, Elevator call,732.9746341,6,-1,2,0
764.0, elevID,0,  pos,6,  cmd, goto,10
769.0,Elev,1,  arrived at dest, 0, this call is done!, Elevator call,727.5146029,-1,0,3,1, Done, dt, 41.4853971
776.0,Elev,0,  arrived at src, 10, Elevator call,722.6161213,10,0,2,0
776.0, elevID,0,  pos,10,  cmd, goto,0
780.0,Elevator call,779.3996914,-1,5,1,0, got allocated to elevator, 0
790.0,Elev,0,  arrived at dest, 0, this call is done!, Elevator call,713.0191971,1,0,3,0, Done, dt, 76.98080289999996
790.0,Elev,0,  arrived at dest, 0, this call is done!, Elevator call,722.6161213,10,0,3,0, Done, dt, 67.38387869999997
790.0, elevID,0,  pos,0,  cmd, goto,-1
801.0,Elev,0,  arrived at dest, -1, this call is done!, Elevator call,732.9746341,6,-1,3,0, Done, dt, 68.0253659
801.0,Elev,0,  arrived at src, -1, Elevator call,779.3996914,-1,5,2,0
801.0, elevID,0,  pos,-1,  cmd, goto,5
806.0,Elevator call,805.6754743,-1,-2,1,1, got allocated to elevator, 1
806.0, elevID,1,  pos,0,  cmd, goto,-1
811.0,Elevator call,810.4469089,2,0,1,0, got allocated to elevator, 0
813.0,Elev,0,  arrived at dest, 5, this call is done!, Elevator call,779.3996914,-1,5,3,0, Done, dt, 33.60030859999995
813.0, elevID,0,  pos,5,  cmd, goto,2
814.0,Elev,1,  arrived at src, -1, Elevator call,805.6754743,-1,-2,2,1
814.0, elevID,1,  pos,-1,  cmd, goto,-2
817.0,Elevator call,816.1516998,7,-1,1,1, got allocated to elevator, 1
822.0,Elev,1,  arrived at dest, -2, this call is done!, Elevator call,805.6754743,-1,-2,3,1, Done, dt, 16.32452569999998
822.0, elevID,1,  pos,-2,  cmd, goto,7
824.0,Elev,0,  arrived at src, 2, Elevator call,810.4469089,2,0,2,0
824.0, elevID,0,  pos,2,  cmd, goto,0
826.0,Elevator call,825.4575185,7,0,1,0, got allocated to elevator, 0
831.0,Elev,1,  arrived at src, 7, Elevator call,816.1516998,7,-1,2,1
831.0, elevID,1,  pos,7,  cmd, goto,-1
835.0,Elev,0,  arrived at dest, 0, this call is done!, Elevator call,810.4469089,2,0,3,0, Done, dt, 24.55309109999996
835.0, elevID,0,  pos,0,  cmd, goto,7
840.0,Elevator call,839.8525653,0,1,1,1, got allocated to elevator, 1
840.0,Elev,1,  arrived at dest, -1, this call is done!, Elevator call,816.1516998,7,-1,3,1, Done, dt, 23.84830020000004
840.0, elevID,1,  pos,-1,  cmd, goto,0
848.0,Elev,0,  arrived at src, 7, Elevator call,825.4575185,7,0,2,0
848.0, elevID,0,  pos,7,  cmd, goto,0
848.0,Elev,1,  arrived at src, 0, Elevator call,839.8525653,0,1,2,1
848.0, elevID,1,  pos,0,  cmd, goto,1
855.0,Elevator call,854.2002278,6,-1,1,0, got allocated to elevator, 0
856.0,Elev,1,  arrived at dest, 1, this call is done!, Elevator call,839.8525653,0,1,3,1, Done, dt, 16.147434699999963
861.0,Elev,0,  arrived at dest, 0, this call is done!, Elevator call,825.4575185,7,0,3,0, Done, dt, 35.54248150000001
861.0, elevID,0,  pos,0,  cmd, goto,6
864.0,Elevator call,863.8932913,0,-1,1,1, got allocated to elevator, 1
864.0, elevID,1,  pos,1,  cmd, goto,0
871.0,Elevator call,870.5053024,0,7,1,0, got allocated to elevator, 0
872.0,Elev,1,  arrived at src, 0, Elevator call,863.8932913,0,-1,2,1
872.0, elevID,1,  pos,0,  cmd, goto,-1
873.0,Elev,0,  arrived at src, 6, Elevator call,854.2002278,6,-1,2,0
873.0, elevID,0,  pos,6,  cmd, goto,0
880.0,Elev,1,  arrived at dest, -1, this call is done!, Elevator call,863.8932913,0,-1,3,1, Done, dt, 16.106708700000013
885.0,Elev,0,  arrived at src, 0, Elevator call,870.5053024,0,7,2,0
885.0, elevID,0,  pos,0,  cmd, goto,-1
887.0,Elevator call,886.5649993,-1,-2,1,1, got allocated to elevator, 1
887.0,Elev,1,  arrived at src, -1, Elevator call,886.5649993,-1,-2,2,1
887.0, elevID,1,  pos,-1,  cmd, goto,-2
893.0,Elevator call,892.5212151,9,-1,1,0, got allocated to elevator, 0
895.0,Elev,1,  arrived at dest, -2, this call is done!, Elevator call,886.5649993,-1,-2,3,1, Done, dt, 8.435000700000046
896.0,Elev,0,  arrived at dest, -1, this call is done!, Elevator call,854.2002278,6,-1,3,0, Done, dt, 41.79977220000001
896.0, elevID,0,  pos,-1,  cmd, goto,7
909.0,Elev,0,  arrived at dest, 7, this call is done!, Elevator call,870.5053024,0,7,3,0, Done, dt, 38.494697599999995
909.0, elevID,0,  pos,7,  cmd, goto,9
911.0,Elevator call,910.5388559,6,5,1,1, got allocated to elevator, 1
911.0, elevID,1,  pos,-2,  cmd, goto,6
916.0,Elevator call,915.9490575,4,-1,1,0, got allocated to elevator, 0
920.0,Elev,0,  arrived at src, 9, Elevator call,892.5212151,9,-1,2,0
920.0, elevID,0,  pos,9,  cmd, goto,4
920.0,Elev,1,  arrived at src, 6, Elevator call,910.5388559,6,5,2,1
920.0, elevID,1,  pos,6,  cmd, goto,5
928.0,Elev,1,  arrived at dest, 5, this call is done!, Elevator call,910.5388559,6,5,3,1, Done, dt, 17.461144099999956
932.0,Elev,0,  arrived at src, 4, Elevator call,915.9490575,4,-1,2,0
932.0, elevID,0,  pos,4,  cmd, goto,-1
934.0,Elevator call,933.8580452,7,5,1,1, got allocated to elevator, 1
934.0, elevID,1,  pos,5,  cmd, goto,7
942.0,Elev,1,  arrived at src, 7, Elevator call,933.8580452,7,5,2,1
942.0, elevID,1,  pos,7,  cmd, goto,5
944.0,Elev,0,  arrived at dest, -1, this call is done!, Elevator call,892.5212151,9,-1,3,0, Done, dt, 51.47878490000005
944.0,Elev,0,  arrived at dest, -1, this call is done!, Elevator call,915.9490575,4,-1,3,0, Done, dt, 28.05094250000002
950.0,Elev,1,  arrived at dest, 5, this call is done!, Elevator call,933.8580452,7,5,3,1, Done, dt, 16.141954800000008
962.0,Elevator call,961.6862856,6,-1,1,0, got allocated to elevator, 0
962.0, elevID,0,  pos,-1,  cmd, goto,6
973.0,Elevator call,972.8032126,1,0,1,1, got allocated to elevator, 1
973.0, elevID,1,  pos,5,  cmd, goto,1
975.0,Elev,0,  arrived at src, 6, Elevator call,961.6862856,6,-1,2,0
975.0, elevID,0,  pos,6,  cmd, goto,-1
976.0,Elevator call,975.8361203,0,-1,1,0, got allocated to elevator, 0
, elevID,0,  pos,6,  cmd, stop,0
979.0,Elevator call,978.5925149,10,0,1,1, got allocated to elevator, 1
979.0,Elevator call,978.6210501,10,-1,1,0, got allocated to elevator, 0
981.0,Elev,1,  arrived at src, 1, Elevator call,972.8032126,1,0,2,1
981.0, elevID,1,  pos,1,  cmd, goto,0
985.0,Elevator call,984.1840186,7,0,1,1, got allocated to elevator, 1
987.0,Elev,0,  arrived at src, 0, Elevator call,975.8361203,0,-1,2,0
987.0, elevID,0,  pos,0,  cmd, goto,-1
989.0,Elev,1,  arrived at dest, 0, this call is done!, Elevator call,972.8032126,1,0,3,1, Done, dt, 16.19678739999995
989.0, elevID,1,  pos,0,  cmd, goto,7
998.0,Elev,0,  arrived at dest, -1, this call is done!, Elevator call,961.6862856,6,-1,3,0, Done, dt, 36.31371439999998
998.0,Elev,0,  arrived at dest, -1, this call is done!, Elevator call,975.8361203,0,-1,3,0, Done, dt, 22.163879700000052
998.0, elevID,0,  pos,-1,  cmd, goto,10
998.0,Elev,1,  arrived at src, 7, Elevator call,984.1840186,7,0,2,1
998.0, elevID,1,  pos,7,  cmd, goto,10
1006.0,Elev,1,  arrived at src, 10, Elevator call,978.5925149,10,0,2,1
1006.0, elevID,1,  pos,10,  cmd, goto,0
1012.0,Elev,0,  arrived at src, 10, Elevator call,978.6210501,10,-1,2,0
1012.0, elevID,0,  pos,10,  cmd, goto,-1
1015.0,Elev,1,  arrived at dest, 0, this call is done!, Elevator call,978.5925149,10,0,3,1, Done, dt, 36.40748510000003
1015.0,Elev,1,  arrived at dest, 0, this call is done!, Elevator call,984.1840186,7,0,3,1, Done, dt, 30.815981400000055
1026.0,Elev,0,  arrived at dest, -1, this call is done!, Elevator call,978.6210501,10,-1,3,0, Done, dt, 47.37894989999995
1027.0,************* Simulation Ended ************
Code Owners,342615648,207029786,  Building_file,B3.json,  Calls,B3a.csv
Total waiting time: 3152.0,  average waiting time per call: 31.838383838383837,  unCompleted calls,0,  certificate, -422031423
