**** The Simulator log: stage 2
0.0,OOP_Ex0_Elevator_Simulator
0.0,Simulated Building, ex0.simulator.Builging_A [-2,10]
0) ex0.simulator.Elevator_A, Elev_0, speed: 1.0, open/close: 2.0,  start/stop: 3.0
1) ex0.simulator.Elevator_A, Elev_1, speed: 1.0, open/close: 2.0,  start/stop: 3.0
0.0,Simulated Period starTime,0.0,  endTime,1000.0,  dt,1.0
0.0,Simulated  calls,Elevetor log, size: 100
0.0,**** Simulation starts!! ****
0.0, elevID,0,  pos,-2,  cmd, goto,0
0.0, elevID,1,  pos,-2,  cmd, goto,0
5.0,Elevator call,4.374727290393253,0,-1,1,0, got allocated to elevator, 0
12.0,Elev,0,  arrived at src, 0, Elevator call,4.374727290393253,0,-1,2,0
12.0, elevID,0,  pos,0,  cmd, goto,0
13.0, elevID,0,  pos,0,  cmd, goto,-1
17.0,Elevator call,16.957882888088932,-1,0,1,0, got allocated to elevator, 0
23.0,Elevator call,22.094056301593582,0,-1,1,1, got allocated to elevator, 1
23.0,Elev,1,  arrived at src, 0, Elevator call,22.094056301593582,0,-1,2,1
23.0, elevID,1,  pos,0,  cmd, goto,0
24.0,Elev,0,  arrived at dest, -1, this call is done!, Elevator call,4.374727290393253,0,-1,3,0, Done, dt, 19.625272709606747
24.0,Elev,0,  arrived at src, -1, Elevator call,16.957882888088932,-1,0,2,0
24.0, elevID,0,  pos,-1,  cmd, goto,-1
24.0, elevID,1,  pos,0,  cmd, goto,-1
25.0, elevID,0,  pos,-1,  cmd, goto,0
35.0,Elev,1,  arrived at dest, -1, this call is done!, Elevator call,22.094056301593582,0,-1,3,1, Done, dt, 12.905943698406418
36.0,Elev,0,  arrived at dest, 0, this call is done!, Elevator call,16.957882888088932,-1,0,3,0, Done, dt, 19.042117111911068
86.0,Elevator call,85.5209666204754,3,2,1,0, got allocated to elevator, 0
86.0, elevID,0,  pos,0,  cmd, goto,3
92.0,Elevator call,91.21019413453945,-1,-2,1,1, got allocated to elevator, 1
92.0,Elev,1,  arrived at src, -1, Elevator call,91.21019413453945,-1,-2,2,1
92.0, elevID,1,  pos,-1,  cmd, goto,-1
93.0, elevID,1,  pos,-1,  cmd, goto,-2
99.0,Elev,0,  arrived at src, 3, Elevator call,85.5209666204754,3,2,2,0
99.0, elevID,0,  pos,3,  cmd, goto,2
104.0,Elev,1,  arrived at dest, -2, this call is done!, Elevator call,91.21019413453945,-1,-2,3,1, Done, dt, 12.78980586546055
105.0,Elevator call,104.13701241869234,0,4,1,0, got allocated to elevator, 0
110.0,Elevator call,109.21352909346587,-1,0,1,1, got allocated to elevator, 1
110.0,Elev,0,  arrived at dest, 2, this call is done!, Elevator call,85.5209666204754,3,2,3,0, Done, dt, 24.479033379524594
110.0, elevID,0,  pos,2,  cmd, goto,0
110.0, elevID,1,  pos,-2,  cmd, goto,-1
115.0,Elevator call,114.39235096774041,3,0,1,0, got allocated to elevator, 0
121.0,Elev,1,  arrived at src, -1, Elevator call,109.21352909346587,-1,0,2,1
121.0, elevID,1,  pos,-1,  cmd, goto,0
122.0,Elev,0,  arrived at src, 0, Elevator call,104.13701241869234,0,4,2,0
122.0, elevID,0,  pos,0,  cmd, goto,3
125.0,Elevator call,124.42557095980362,0,9,1,1, got allocated to elevator, 1
131.0,Elevator call,130.02495678190564,8,10,1,0, got allocated to elevator, 0
131.0,Elevator call,130.224911275492,-1,1,1,1, got allocated to elevator, 1
132.0,Elev,1,  arrived at dest, 0, this call is done!, Elevator call,109.21352909346587,-1,0,3,1, Done, dt, 22.786470906534134
132.0,Elev,1,  arrived at src, 0, Elevator call,124.42557095980362,0,9,2,1
132.0, elevID,1,  pos,0,  cmd, goto,0
133.0, elevID,1,  pos,0,  cmd, goto,9
135.0,Elev,0,  arrived at src, 3, Elevator call,114.39235096774041,3,0,2,0
135.0, elevID,0,  pos,3,  cmd, goto,4
138.0,Elevator call,137.9515274326701,0,4,1,1, got allocated to elevator, 1
144.0,Elevator call,143.91335838799415,0,6,1,1, got allocated to elevator, 1
146.0,Elev,0,  arrived at dest, 4, this call is done!, Elevator call,104.13701241869234,0,4,3,0, Done, dt, 41.862987581307664
146.0, elevID,0,  pos,4,  cmd, goto,8
152.0,Elev,1,  arrived at dest, 9, this call is done!, Elevator call,124.42557095980362,0,9,3,1, Done, dt, 27.574429040196378
152.0, elevID,1,  pos,9,  cmd, goto,0
160.0,Elev,0,  arrived at src, 8, Elevator call,130.02495678190564,8,10,2,0
160.0, elevID,0,  pos,8,  cmd, goto,10
170.0,Elevator call,169.78458339380109,-1,0,1,1, got allocated to elevator, 1
171.0,Elevator call,170.0099620835246,0,6,1,1, got allocated to elevator, 1
171.0,Elev,1,  arrived at src, 0, Elevator call,137.9515274326701,0,4,2,1
171.0,Elev,1,  arrived at src, 0, Elevator call,143.91335838799415,0,6,2,1
171.0,Elev,1,  arrived at src, 0, Elevator call,170.0099620835246,0,6,2,1
171.0, elevID,1,  pos,0,  cmd, goto,0
172.0,Elevator call,171.21173315221364,-1,8,1,1, got allocated to elevator, 1
172.0,Elev,0,  arrived at dest, 10, this call is done!, Elevator call,130.02495678190564,8,10,3,0, Done, dt, 41.975043218094356
172.0, elevID,0,  pos,10,  cmd, goto,0
172.0, elevID,1,  pos,0,  cmd, goto,-1
175.0,Elevator call,174.84385152106802,0,-1,1,1, got allocated to elevator, 1
183.0,Elev,1,  arrived at src, -1, Elevator call,130.224911275492,-1,1,2,1
183.0,Elev,1,  arrived at src, -1, Elevator call,169.78458339380109,-1,0,2,1
183.0,Elev,1,  arrived at src, -1, Elevator call,171.21173315221364,-1,8,2,1
183.0, elevID,1,  pos,-1,  cmd, goto,0
188.0,Elevator call,187.11678617348463,-1,-2,1,0, got allocated to elevator, 0
188.0,Elevator call,187.7299317966884,-1,-2,1,0, got allocated to elevator, 0
192.0,Elev,0,  arrived at dest, 0, this call is done!, Elevator call,114.39235096774041,3,0,3,0, Done, dt, 77.60764903225959
192.0, elevID,0,  pos,0,  cmd, goto,-1
194.0,Elev,1,  arrived at dest, 0, this call is done!, Elevator call,169.78458339380109,-1,0,3,1, Done, dt, 24.215416606198914
194.0,Elev,1,  arrived at src, 0, Elevator call,174.84385152106802,0,-1,2,1
194.0, elevID,1,  pos,0,  cmd, goto,1
196.0,Elevator call,195.90869649656992,0,7,1,0, got allocated to elevator, 0
, elevID,0,  pos,0,  cmd, stop,0
, elevID,0,  pos,0,  WRONG cmd, stop,0,  the elevator is not moving!
198.0,Elevator call,197.5359191292572,-1,1,1,0, got allocated to elevator, 0
, elevID,0,  pos,0,  WRONG cmd, stop,0,  the elevator is not moving!
, elevID,0,  pos,0,  WRONG cmd, stop,0,  the elevator is not moving!
, elevID,0,  pos,0,  WRONG cmd, stop,0,  the elevator is not moving!
, elevID,0,  pos,0,  WRONG cmd, stop,0,  the elevator is not moving!
202.0,Elev,0,  arrived at src, 0, Elevator call,195.90869649656992,0,7,2,0
202.0, elevID,0,  pos,0,  cmd, goto,0
203.0, elevID,0,  pos,0,  cmd, goto,-1
205.0,Elev,1,  arrived at dest, 1, this call is done!, Elevator call,130.224911275492,-1,1,3,1, Done, dt, 74.77508872450801
205.0, elevID,1,  pos,1,  cmd, goto,4
206.0,Elevator call,205.9895199338651,-1,0,1,0, got allocated to elevator, 0
214.0,Elev,0,  arrived at src, -1, Elevator call,187.11678617348463,-1,-2,2,0
214.0,Elev,0,  arrived at src, -1, Elevator call,187.7299317966884,-1,-2,2,0
214.0,Elev,0,  arrived at src, -1, Elevator call,197.5359191292572,-1,1,2,0
214.0,Elev,0,  arrived at src, -1, Elevator call,205.9895199338651,-1,0,2,0
214.0, elevID,0,  pos,-1,  cmd, goto,-1
215.0, elevID,0,  pos,-1,  cmd, goto,-2
218.0,Elev,1,  arrived at dest, 4, this call is done!, Elevator call,137.9515274326701,0,4,3,1, Done, dt, 80.0484725673299
218.0, elevID,1,  pos,4,  cmd, goto,6
226.0,Elev,0,  arrived at dest, -2, this call is done!, Elevator call,187.11678617348463,-1,-2,3,0, Done, dt, 38.88321382651537
226.0,Elev,0,  arrived at dest, -2, this call is done!, Elevator call,187.7299317966884,-1,-2,3,0, Done, dt, 38.27006820331161
226.0, elevID,0,  pos,-2,  cmd, goto,0
228.0,Elevator call,227.0798304557929,-1,5,1,0, got allocated to elevator, 0
228.0, elevID,0,  pos,-2,  cmd, stop,-1
, elevID,0,  pos,-2,  WRONG cmd, stop,-1,  the elevator is not moving!
, elevID,0,  pos,-2,  WRONG cmd, stop,-1,  the elevator is not moving!
230.0,Elev,1,  arrived at dest, 6, this call is done!, Elevator call,143.91335838799415,0,6,3,1, Done, dt, 86.08664161200585
230.0,Elev,1,  arrived at dest, 6, this call is done!, Elevator call,170.0099620835246,0,6,3,1, Done, dt, 59.99003791647539
230.0, elevID,1,  pos,6,  cmd, goto,8
, elevID,0,  pos,-2,  WRONG cmd, stop,-1,  the elevator is not moving!
232.0,Elevator call,231.51578817426258,-1,0,1,1, got allocated to elevator, 1
, elevID,0,  pos,-1,  WRONG cmd, stop,-1,  the elevator is not moving!
233.0,Elevator call,232.95043623946805,0,-1,1,0, got allocated to elevator, 0
, elevID,0,  pos,-1,  WRONG cmd, stop,-1,  the elevator is not moving!
, elevID,0,  pos,-1,  WRONG cmd, stop,-1,  the elevator is not moving!
, elevID,0,  pos,-1,  WRONG cmd, stop,-1,  the elevator is not moving!
, elevID,0,  pos,-1,  WRONG cmd, stop,-1,  the elevator is not moving!
237.0,Elev,0,  arrived at src, -1, Elevator call,227.0798304557929,-1,5,2,0
237.0, elevID,0,  pos,-1,  cmd, goto,-1
238.0, elevID,0,  pos,-1,  cmd, goto,0
242.0,Elev,1,  arrived at dest, 8, this call is done!, Elevator call,171.21173315221364,-1,8,3,1, Done, dt, 70.78826684778636
242.0, elevID,1,  pos,8,  cmd, goto,-1
249.0,Elev,0,  arrived at dest, 0, this call is done!, Elevator call,205.9895199338651,-1,0,3,0, Done, dt, 43.0104800661349
249.0,Elev,0,  arrived at src, 0, Elevator call,232.95043623946805,0,-1,2,0
249.0, elevID,0,  pos,0,  cmd, goto,1
252.0,Elevator call,251.10444690749756,-1,-2,1,1, got allocated to elevator, 1
252.0,Elevator call,251.23593354161653,0,9,1,1, got allocated to elevator, 1
, elevID,1,  pos,3,  cmd, stop,0
, elevID,1,  pos,2,  WRONG cmd, stop,0,  the elevator is not moving!
, elevID,1,  pos,1,  WRONG cmd, stop,0,  the elevator is not moving!
255.0,Elevator call,254.69771525200505,3,4,1,0, got allocated to elevator, 0
, elevID,1,  pos,0,  WRONG cmd, stop,0,  the elevator is not moving!
, elevID,1,  pos,0,  WRONG cmd, stop,0,  the elevator is not moving!
, elevID,1,  pos,0,  WRONG cmd, stop,0,  the elevator is not moving!
258.0,Elevator call,257.7974435335086,-1,0,1,1, got allocated to elevator, 1
, elevID,1,  pos,0,  WRONG cmd, stop,0,  the elevator is not moving!
, elevID,1,  pos,0,  WRONG cmd, stop,0,  the elevator is not moving!
260.0,Elev,0,  arrived at dest, 1, this call is done!, Elevator call,197.5359191292572,-1,1,3,0, Done, dt, 62.464080870742805
260.0, elevID,0,  pos,1,  cmd, goto,3
260.0,Elev,1,  arrived at src, 0, Elevator call,251.23593354161653,0,9,2,1
260.0, elevID,1,  pos,0,  cmd, goto,0
261.0, elevID,1,  pos,0,  cmd, goto,-1
272.0,Elev,0,  arrived at src, 3, Elevator call,254.69771525200505,3,4,2,0
272.0, elevID,0,  pos,3,  cmd, goto,4
272.0,Elev,1,  arrived at dest, -1, this call is done!, Elevator call,174.84385152106802,0,-1,3,1, Done, dt, 97.15614847893198
272.0,Elev,1,  arrived at src, -1, Elevator call,231.51578817426258,-1,0,2,1
272.0,Elev,1,  arrived at src, -1, Elevator call,251.10444690749756,-1,-2,2,1
272.0,Elev,1,  arrived at src, -1, Elevator call,257.7974435335086,-1,0,2,1
272.0, elevID,1,  pos,-1,  cmd, goto,-2
283.0,Elev,0,  arrived at dest, 4, this call is done!, Elevator call,254.69771525200505,3,4,3,0, Done, dt, 28.302284747994946
283.0, elevID,0,  pos,4,  cmd, goto,5
283.0,Elev,1,  arrived at dest, -2, this call is done!, Elevator call,251.10444690749756,-1,-2,3,1, Done, dt, 31.89555309250244
283.0, elevID,1,  pos,-2,  cmd, goto,0
294.0,Elev,0,  arrived at dest, 5, this call is done!, Elevator call,227.0798304557929,-1,5,3,0, Done, dt, 66.92016954420711
294.0, elevID,0,  pos,5,  cmd, goto,7
295.0,Elev,1,  arrived at dest, 0, this call is done!, Elevator call,231.51578817426258,-1,0,3,1, Done, dt, 63.48421182573742
295.0,Elev,1,  arrived at dest, 0, this call is done!, Elevator call,257.7974435335086,-1,0,3,1, Done, dt, 37.20255646649139
295.0, elevID,1,  pos,0,  cmd, goto,9
296.0,Elevator call,295.7943356681491,0,1,1,1, got allocated to elevator, 1
305.0,Elevator call,304.99843880775313,6,0,1,1, got allocated to elevator, 1
305.0, elevID,1,  pos,5,  cmd, stop,6
306.0,Elev,0,  arrived at dest, 7, this call is done!, Elevator call,195.90869649656992,0,7,3,0, Done, dt, 110.09130350343008
306.0, elevID,0,  pos,7,  cmd, goto,-1
, elevID,1,  pos,6,  WRONG cmd, stop,6,  the elevator is not moving!
, elevID,1,  pos,6,  WRONG cmd, stop,6,  the elevator is not moving!
, elevID,1,  pos,6,  WRONG cmd, stop,6,  the elevator is not moving!
, elevID,1,  pos,6,  WRONG cmd, stop,6,  the elevator is not moving!
310.0,Elevator call,309.30053828560517,0,-1,1,1, got allocated to elevator, 1
, elevID,1,  pos,6,  WRONG cmd, stop,6,  the elevator is not moving!
311.0,Elev,1,  arrived at src, 6, Elevator call,304.99843880775313,6,0,2,1
311.0, elevID,1,  pos,6,  cmd, goto,6
312.0, elevID,1,  pos,6,  cmd, goto,0
313.0,Elevator call,312.30185564398687,0,-1,1,0, got allocated to elevator, 0
, elevID,0,  pos,5,  cmd, stop,0
, elevID,0,  pos,4,  WRONG cmd, stop,0,  the elevator is not moving!
, elevID,0,  pos,3,  WRONG cmd, stop,0,  the elevator is not moving!
, elevID,0,  pos,2,  WRONG cmd, stop,0,  the elevator is not moving!
317.0,Elevator call,316.03237827404377,0,-1,1,1, got allocated to elevator, 1
, elevID,0,  pos,1,  WRONG cmd, stop,0,  the elevator is not moving!
, elevID,0,  pos,0,  WRONG cmd, stop,0,  the elevator is not moving!
, elevID,0,  pos,0,  WRONG cmd, stop,0,  the elevator is not moving!
320.0,Elevator call,319.90520204415634,6,5,1,0, got allocated to elevator, 0
, elevID,0,  pos,0,  WRONG cmd, stop,0,  the elevator is not moving!
321.0,Elevator call,320.97607492210807,-1,0,1,0, got allocated to elevator, 0
, elevID,0,  pos,0,  WRONG cmd, stop,0,  the elevator is not moving!
322.0,Elevator call,321.37040904796595,7,-1,1,1, got allocated to elevator, 1
, elevID,0,  pos,0,  WRONG cmd, stop,0,  the elevator is not moving!
323.0,Elev,0,  arrived at src, 0, Elevator call,312.30185564398687,0,-1,2,0
323.0, elevID,0,  pos,0,  cmd, goto,0
324.0, elevID,0,  pos,0,  cmd, goto,-1
328.0,Elev,1,  arrived at src, 0, Elevator call,295.7943356681491,0,1,2,1
328.0,Elev,1,  arrived at dest, 0, this call is done!, Elevator call,304.99843880775313,6,0,3,1, Done, dt, 23.001561192246868
328.0,Elev,1,  arrived at src, 0, Elevator call,309.30053828560517,0,-1,2,1
328.0,Elev,1,  arrived at src, 0, Elevator call,316.03237827404377,0,-1,2,1
328.0, elevID,1,  pos,0,  cmd, goto,0
329.0, elevID,1,  pos,0,  cmd, goto,-1
333.0,Elevator call,332.4267319393355,0,10,1,1, got allocated to elevator, 1
, elevID,1,  pos,0,  cmd, stop,0
, elevID,1,  pos,0,  WRONG cmd, stop,0,  the elevator is not moving!
335.0,Elev,0,  arrived at dest, -1, this call is done!, Elevator call,232.95043623946805,0,-1,3,0, Done, dt, 102.04956376053195
335.0,Elev,0,  arrived at dest, -1, this call is done!, Elevator call,312.30185564398687,0,-1,3,0, Done, dt, 22.69814435601313
335.0,Elev,0,  arrived at src, -1, Elevator call,320.97607492210807,-1,0,2,0
335.0, elevID,0,  pos,-1,  cmd, goto,0
, elevID,1,  pos,0,  WRONG cmd, stop,0,  the elevator is not moving!
, elevID,1,  pos,0,  WRONG cmd, stop,0,  the elevator is not moving!
337.0,Elevator call,336.93043046159545,-1,0,1,1, got allocated to elevator, 1
, elevID,1,  pos,0,  WRONG cmd, stop,0,  the elevator is not moving!
, elevID,1,  pos,0,  WRONG cmd, stop,0,  the elevator is not moving!
339.0,Elev,1,  arrived at src, 0, Elevator call,332.4267319393355,0,10,2,1
339.0, elevID,1,  pos,0,  cmd, goto,0
340.0, elevID,1,  pos,0,  cmd, goto,-1
346.0,Elev,0,  arrived at dest, 0, this call is done!, Elevator call,320.97607492210807,-1,0,3,0, Done, dt, 25.02392507789193
346.0, elevID,0,  pos,0,  cmd, goto,6
351.0,Elev,1,  arrived at dest, -1, this call is done!, Elevator call,309.30053828560517,0,-1,3,1, Done, dt, 41.69946171439483
351.0,Elev,1,  arrived at dest, -1, this call is done!, Elevator call,316.03237827404377,0,-1,3,1, Done, dt, 34.967621725956235
351.0,Elev,1,  arrived at src, -1, Elevator call,336.93043046159545,-1,0,2,1
351.0, elevID,1,  pos,-1,  cmd, goto,0
362.0,Elev,0,  arrived at src, 6, Elevator call,319.90520204415634,6,5,2,0
362.0, elevID,0,  pos,6,  cmd, goto,5
362.0,Elev,1,  arrived at dest, 0, this call is done!, Elevator call,336.93043046159545,-1,0,3,1, Done, dt, 25.06956953840455
362.0, elevID,1,  pos,0,  cmd, goto,1
373.0,Elev,0,  arrived at dest, 5, this call is done!, Elevator call,319.90520204415634,6,5,3,0, Done, dt, 53.09479795584366
373.0,Elev,1,  arrived at dest, 1, this call is done!, Elevator call,295.7943356681491,0,1,3,1, Done, dt, 77.20566433185093
373.0, elevID,1,  pos,1,  cmd, goto,7
376.0,Elevator call,375.49048095381363,1,0,1,0, got allocated to elevator, 0
376.0, elevID,0,  pos,5,  cmd, goto,1
389.0,Elev,1,  arrived at src, 7, Elevator call,321.37040904796595,7,-1,2,1
389.0, elevID,1,  pos,7,  cmd, goto,10
390.0,Elev,0,  arrived at src, 1, Elevator call,375.49048095381363,1,0,2,0
390.0, elevID,0,  pos,1,  cmd, goto,0
393.0,Elevator call,392.5160764870397,0,5,1,0, got allocated to elevator, 0
401.0,Elev,0,  arrived at dest, 0, this call is done!, Elevator call,375.49048095381363,1,0,3,0, Done, dt, 25.50951904618637
401.0,Elev,0,  arrived at src, 0, Elevator call,392.5160764870397,0,5,2,0
401.0, elevID,0,  pos,0,  cmd, goto,0
402.0, elevID,0,  pos,0,  cmd, goto,5
402.0,Elev,1,  arrived at dest, 10, this call is done!, Elevator call,332.4267319393355,0,10,3,1, Done, dt, 69.57326806066447
402.0, elevID,1,  pos,10,  cmd, goto,-1
406.0,Elevator call,405.1821140884023,-1,10,1,0, got allocated to elevator, 0
417.0,Elev,0,  arrived at dest, 5, this call is done!, Elevator call,392.5160764870397,0,5,3,0, Done, dt, 24.483923512960303
417.0, elevID,0,  pos,5,  cmd, goto,10
423.0,Elev,1,  arrived at dest, -1, this call is done!, Elevator call,321.37040904796595,7,-1,3,1, Done, dt, 101.62959095203405
427.0,Elevator call,426.8615805478589,2,0,1,1, got allocated to elevator, 1
427.0, elevID,1,  pos,-1,  cmd, goto,2
432.0, elevID,0,  pos,10,  cmd, goto,-1
438.0,Elevator call,437.17111576125836,1,0,1,1, got allocated to elevator, 1
440.0,Elev,1,  arrived at src, 2, Elevator call,426.8615805478589,2,0,2,1
440.0, elevID,1,  pos,2,  cmd, goto,1
451.0,Elev,1,  arrived at src, 1, Elevator call,437.17111576125836,1,0,2,1
451.0, elevID,1,  pos,1,  cmd, goto,0
453.0,Elev,0,  arrived at src, -1, Elevator call,405.1821140884023,-1,10,2,0
462.0,Elev,1,  arrived at dest, 0, this call is done!, Elevator call,426.8615805478589,2,0,3,1, Done, dt, 35.13841945214108
462.0,Elev,1,  arrived at dest, 0, this call is done!, Elevator call,437.17111576125836,1,0,3,1, Done, dt, 24.828884238741637
473.0,Elevator call,472.7445473930129,10,-1,1,1, got allocated to elevator, 1
473.0, elevID,1,  pos,0,  cmd, goto,10
493.0,Elev,1,  arrived at src, 10, Elevator call,472.7445473930129,10,-1,2,1
493.0, elevID,1,  pos,10,  cmd, goto,-1
501.0,Elevator call,500.3712044996745,8,-1,1,1, got allocated to elevator, 1
504.0,Elevator call,503.13847841893045,1,-1,1,0, got allocated to elevator, 0
504.0, elevID,0,  pos,-1,  cmd, goto,1
505.0,Elevator call,504.4317942159655,0,-1,1,0, got allocated to elevator, 0
505.0, elevID,0,  pos,-1,  cmd, stop,0
, elevID,0,  pos,-1,  WRONG cmd, stop,0,  the elevator is not moving!
, elevID,0,  pos,-1,  WRONG cmd, stop,0,  the elevator is not moving!
, elevID,0,  pos,-1,  WRONG cmd, stop,0,  the elevator is not moving!
, elevID,0,  pos,-1,  WRONG cmd, stop,0,  the elevator is not moving!
, elevID,0,  pos,0,  WRONG cmd, stop,0,  the elevator is not moving!
, elevID,0,  pos,0,  WRONG cmd, stop,0,  the elevator is not moving!
, elevID,0,  pos,0,  WRONG cmd, stop,0,  the elevator is not moving!
, elevID,0,  pos,0,  WRONG cmd, stop,0,  the elevator is not moving!
, elevID,0,  pos,0,  WRONG cmd, stop,0,  the elevator is not moving!
514.0,Elev,1,  arrived at dest, -1, this call is done!, Elevator call,472.7445473930129,10,-1,3,1, Done, dt, 41.25545260698709
514.0, elevID,1,  pos,-1,  cmd, goto,8
515.0,Elev,0,  arrived at src, 0, Elevator call,504.4317942159655,0,-1,2,0
515.0, elevID,0,  pos,0,  cmd, goto,0
516.0, elevID,0,  pos,0,  cmd, goto,-1
527.0,Elev,0,  arrived at dest, -1, this call is done!, Elevator call,504.4317942159655,0,-1,3,0, Done, dt, 22.56820578403449
530.0,Elevator call,529.6277472128405,3,-1,1,0, got allocated to elevator, 0
530.0, elevID,0,  pos,-1,  cmd, goto,3
533.0,Elev,1,  arrived at src, 8, Elevator call,500.3712044996745,8,-1,2,1
533.0, elevID,1,  pos,8,  cmd, goto,-1
538.0,Elevator call,537.7866883694313,-1,6,1,0, got allocated to elevator, 0
544.0,Elev,0,  arrived at src, 3, Elevator call,529.6277472128405,3,-1,2,0
544.0, elevID,0,  pos,3,  cmd, goto,6
545.0,Elevator call,544.7880392034898,6,-1,1,0, got allocated to elevator, 0
552.0,Elev,1,  arrived at dest, -1, this call is done!, Elevator call,500.3712044996745,8,-1,3,1, Done, dt, 51.62879550032551
555.0,Elevator call,554.0892922920482,4,0,1,0, got allocated to elevator, 0
557.0,Elev,0,  arrived at src, 6, Elevator call,544.7880392034898,6,-1,2,0
557.0, elevID,0,  pos,6,  cmd, goto,6
558.0,Elevator call,557.2441390036331,10,0,1,0, got allocated to elevator, 0
558.0, elevID,0,  pos,6,  cmd, goto,10
566.0,Elevator call,565.0195521745534,0,-1,1,1, got allocated to elevator, 1
566.0, elevID,1,  pos,-1,  cmd, goto,0
572.0,Elev,0,  arrived at dest, 10, this call is done!, Elevator call,405.1821140884023,-1,10,3,0, Done, dt, 166.81788591159773
572.0,Elev,0,  arrived at src, 10, Elevator call,557.2441390036331,10,0,2,0
572.0, elevID,0,  pos,10,  cmd, goto,4
577.0,Elev,1,  arrived at src, 0, Elevator call,565.0195521745534,0,-1,2,1
577.0, elevID,1,  pos,0,  cmd, goto,-1
582.0,Elevator call,581.8703090238192,0,3,1,1, got allocated to elevator, 1
, elevID,1,  pos,0,  cmd, stop,0
, elevID,1,  pos,0,  WRONG cmd, stop,0,  the elevator is not moving!
, elevID,1,  pos,0,  WRONG cmd, stop,0,  the elevator is not moving!
, elevID,1,  pos,0,  WRONG cmd, stop,0,  the elevator is not moving!
, elevID,1,  pos,0,  WRONG cmd, stop,0,  the elevator is not moving!
587.0,Elev,1,  arrived at src, 0, Elevator call,581.8703090238192,0,3,2,1
587.0, elevID,1,  pos,0,  cmd, goto,0
588.0,Elev,0,  arrived at src, 4, Elevator call,554.0892922920482,4,0,2,0
588.0, elevID,0,  pos,4,  cmd, goto,0
588.0, elevID,1,  pos,0,  cmd, goto,3
597.0,Elevator call,596.1232022872633,8,0,1,1, got allocated to elevator, 1
601.0,Elevator call,600.9312879686208,1,0,1,0, got allocated to elevator, 0
601.0,Elev,1,  arrived at dest, 3, this call is done!, Elevator call,581.8703090238192,0,3,3,1, Done, dt, 19.12969097618077
601.0, elevID,1,  pos,3,  cmd, goto,8
602.0,Elev,0,  arrived at dest, 0, this call is done!, Elevator call,554.0892922920482,4,0,3,0, Done, dt, 47.910707707951815
602.0,Elev,0,  arrived at dest, 0, this call is done!, Elevator call,557.2441390036331,10,0,3,0, Done, dt, 44.75586099636689
602.0, elevID,0,  pos,0,  cmd, goto,-1
604.0,Elevator call,603.9342326983083,7,0,1,1, got allocated to elevator, 1
604.0, elevID,1,  pos,3,  cmd, stop,7
, elevID,1,  pos,3,  WRONG cmd, stop,7,  the elevator is not moving!
, elevID,1,  pos,3,  WRONG cmd, stop,7,  the elevator is not moving!
, elevID,1,  pos,4,  WRONG cmd, stop,7,  the elevator is not moving!
, elevID,1,  pos,5,  WRONG cmd, stop,7,  the elevator is not moving!
, elevID,1,  pos,6,  WRONG cmd, stop,7,  the elevator is not moving!
, elevID,1,  pos,7,  WRONG cmd, stop,7,  the elevator is not moving!
, elevID,1,  pos,7,  WRONG cmd, stop,7,  the elevator is not moving!
, elevID,1,  pos,7,  WRONG cmd, stop,7,  the elevator is not moving!
613.0,Elev,0,  arrived at dest, -1, this call is done!, Elevator call,529.6277472128405,3,-1,3,0, Done, dt, 83.37225278715948
613.0,Elev,0,  arrived at src, -1, Elevator call,537.7866883694313,-1,6,2,0
613.0,Elev,0,  arrived at dest, -1, this call is done!, Elevator call,544.7880392034898,6,-1,3,0, Done, dt, 68.2119607965102
613.0, elevID,0,  pos,-1,  cmd, goto,1
, elevID,1,  pos,7,  WRONG cmd, stop,7,  the elevator is not moving!
, elevID,1,  pos,7,  WRONG cmd, stop,7,  the elevator is not moving!
615.0,Elev,1,  arrived at src, 7, Elevator call,603.9342326983083,7,0,2,1
615.0, elevID,1,  pos,7,  cmd, goto,7
616.0, elevID,1,  pos,7,  cmd, goto,0
618.0,Elevator call,617.9628338542149,0,3,1,0, got allocated to elevator, 0
618.0, elevID,0,  pos,-1,  cmd, stop,0
, elevID,0,  pos,0,  WRONG cmd, stop,0,  the elevator is not moving!
620.0,Elevator call,619.6454196970012,9,0,1,0, got allocated to elevator, 0
, elevID,0,  pos,0,  WRONG cmd, stop,0,  the elevator is not moving!
, elevID,0,  pos,0,  WRONG cmd, stop,0,  the elevator is not moving!
, elevID,0,  pos,0,  WRONG cmd, stop,0,  the elevator is not moving!
, elevID,0,  pos,0,  WRONG cmd, stop,0,  the elevator is not moving!
624.0,Elev,0,  arrived at src, 0, Elevator call,617.9628338542149,0,3,2,0
624.0, elevID,0,  pos,0,  cmd, goto,0
625.0, elevID,0,  pos,0,  cmd, goto,3
627.0,Elevator call,626.2116172047942,0,1,1,1, got allocated to elevator, 1
633.0,Elev,1,  arrived at dest, 0, this call is done!, Elevator call,603.9342326983083,7,0,3,1, Done, dt, 29.06576730169172
633.0,Elev,1,  arrived at src, 0, Elevator call,626.2116172047942,0,1,2,1
633.0, elevID,1,  pos,0,  cmd, goto,0
634.0, elevID,1,  pos,0,  cmd, goto,1
638.0,Elev,0,  arrived at dest, 3, this call is done!, Elevator call,617.9628338542149,0,3,3,0, Done, dt, 20.037166145785136
638.0, elevID,0,  pos,3,  cmd, goto,9
644.0,Elevator call,643.8547514955396,-1,2,1,1, got allocated to elevator, 1
645.0,Elev,1,  arrived at dest, 1, this call is done!, Elevator call,626.2116172047942,0,1,3,1, Done, dt, 18.788382795205848
645.0, elevID,1,  pos,1,  cmd, goto,2
654.0,Elev,0,  arrived at src, 9, Elevator call,619.6454196970012,9,0,2,0
654.0, elevID,0,  pos,9,  cmd, goto,0
656.0, elevID,1,  pos,2,  cmd, goto,-1
661.0,Elevator call,660.0732907797126,6,10,1,0, got allocated to elevator, 0
, elevID,0,  pos,7,  cmd, stop,6
662.0,Elevator call,661.0420820268716,-1,3,1,1, got allocated to elevator, 1
, elevID,0,  pos,6,  WRONG cmd, stop,6,  the elevator is not moving!
663.0,Elevator call,662.1730527520776,-1,5,1,1, got allocated to elevator, 1
, elevID,0,  pos,6,  WRONG cmd, stop,6,  the elevator is not moving!
, elevID,0,  pos,6,  WRONG cmd, stop,6,  the elevator is not moving!
, elevID,0,  pos,6,  WRONG cmd, stop,6,  the elevator is not moving!
666.0,Elevator call,665.1155548533167,-1,8,1,1, got allocated to elevator, 1
, elevID,0,  pos,6,  WRONG cmd, stop,6,  the elevator is not moving!
667.0,Elevator call,666.0340294605869,4,0,1,0, got allocated to elevator, 0
667.0,Elevator call,666.2411586665262,5,-1,1,0, got allocated to elevator, 0
667.0,Elev,0,  arrived at dest, 6, this call is done!, Elevator call,537.7866883694313,-1,6,3,0, Done, dt, 129.21331163056868
667.0,Elev,0,  arrived at src, 6, Elevator call,660.0732907797126,6,10,2,0
667.0, elevID,0,  pos,6,  cmd, goto,6
668.0, elevID,0,  pos,6,  cmd, goto,5
669.0,Elev,1,  arrived at dest, -1, this call is done!, Elevator call,565.0195521745534,0,-1,3,1, Done, dt, 103.98044782544662
669.0,Elev,1,  arrived at src, -1, Elevator call,643.8547514955396,-1,2,2,1
669.0,Elev,1,  arrived at src, -1, Elevator call,661.0420820268716,-1,3,2,1
669.0,Elev,1,  arrived at src, -1, Elevator call,662.1730527520776,-1,5,2,1
669.0,Elev,1,  arrived at src, -1, Elevator call,665.1155548533167,-1,8,2,1
669.0, elevID,1,  pos,-1,  cmd, goto,-1
670.0, elevID,1,  pos,-1,  cmd, goto,3
673.0,Elevator call,672.677314157026,0,-1,1,1, got allocated to elevator, 1
673.0, elevID,1,  pos,-1,  cmd, stop,0
, elevID,1,  pos,-1,  WRONG cmd, stop,0,  the elevator is not moving!
, elevID,1,  pos,-1,  WRONG cmd, stop,0,  the elevator is not moving!
, elevID,1,  pos,0,  WRONG cmd, stop,0,  the elevator is not moving!
, elevID,1,  pos,0,  WRONG cmd, stop,0,  the elevator is not moving!
678.0,Elevator call,677.7341948387335,0,-1,1,0, got allocated to elevator, 0
, elevID,1,  pos,0,  WRONG cmd, stop,0,  the elevator is not moving!
679.0,Elevator call,678.9953584914538,-1,-2,1,0, got allocated to elevator, 0
679.0,Elev,0,  arrived at src, 5, Elevator call,666.2411586665262,5,-1,2,0
679.0, elevID,0,  pos,5,  cmd, goto,4
, elevID,1,  pos,0,  WRONG cmd, stop,0,  the elevator is not moving!
, elevID,1,  pos,0,  WRONG cmd, stop,0,  the elevator is not moving!
681.0,Elev,1,  arrived at src, 0, Elevator call,672.677314157026,0,-1,2,1
681.0, elevID,1,  pos,0,  cmd, goto,0
682.0, elevID,1,  pos,0,  cmd, goto,5
690.0,Elev,0,  arrived at src, 4, Elevator call,666.0340294605869,4,0,2,0
690.0, elevID,0,  pos,4,  cmd, goto,0
696.0,Elevator call,695.2239881566923,0,10,1,1, got allocated to elevator, 1
697.0,Elev,1,  arrived at dest, 5, this call is done!, Elevator call,662.1730527520776,-1,5,3,1, Done, dt, 34.82694724792236
697.0, elevID,1,  pos,5,  cmd, goto,8
704.0,Elev,0,  arrived at dest, 0, this call is done!, Elevator call,619.6454196970012,9,0,3,0, Done, dt, 84.35458030299878
704.0,Elev,0,  arrived at dest, 0, this call is done!, Elevator call,666.0340294605869,4,0,3,0, Done, dt, 37.96597053941309
704.0,Elev,0,  arrived at src, 0, Elevator call,677.7341948387335,0,-1,2,0
704.0, elevID,0,  pos,0,  cmd, goto,-1
707.0,Elevator call,706.1583474999188,-1,-2,1,0, got allocated to elevator, 0
710.0,Elev,1,  arrived at src, 8, Elevator call,596.1232022872633,8,0,2,1
710.0,Elev,1,  arrived at dest, 8, this call is done!, Elevator call,665.1155548533167,-1,8,3,1, Done, dt, 44.88444514668333
710.0, elevID,1,  pos,8,  cmd, goto,10
711.0,Elevator call,710.3249770041223,0,1,1,0, got allocated to elevator, 0
714.0,Elevator call,713.0191971398395,1,0,1,0, got allocated to elevator, 0
714.0,Elevator call,713.2499766424826,10,-1,1,1, got allocated to elevator, 1
715.0,Elev,0,  arrived at dest, -1, this call is done!, Elevator call,666.2411586665262,5,-1,3,0, Done, dt, 48.75884133347381
715.0,Elev,0,  arrived at dest, -1, this call is done!, Elevator call,677.7341948387335,0,-1,3,0, Done, dt, 37.265805161266485
715.0,Elev,0,  arrived at src, -1, Elevator call,678.9953584914538,-1,-2,2,0
715.0,Elev,0,  arrived at src, -1, Elevator call,706.1583474999188,-1,-2,2,0
715.0, elevID,0,  pos,-1,  cmd, goto,-1
716.0, elevID,0,  pos,-1,  cmd, goto,-2
722.0,Elev,1,  arrived at src, 10, Elevator call,713.2499766424826,10,-1,2,1
722.0, elevID,1,  pos,10,  cmd, goto,10
723.0,Elevator call,722.6161212799507,10,0,1,1, got allocated to elevator, 1
723.0,Elev,1,  arrived at src, 10, Elevator call,722.6161212799507,10,0,2,1
723.0, elevID,1,  pos,10,  cmd, goto,10
724.0, elevID,1,  pos,10,  cmd, goto,0
727.0,Elev,0,  arrived at dest, -2, this call is done!, Elevator call,678.9953584914538,-1,-2,3,0, Done, dt, 48.00464150854623
727.0,Elev,0,  arrived at dest, -2, this call is done!, Elevator call,706.1583474999188,-1,-2,3,0, Done, dt, 20.84165250008118
727.0, elevID,0,  pos,-2,  cmd, goto,0
728.0,Elevator call,727.514602863032,-1,0,1,0, got allocated to elevator, 0
728.0, elevID,0,  pos,-2,  cmd, stop,-1
, elevID,0,  pos,-2,  WRONG cmd, stop,-1,  the elevator is not moving!
, elevID,0,  pos,-2,  WRONG cmd, stop,-1,  the elevator is not moving!
, elevID,0,  pos,-2,  WRONG cmd, stop,-1,  the elevator is not moving!
, elevID,0,  pos,-2,  WRONG cmd, stop,-1,  the elevator is not moving!
733.0,Elevator call,732.9746341348998,6,-1,1,1, got allocated to elevator, 1
, elevID,0,  pos,-1,  WRONG cmd, stop,-1,  the elevator is not moving!
, elevID,0,  pos,-1,  WRONG cmd, stop,-1,  the elevator is not moving!
, elevID,0,  pos,-1,  WRONG cmd, stop,-1,  the elevator is not moving!
, elevID,0,  pos,-1,  WRONG cmd, stop,-1,  the elevator is not moving!
, elevID,0,  pos,-1,  WRONG cmd, stop,-1,  the elevator is not moving!
738.0,Elevator call,737.314720213409,1,0,1,1, got allocated to elevator, 1
738.0,Elev,0,  arrived at src, -1, Elevator call,727.514602863032,-1,0,2,0
738.0, elevID,0,  pos,-1,  cmd, goto,-1
739.0, elevID,0,  pos,-1,  cmd, goto,0
744.0,Elev,1,  arrived at dest, 0, this call is done!, Elevator call,596.1232022872633,8,0,3,1, Done, dt, 147.87679771273667
744.0,Elev,1,  arrived at src, 0, Elevator call,695.2239881566923,0,10,2,1
744.0,Elev,1,  arrived at dest, 0, this call is done!, Elevator call,722.6161212799507,10,0,3,1, Done, dt, 21.383878720049324
744.0, elevID,1,  pos,0,  cmd, goto,1
750.0,Elev,0,  arrived at src, 0, Elevator call,710.3249770041223,0,1,2,0
750.0,Elev,0,  arrived at dest, 0, this call is done!, Elevator call,727.514602863032,-1,0,3,0, Done, dt, 22.485397136968004
750.0, elevID,0,  pos,0,  cmd, goto,1
755.0,Elev,1,  arrived at src, 1, Elevator call,737.314720213409,1,0,2,1
755.0, elevID,1,  pos,1,  cmd, goto,6
761.0,Elev,0,  arrived at src, 1, Elevator call,503.13847841893045,1,-1,2,0
761.0,Elev,0,  arrived at src, 1, Elevator call,600.9312879686208,1,0,2,0
761.0,Elev,0,  arrived at dest, 1, this call is done!, Elevator call,710.3249770041223,0,1,3,0, Done, dt, 50.675022995877725
761.0,Elev,0,  arrived at src, 1, Elevator call,713.0191971398395,1,0,2,0
761.0, elevID,0,  pos,1,  cmd, goto,10
770.0,Elev,1,  arrived at src, 6, Elevator call,732.9746341348998,6,-1,2,1
770.0, elevID,1,  pos,6,  cmd, goto,0
780.0,Elevator call,779.399691386574,-1,5,1,1, got allocated to elevator, 1
780.0,Elev,0,  arrived at dest, 10, this call is done!, Elevator call,660.0732907797126,6,10,3,0, Done, dt, 119.92670922028742
780.0, elevID,0,  pos,10,  cmd, goto,0
786.0,Elev,1,  arrived at dest, 0, this call is done!, Elevator call,737.314720213409,1,0,3,1, Done, dt, 48.68527978659097
786.0, elevID,1,  pos,0,  cmd, goto,-1
797.0,Elev,1,  arrived at dest, -1, this call is done!, Elevator call,672.677314157026,0,-1,3,1, Done, dt, 124.32268584297401
797.0,Elev,1,  arrived at dest, -1, this call is done!, Elevator call,713.2499766424826,10,-1,3,1, Done, dt, 83.75002335751742
797.0,Elev,1,  arrived at dest, -1, this call is done!, Elevator call,732.9746341348998,6,-1,3,1, Done, dt, 64.02536586510018
797.0,Elev,1,  arrived at src, -1, Elevator call,779.399691386574,-1,5,2,1
797.0, elevID,1,  pos,-1,  cmd, goto,5
800.0,Elev,0,  arrived at dest, 0, this call is done!, Elevator call,600.9312879686208,1,0,3,0, Done, dt, 199.06871203137916
800.0,Elev,0,  arrived at dest, 0, this call is done!, Elevator call,713.0191971398395,1,0,3,0, Done, dt, 86.98080286016045
806.0,Elevator call,805.6754743307536,-1,-2,1,0, got allocated to elevator, 0
806.0, elevID,0,  pos,0,  cmd, goto,-1
811.0,Elevator call,810.4469089359914,2,0,1,1, got allocated to elevator, 1
813.0,Elev,1,  arrived at dest, 5, this call is done!, Elevator call,779.399691386574,-1,5,3,1, Done, dt, 33.60030861342602
813.0, elevID,1,  pos,5,  cmd, goto,2
817.0,Elevator call,816.1516998390152,7,-1,1,0, got allocated to elevator, 0
817.0,Elev,0,  arrived at dest, -1, this call is done!, Elevator call,503.13847841893045,1,-1,3,0, Done, dt, 313.86152158106955
817.0,Elev,0,  arrived at src, -1, Elevator call,805.6754743307536,-1,-2,2,0
817.0, elevID,0,  pos,-1,  cmd, goto,-2
826.0,Elevator call,825.4575184586336,7,0,1,0, got allocated to elevator, 0
826.0,Elev,1,  arrived at dest, 2, this call is done!, Elevator call,643.8547514955396,-1,2,3,1, Done, dt, 182.14524850446037
826.0,Elev,1,  arrived at src, 2, Elevator call,810.4469089359914,2,0,2,1
826.0, elevID,1,  pos,2,  cmd, goto,0
828.0,Elev,0,  arrived at dest, -2, this call is done!, Elevator call,805.6754743307536,-1,-2,3,0, Done, dt, 22.32452566924644
828.0, elevID,0,  pos,-2,  cmd, goto,7
838.0,Elev,1,  arrived at dest, 0, this call is done!, Elevator call,810.4469089359914,2,0,3,1, Done, dt, 27.55309106400864
840.0,Elevator call,839.8525652620532,0,1,1,1, got allocated to elevator, 1
840.0,Elev,1,  arrived at src, 0, Elevator call,839.8525652620532,0,1,2,1
840.0, elevID,1,  pos,0,  cmd, goto,0
841.0, elevID,1,  pos,0,  cmd, goto,1
847.0,Elev,0,  arrived at src, 7, Elevator call,816.1516998390152,7,-1,2,0
847.0,Elev,0,  arrived at src, 7, Elevator call,825.4575184586336,7,0,2,0
847.0, elevID,0,  pos,7,  cmd, goto,0
852.0,Elev,1,  arrived at dest, 1, this call is done!, Elevator call,839.8525652620532,0,1,3,1, Done, dt, 12.14743473794681
855.0,Elevator call,854.2002278085795,6,-1,1,0, got allocated to elevator, 0
864.0,Elevator call,863.893291272948,0,-1,1,0, got allocated to elevator, 0
864.0,Elev,0,  arrived at dest, 0, this call is done!, Elevator call,825.4575184586336,7,0,3,0, Done, dt, 38.54248154136644
864.0,Elev,0,  arrived at src, 0, Elevator call,863.893291272948,0,-1,2,0
864.0, elevID,0,  pos,0,  cmd, goto,-1
871.0,Elevator call,870.5053023797483,0,7,1,0, got allocated to elevator, 0
875.0,Elev,0,  arrived at dest, -1, this call is done!, Elevator call,816.1516998390152,7,-1,3,0, Done, dt, 58.84830016098476
875.0,Elev,0,  arrived at dest, -1, this call is done!, Elevator call,863.893291272948,0,-1,3,0, Done, dt, 11.106708727052023
875.0, elevID,0,  pos,-1,  cmd, goto,0
886.0,Elev,0,  arrived at src, 0, Elevator call,870.5053023797483,0,7,2,0
886.0, elevID,0,  pos,0,  cmd, goto,6
887.0,Elevator call,886.5649993239458,-1,-2,1,0, got allocated to elevator, 0
893.0,Elevator call,892.5212150591021,9,-1,1,0, got allocated to elevator, 0
902.0,Elev,0,  arrived at src, 6, Elevator call,854.2002278085795,6,-1,2,0
902.0, elevID,0,  pos,6,  cmd, goto,7
911.0,Elevator call,910.5388559417848,6,5,1,0, got allocated to elevator, 0
913.0,Elev,0,  arrived at dest, 7, this call is done!, Elevator call,870.5053023797483,0,7,3,0, Done, dt, 42.49469762025171
913.0, elevID,0,  pos,7,  cmd, goto,9
916.0,Elevator call,915.9490574608818,4,-1,1,0, got allocated to elevator, 0
925.0,Elev,0,  arrived at src, 9, Elevator call,892.5212150591021,9,-1,2,0
925.0, elevID,0,  pos,9,  cmd, goto,6
934.0,Elevator call,933.8580452488764,7,5,1,0, got allocated to elevator, 0
938.0,Elev,0,  arrived at src, 6, Elevator call,910.5388559417848,6,5,2,0
938.0, elevID,0,  pos,6,  cmd, goto,5
949.0,Elev,0,  arrived at dest, 5, this call is done!, Elevator call,910.5388559417848,6,5,3,0, Done, dt, 38.461144058215154
949.0, elevID,0,  pos,5,  cmd, goto,4
960.0,Elev,0,  arrived at src, 4, Elevator call,915.9490574608818,4,-1,2,0
960.0, elevID,0,  pos,4,  cmd, goto,-1
962.0,Elevator call,961.6862855708133,6,-1,1,0, got allocated to elevator, 0
973.0,Elevator call,972.8032126022729,1,0,1,1, got allocated to elevator, 1
973.0,Elev,1,  arrived at src, 1, Elevator call,972.8032126022729,1,0,2,1
973.0, elevID,1,  pos,1,  cmd, goto,1
974.0, elevID,1,  pos,1,  cmd, goto,0
975.0,Elev,0,  arrived at dest, -1, this call is done!, Elevator call,854.2002278085795,6,-1,3,0, Done, dt, 120.79977219142052
975.0,Elev,0,  arrived at src, -1, Elevator call,886.5649993239458,-1,-2,2,0
975.0,Elev,0,  arrived at dest, -1, this call is done!, Elevator call,892.5212150591021,9,-1,3,0, Done, dt, 82.47878494089787
975.0,Elev,0,  arrived at dest, -1, this call is done!, Elevator call,915.9490574608818,4,-1,3,0, Done, dt, 59.05094253911818
975.0, elevID,0,  pos,-1,  cmd, goto,-2
976.0,Elevator call,975.8361202753667,0,-1,1,1, got allocated to elevator, 1
979.0,Elevator call,978.5925148564796,10,0,1,0, got allocated to elevator, 0
979.0,Elevator call,978.6210500641439,10,-1,1,0, got allocated to elevator, 0
985.0,Elevator call,984.1840185574983,7,0,1,0, got allocated to elevator, 0
985.0,Elev,1,  arrived at dest, 0, this call is done!, Elevator call,972.8032126022729,1,0,3,1, Done, dt, 12.196787397727121
985.0,Elev,1,  arrived at src, 0, Elevator call,975.8361202753667,0,-1,2,1
985.0, elevID,1,  pos,0,  cmd, goto,0
986.0,Elev,0,  arrived at dest, -2, this call is done!, Elevator call,886.5649993239458,-1,-2,3,0, Done, dt, 99.43500067605419
986.0, elevID,0,  pos,-2,  cmd, goto,6
986.0, elevID,1,  pos,0,  cmd, goto,-1
997.0,Elev,1,  arrived at dest, -1, this call is done!, Elevator call,975.8361202753667,0,-1,3,1, Done, dt, 21.16387972463326
1000.0,************* Simulation Ended ************
Code Owners,342615648,207029786,  Case,2,  Total waiting time: 6904.792822120195,  average waiting time per call: 69.04792822120194,  unCompleted calls,8,  certificate, -2465511085
